[2018-03-01 01:56:30] sql.INFO: select `id`, `news_title`, `news_time` from `system_news` where `news_type` = ? order by `news_order` asc, `news_time` desc limit 7 [44.46ms] ["announce"] []
[2018-03-01 01:56:30] sql.INFO: select `id`, `news_title`, `news_time` from `system_news` where `news_type` = ? order by `news_order` asc, `news_time` desc limit 4 [45.04ms] ["news"] []
[2018-03-01 01:56:30] sql.INFO: select `id`, `news_title`, `news_time` from `system_news` where `news_type` = ? order by `news_order` asc, `news_time` desc limit 7 [45.2ms] ["edu"] []
[2018-03-01 01:56:30] sql.INFO: select `id`, `news_title`, `news_time` from `system_news` where `news_type` = ? order by `news_order` asc, `news_time` desc limit 7 [44.89ms] ["notice"] []
[2018-03-01 01:56:30] sql.INFO: select count(*) as aggregate from `system_userinfo` [45.18ms] [] []
[2018-03-01 01:56:30] sql.INFO: select * from `system_attribute` where `identity` = ? limit 1 [44.73ms] ["addUserNum"] []
[2018-03-01 01:56:30] sql.INFO: select * from `system_banner` where `type_id` = ? and `status` = ? order by `banner_order` asc, `addtime` desc [44.57ms] [1,1] []
[2018-03-01 01:56:30] sql.INFO: select sum(`zongEr`) as aggregate from `work_oddinterest` where `status` = ? [44.15ms] [0] []
[2018-03-01 01:56:30] sql.INFO: select sum(`oddMoney`) as aggregate from `work_odd` where `oddType` <> ? and `progress` in (?, ?, ?) and `oddRehearTime` between ? and ? [44.94ms] ["special","run","end","review","2018-02-28 00:00:00","2018-02-28 23:59:59"] []
[2018-03-01 01:56:30] sql.INFO: select sum(`oddMoney`) as aggregate from `work_odd` where `oddType` <> ? and `progress` in (?, ?, ?) [44.5ms] ["special","run","end","review"] []
[2018-03-01 01:56:30] sql.INFO: select sum(`investmoney`) as aggregate from `user_oldinvest` [45.45ms] [] []
[2018-03-01 01:56:30] sql.INFO: select `oddNumber`, `oddTitle`, `oddReward`, `investType`, `progress`, `addtime`, `oddMoney`, `oddYearRate`, `oddType`, `oddStyle`, `oddBorrowPeriod`, `oddBorrowStyle`, `openTime`, `lookstatus`, `userId` from `work_odd` where `progress` in (?, ?, ?) and `lookstatus` = ? and appointUserId=? and `oddStyle` = ? order by field(progress, ?, ?, ?, ?, ?), `oddTrialTime` desc limit 2 [46.05ms] ["start","review","run","1","","newhand","prep","start","review","run","end"] []
[2018-03-01 01:56:31] sql.INFO: select `oddNumber`, `oddTitle`, `oddReward`, `investType`, `progress`, `addtime`, `oddMoney`, `oddYearRate`, `oddType`, `oddStyle`, `oddBorrowPeriod`, `oddBorrowStyle`, `openTime`, `lookstatus`, `userId` from `work_odd` where `progress` in (?, ?, ?) and `lookstatus` = ? and appointUserId=? and `oddType` = ? and `oddStyle` = ? order by field(progress, ?, ?, ?, ?, ?), `oddTrialTime` desc limit 5 [45.37ms] ["start","review","run","1","","house-mor","normal","prep","start","review","run","end"] []
[2018-03-01 01:56:31] sql.INFO: select count(*) as aggregate from `work_odd` where `progress` = ? and `lookstatus` = ? and (`oddType` = ? and `oddStyle` = ?) and appointUserId=? [45.49ms] ["start",1,"house-mor","normal",""] []
[2018-03-01 01:56:31] sql.INFO: select `oddNumber`, `oddTitle`, `oddReward`, `investType`, `progress`, `addtime`, `oddMoney`, `oddYearRate`, `oddType`, `oddStyle`, `oddBorrowPeriod`, `oddBorrowStyle`, `openTime`, `lookstatus`, `userId` from `work_odd` where `progress` in (?, ?, ?) and `lookstatus` = ? and appointUserId=? and `oddType` = ? and `oddStyle` = ? order by field(progress, ?, ?, ?, ?, ?), `oddTrialTime` desc limit 5 [48.67ms] ["start","review","run","1","","auto-ins","normal","prep","start","review","run","end"] []
[2018-03-01 01:56:31] sql.INFO: select count(*) as aggregate from `work_odd` where `progress` = ? and `lookstatus` = ? and (`oddType` = ? and `oddStyle` = ?) and appointUserId=? [48.77ms] ["start",1,"auto-ins","normal",""] []
[2018-03-01 01:56:31] sql.INFO: select * from `work_creditass` where `work_creditass`.`progress` <> ? order by field(work_creditass.progress, ?, ?), `work_creditass`.`addtime` desc limit 5 [44.8ms] ["fail","start","run"] []
[2018-03-01 01:56:31] sql.INFO: select * from `work_odd` where `work_odd`.`oddNumber` in (?, ?, ?, ?, ?) [46.5ms] ["20180124000004","20180126000002","20180102000001","20171201000009","20171122000008"] []
[2018-03-01 01:56:31] sql.INFO: select * from `work_oddinterest` where `work_oddinterest`.`oddNumber` in (?, ?, ?, ?, ?) [46.03ms] ["20171122000008","20171201000009","20180102000001","20180124000004","20180126000002"] []
[2018-03-01 01:56:31] sql.INFO: select * from `work_oddmoney` where `work_oddmoney`.`id` in (?, ?, ?, ?, ?) [44.83ms] [113,121,107,93,23] []
[2018-03-01 01:56:31] sql.INFO: select * from `work_oddinterest_invest` where `work_oddinterest_invest`.`oddMoneyId` in (?, ?, ?, ?, ?) [46.08ms] [23,93,107,113,121] []
[2018-03-01 01:56:31] sql.INFO: select count(*) as aggregate from `work_creditass` where `progress` = ? and not exists (select * from `work_oddinterest_invest` where `work_oddinterest_invest`.`oddMoneyId` = `work_creditass`.`oddmoneyId` and `endtime` >= ? and `endtime` <= ?) [44.82ms] ["start","2018-03-01 00:00:00","2018-03-01 23:59:59"] []
[2018-03-01 01:56:31] sql.INFO: select * from `system_link` where `link_status` = ? and `link_type` = ? order by `link_sort` desc [45.17ms] [1,"link"] []
[2018-03-01 01:56:31] sql.INFO: select sum(`interest`) as aggregate from `work_oddinterest_invest` where `status` in (?, ?, ?) [44.29ms] [1,3,4] []
[2018-03-01 01:56:31] sql.INFO: select sum(oddMoney) dayOpenMoney, count(1) dayOpenCount from `work_odd` where `openTime` like ? and `progress` in (?, ?, ?, ?) limit 1 [44.12ms] ["2018-03-01%","start","review","run","end"] []
[2018-03-01 01:56:31] sql.INFO: select * from `system_news` where (`news_type` = ?) order by `news_time` desc limit 1 [46.37ms] ["announce"] []
[2018-03-01 01:56:31] sql.INFO: select sum(money) tmoney, `type`, `day`, `news_id` from `system_expect_odds` where `system_expect_odds`.`news_id` in (?) group by `type` [44.47ms] [9140] []
[2018-03-01 01:56:31] sql.INFO: select * from `system_attribute` where identity in (?,?,?) [45.02ms] ["title","keywords","description"] []
[2018-03-01 01:56:31] sql.INFO: select * from `system_userinfo` where `system_userinfo`.`userId` = ? limit 1 [47.85ms] ["2000000002"] []
[2018-03-01 01:56:32] sql.INFO: select * from `system_userinfo` where `system_userinfo`.`userId` = ? limit 1 [47.1ms] ["2000000002"] []
[2018-03-01 01:56:32] sql.INFO: select * from `system_userinfo` where `system_userinfo`.`userId` = ? limit 1 [47.01ms] ["2000000002"] []
[2018-03-01 01:56:32] sql.INFO: select * from `system_userinfo` where `system_userinfo`.`userId` = ? limit 1 [47.37ms] ["2000000002"] []
[2018-03-01 01:56:32] sql.INFO: select * from `system_userinfo` where `system_userinfo`.`userId` = ? limit 1 [48.85ms] ["2000000153"] []
[2018-03-01 01:56:32] sql.INFO: select * from `system_userinfo` where `system_userinfo`.`userId` = ? limit 1 [47.07ms] ["2000000002"] []
[2018-03-01 01:56:32] sql.INFO: select * from `system_userinfo` where `system_userinfo`.`userId` = ? limit 1 [47ms] ["2000000008"] []
[2018-03-01 01:56:32] sql.INFO: select * from `system_userinfo` where `system_userinfo`.`userId` = ? limit 1 [47.25ms] ["2000000006"] []
[2018-03-01 01:56:32] sql.INFO: select * from `system_userinfo` where `system_userinfo`.`userId` = ? limit 1 [47.29ms] ["2000000007"] []
[2018-03-01 01:56:32] sql.INFO: select * from `system_userinfo` where `system_userinfo`.`userId` = ? limit 1 [47.1ms] ["2000000006"] []
[2018-03-01 06:19:04] sql.INFO: select `id`, `news_title`, `news_time` from `system_news` where `news_type` = ? order by `news_order` asc, `news_time` desc limit 7 [38.34ms] ["announce"] []
[2018-03-01 06:19:04] sql.INFO: select `id`, `news_title`, `news_time` from `system_news` where `news_type` = ? order by `news_order` asc, `news_time` desc limit 4 [38.98ms] ["news"] []
[2018-03-01 06:19:04] sql.INFO: select `id`, `news_title`, `news_time` from `system_news` where `news_type` = ? order by `news_order` asc, `news_time` desc limit 7 [38.87ms] ["edu"] []
[2018-03-01 06:19:04] sql.INFO: select `id`, `news_title`, `news_time` from `system_news` where `news_type` = ? order by `news_order` asc, `news_time` desc limit 7 [38.56ms] ["notice"] []
[2018-03-01 06:19:04] sql.INFO: select count(*) as aggregate from `system_userinfo` [37.39ms] [] []
[2018-03-01 06:19:04] sql.INFO: select * from `system_attribute` where `identity` = ? limit 1 [38.19ms] ["addUserNum"] []
[2018-03-01 06:19:04] sql.INFO: select * from `system_banner` where `type_id` = ? and `status` = ? order by `banner_order` asc, `addtime` desc [38.36ms] [1,1] []
[2018-03-01 06:19:04] sql.INFO: select sum(`zongEr`) as aggregate from `work_oddinterest` where `status` = ? [37.95ms] [0] []
[2018-03-01 06:19:04] sql.INFO: select sum(`oddMoney`) as aggregate from `work_odd` where `oddType` <> ? and `progress` in (?, ?, ?) and `oddRehearTime` between ? and ? [38.38ms] ["special","run","end","review","2018-02-28 00:00:00","2018-02-28 23:59:59"] []
[2018-03-01 06:19:04] sql.INFO: select sum(`oddMoney`) as aggregate from `work_odd` where `oddType` <> ? and `progress` in (?, ?, ?) [38.55ms] ["special","run","end","review"] []
[2018-03-01 06:19:04] sql.INFO: select sum(`investmoney`) as aggregate from `user_oldinvest` [38.07ms] [] []
[2018-03-01 06:19:04] sql.INFO: select `oddNumber`, `oddTitle`, `oddReward`, `investType`, `progress`, `addtime`, `oddMoney`, `oddYearRate`, `oddType`, `oddStyle`, `oddBorrowPeriod`, `oddBorrowStyle`, `openTime`, `lookstatus`, `userId` from `work_odd` where `progress` in (?, ?, ?) and `lookstatus` = ? and appointUserId=? and `oddStyle` = ? order by field(progress, ?, ?, ?, ?, ?), `oddTrialTime` desc limit 2 [39.21ms] ["start","review","run","1","","newhand","prep","start","review","run","end"] []
[2018-03-01 06:19:04] sql.INFO: select `oddNumber`, `oddTitle`, `oddReward`, `investType`, `progress`, `addtime`, `oddMoney`, `oddYearRate`, `oddType`, `oddStyle`, `oddBorrowPeriod`, `oddBorrowStyle`, `openTime`, `lookstatus`, `userId` from `work_odd` where `progress` in (?, ?, ?) and `lookstatus` = ? and appointUserId=? and `oddType` = ? and `oddStyle` = ? order by field(progress, ?, ?, ?, ?, ?), `oddTrialTime` desc limit 5 [39.7ms] ["start","review","run","1","","house-mor","normal","prep","start","review","run","end"] []
[2018-03-01 06:19:04] sql.INFO: select count(*) as aggregate from `work_odd` where `progress` = ? and `lookstatus` = ? and (`oddType` = ? and `oddStyle` = ?) and appointUserId=? [38.58ms] ["start",1,"house-mor","normal",""] []
[2018-03-01 06:19:04] sql.INFO: select `oddNumber`, `oddTitle`, `oddReward`, `investType`, `progress`, `addtime`, `oddMoney`, `oddYearRate`, `oddType`, `oddStyle`, `oddBorrowPeriod`, `oddBorrowStyle`, `openTime`, `lookstatus`, `userId` from `work_odd` where `progress` in (?, ?, ?) and `lookstatus` = ? and appointUserId=? and `oddType` = ? and `oddStyle` = ? order by field(progress, ?, ?, ?, ?, ?), `oddTrialTime` desc limit 5 [39.23ms] ["start","review","run","1","","auto-ins","normal","prep","start","review","run","end"] []
[2018-03-01 06:19:04] sql.INFO: select count(*) as aggregate from `work_odd` where `progress` = ? and `lookstatus` = ? and (`oddType` = ? and `oddStyle` = ?) and appointUserId=? [38.85ms] ["start",1,"auto-ins","normal",""] []
[2018-03-01 06:19:05] sql.INFO: select * from `work_creditass` where `work_creditass`.`progress` <> ? order by field(work_creditass.progress, ?, ?), `work_creditass`.`addtime` desc limit 5 [40.24ms] ["fail","start","run"] []
[2018-03-01 06:19:05] sql.INFO: select * from `work_odd` where `work_odd`.`oddNumber` in (?, ?, ?, ?, ?) [40.34ms] ["20180124000004","20180126000002","20180102000001","20171201000009","20171122000008"] []
[2018-03-01 06:19:05] sql.INFO: select * from `work_oddinterest` where `work_oddinterest`.`oddNumber` in (?, ?, ?, ?, ?) [39.93ms] ["20171122000008","20171201000009","20180102000001","20180124000004","20180126000002"] []
[2018-03-01 06:19:05] sql.INFO: select * from `work_oddmoney` where `work_oddmoney`.`id` in (?, ?, ?, ?, ?) [38.86ms] [113,121,107,93,23] []
[2018-03-01 06:19:05] sql.INFO: select * from `work_oddinterest_invest` where `work_oddinterest_invest`.`oddMoneyId` in (?, ?, ?, ?, ?) [44.63ms] [23,93,107,113,121] []
[2018-03-01 06:19:05] sql.INFO: select count(*) as aggregate from `work_creditass` where `progress` = ? and not exists (select * from `work_oddinterest_invest` where `work_oddinterest_invest`.`oddMoneyId` = `work_creditass`.`oddmoneyId` and `endtime` >= ? and `endtime` <= ?) [55.01ms] ["start","2018-03-01 00:00:00","2018-03-01 23:59:59"] []
[2018-03-01 06:19:05] sql.INFO: select * from `system_link` where `link_status` = ? and `link_type` = ? order by `link_sort` desc [47.94ms] [1,"link"] []
[2018-03-01 06:19:05] sql.INFO: select sum(`interest`) as aggregate from `work_oddinterest_invest` where `status` in (?, ?, ?) [39.36ms] [1,3,4] []
[2018-03-01 06:19:05] sql.INFO: select sum(oddMoney) dayOpenMoney, count(1) dayOpenCount from `work_odd` where `openTime` like ? and `progress` in (?, ?, ?, ?) limit 1 [40.59ms] ["2018-03-01%","start","review","run","end"] []
[2018-03-01 06:19:05] sql.INFO: select * from `system_news` where (`news_type` = ?) order by `news_time` desc limit 1 [39.41ms] ["announce"] []
[2018-03-01 06:19:05] sql.INFO: select sum(money) tmoney, `type`, `day`, `news_id` from `system_expect_odds` where `system_expect_odds`.`news_id` in (?) group by `type` [37.99ms] [9140] []
[2018-03-01 06:19:05] sql.INFO: select * from `system_attribute` where identity in (?,?,?) [38.5ms] ["title","keywords","description"] []
[2018-03-01 06:19:05] sql.INFO: select * from `system_userinfo` where `system_userinfo`.`userId` = ? limit 1 [40.66ms] ["2000000002"] []
[2018-03-01 06:19:05] sql.INFO: select * from `system_userinfo` where `system_userinfo`.`userId` = ? limit 1 [41ms] ["2000000002"] []
[2018-03-01 06:19:05] sql.INFO: select * from `system_userinfo` where `system_userinfo`.`userId` = ? limit 1 [40.75ms] ["2000000002"] []
[2018-03-01 06:19:05] sql.INFO: select * from `system_userinfo` where `system_userinfo`.`userId` = ? limit 1 [40.93ms] ["2000000002"] []
[2018-03-01 06:19:05] sql.INFO: select * from `system_userinfo` where `system_userinfo`.`userId` = ? limit 1 [40.96ms] ["2000000153"] []
[2018-03-01 06:19:06] sql.INFO: select * from `system_userinfo` where `system_userinfo`.`userId` = ? limit 1 [42ms] ["2000000002"] []
[2018-03-01 06:19:06] sql.INFO: select * from `system_userinfo` where `system_userinfo`.`userId` = ? limit 1 [40.97ms] ["2000000008"] []
[2018-03-01 06:19:06] sql.INFO: select * from `system_userinfo` where `system_userinfo`.`userId` = ? limit 1 [40.9ms] ["2000000006"] []
[2018-03-01 06:19:06] sql.INFO: select * from `system_userinfo` where `system_userinfo`.`userId` = ? limit 1 [40.5ms] ["2000000007"] []
[2018-03-01 06:19:06] sql.INFO: select * from `system_userinfo` where `system_userinfo`.`userId` = ? limit 1 [41.88ms] ["2000000006"] []
[2018-03-01 06:19:07] sql.INFO: select * from `auth_actions` where `domain` = ? and `module` = ? and `link` = ? limit 1 [27.01ms] ["user","Index","/login/index"] []
[2018-03-01 06:19:07] sql.INFO: select * from `system_attribute` where identity in (?,?,?) [27ms] ["title","keywords","description"] []
[2018-03-01 06:19:11] sql.INFO: select * from `auth_actions` where `domain` = ? and `module` = ? and `link` = ? limit 1 [38.37ms] ["user","Index","/common/ajaxsendsms"] []
[2018-03-01 06:19:11] sql.INFO: select * from `system_smslog` where `phone` = ? and `type` = ? order by `sendTime` desc limit 1 [38.81ms] ["13774770527","login"] []
[2018-03-01 06:19:11] sql.INFO: select count(*) as aggregate from `system_smslog` where `phone` = ? and `sendTime` >= ? and `sendTime` <= ? [38.93ms] ["13774770527","2018-03-01 00:00:00","2018-03-01 23:59:59"] []
[2018-03-01 06:19:11] sql.INFO: select count(*) as aggregate from `system_smslog` where `ip` = ? and `sendTime` >= ? and `sendTime` <= ? [38.57ms] [2130706433,"2018-03-01 00:00:00","2018-03-01 23:59:59"] []
[2018-03-01 06:19:12] sql.INFO: insert into `system_smslog` (`result`, `userId`, `phone`, `content`, `sendCode`, `type`, `sendTime`, `ip`) values (?, ?, ?, ?, ?, ?, ?, ?) [47.95ms] ["SUCCESS","","13774770527","手机验证码：298486。您正在执行登录操作。该验证码在15分钟内有效。如非本人操作，请忽略此短信。","298486","login","2018-03-01 06:19:12",2130706433] []
[2018-03-01 06:19:25] sql.INFO: select * from `auth_actions` where `domain` = ? and `module` = ? and `link` = ? limit 1 [45.26ms] ["user","Index","/login/submit"] []
[2018-03-01 06:19:25] sql.INFO: select * from `system_smslog` where `phone` = ? and `type` = ? order by `sendTime` desc limit 1 [46.37ms] ["13774770527","login"] []
[2018-03-01 06:19:25] sql.INFO: select * from `system_userinfo` where `username` = ? limit 1 [47.88ms] ["13774770527"] []
[2018-03-01 06:19:25] sql.INFO: insert into `user_login_log` (`loginIp`, `userId`, `loginTime`) values (?, ?, ?) [44.81ms] ["127.0.0.1","2000000035","2018-03-01 06:19:25"] []
[2018-03-01 06:19:25] sql.INFO: select `webmailId` from `system_user_webmail` where `username` = ? [44.72ms] ["13774770527"] []
[2018-03-01 06:19:25] sql.INFO: select `id` from `system_webmail` where (receiveUser=? or sendType=?) and 1 = 1 [44.45ms] ["13774770527",1] []
[2018-03-01 06:19:25] sql.INFO: select * from `system_userinfo` where `userId` = ? limit 1 [30.02ms] ["2000000035"] []
[2018-03-01 06:19:25] sql.INFO: select * from `auth_actions` where `domain` = ? and `module` = ? and `link` = ? limit 1 [27.83ms] ["user","Index","/account/index"] []
[2018-03-01 06:19:25] sql.INFO: select sum(`recover_account_interest_yes`) as aggregate from `system_oldinvest` where `user_id` = ? and `tender_status` = ? [27.58ms] ["2000000035",1] []
[2018-03-01 06:19:25] sql.INFO: select sum(`money`) as aggregate from `user_oldlog` where `user_id` = ? and `type` = ? [27.07ms] ["2000000035","tender_recover_fee_service"] []
[2018-03-01 06:19:26] sql.INFO: select sum(serviceMoney) as hasSC, sum(realinterest) as hasInterest from `work_oddinterest_invest` where `status` <> ? and `oddMoneyId` in (select `id` from `work_oddmoney` where `userId` = ?) limit 1 [27.25ms] [0,"2000000035"] []
[2018-03-01 06:19:26] sql.INFO: select sum(benJin) as stayPrincipal, sum(interest) as stayInterest from `work_oddinterest_invest` where `status` = ? and `oddMoneyId` in (select `id` from `work_oddmoney` where `userId` = ?) and `oddNumber` in (select `oddNumber` from `work_odd` where `oddType` <> ?) limit 1 [30.2ms] [0,"2000000035","special"] []
[2018-03-01 06:19:26] sql.INFO: select sum(`benJin`) as aggregate from `work_oddinterest` where `userId` = ? and `status` = ? [27.2ms] ["2000000035",0] []
[2018-03-01 06:19:26] sql.INFO: select sum(`interest`) as aggregate from `work_oddinterest` where `userId` = ? and `status` = ? [26.68ms] ["2000000035",0] []
[2018-03-01 06:19:26] sql.INFO: select sum(`recover_account_interest_yes`) as aggregate from `system_oldinvest` where `user_id` = ? and `tender_status` = ? [26.84ms] ["2000000035",1] []
[2018-03-01 06:19:26] sql.INFO: select sum(`realinterest`) as aggregate from `work_oddinterest_invest` where `status` in (?, ?, ?) and `oddMoneyId` in (select `id` from `work_oddmoney` where `userId` = ?) [27.78ms] [1,3,4,"2000000035"] []
[2018-03-01 06:19:26] sql.INFO: select * from `user_vip` where `userId` = ? limit 1 [29.32ms] ["2000000035"] []
[2018-03-01 06:19:26] sql.INFO: select count(*) as aggregate from `user_redpack` where `userId` = ? and `type` = ? and `status` = ? [307.09ms] ["2000000035","rpk-newuser",1] []
[2018-03-01 06:19:26] sql.INFO: select sum(`money`) as aggregate from `work_oddmoney` where `userId` = ? and `status` = ? and (type=? or (type=? and time<?)) and exists (select * from `work_odd` where `work_oddmoney`.`oddNumber` = `work_odd`.`oddNumber` and `oddBorrowStyle` = ?) [27.46ms] ["2000000035","1","invest","credit","2018-01-30 06:19:26","month"] []
[2018-03-01 06:19:26] sql.INFO: select * from `user_oldinvest` where (`userId` = ?) limit 1 [27.49ms] ["2000000035"] []
[2018-03-01 06:19:26] sql.INFO: select sum(`money`) as aggregate from `work_oddmoney` where `userId` = ? and `status` = ? and `type` = ? and exists (select * from `work_odd` where `work_oddmoney`.`oddNumber` = `work_odd`.`oddNumber` and `oddBorrowStyle` = ?) [27.65ms] ["2000000035","1","invest","month"] []
[2018-03-01 06:19:26] sql.INFO: select sum(extra) as extraMoney, sum(subsidy) as subsidyMoney from `work_oddinterest_invest` where `status` <> ? and `userId` = ? limit 1 [26.93ms] [2,"2000000035"] []
[2018-03-01 06:19:26] sql.INFO: select sum(benJin) totalCapital, sum(interest)+sum(reward) totalInterest from `work_oddinterest_invest` where `userId` = ? and `status` = ? and exists (select * from `work_oddmoney` where `work_oddinterest_invest`.`oddMoneyId` = `work_oddmoney`.`id` and `type` = ?) limit 1 [27.35ms] ["2000000035",0,"credit"] []
[2018-03-01 06:19:26] sql.INFO: select sum(benJin) totalCapital, sum(interest)+sum(reward) totalInterest from `work_oddinterest_invest` where `userId` = ? and `status` = ? and exists (select * from `work_oddmoney` where `work_oddinterest_invest`.`oddMoneyId` = `work_oddmoney`.`id` and `type` = ?) limit 1 [27.71ms] ["2000000035",0,"invest"] []
[2018-03-01 06:19:26] sql.INFO: select count(*) as aggregate from `system_lotteries` where `userId` = ? and `status` = ? and `endtime` > ? [28.41ms] ["2000000035",1,"2018-03-01 06:19:26"] []
[2018-03-01 06:19:26] sql.INFO: select * from `system_attribute` where identity in (?,?,?) [27.43ms] ["title","keywords","description"] []
[2018-03-01 06:19:27] sql.INFO: select * from `system_userinfo` where `userId` = ? limit 1 [35.51ms] ["2000000035"] []
[2018-03-01 06:19:27] sql.INFO: select * from `auth_actions` where `domain` = ? and `module` = ? and `link` = ? limit 1 [34.05ms] ["user","Index","/account/ajaxrepayments"] []
[2018-03-01 06:19:27] sql.INFO: select * from `work_oddinterest_invest` where `userId` = ? and `status` <> ? and `zongEr` > ? and ((status=0 and endtime>=? and endtime<=?) or (status<>0 and operatetime>=? and operatetime<=?)) [34.81ms] ["2000000035",2,0,"2018-03-01 00:00:00","2018-03-31 23:59:59","2018-03-01 00:00:00","2018-03-31 23:59:59"] []
[2018-03-01 06:19:27] sql.INFO: select * from `system_userinfo` where `userId` = ? limit 1 [28.89ms] ["2000000035"] []
[2018-03-01 06:19:27] sql.INFO: select * from `auth_actions` where `domain` = ? and `module` = ? and `link` = ? limit 1 [26.65ms] ["user","Index","/account/getrepayment"] []
[2018-03-01 06:19:27] sql.INFO: select * from `work_oddinterest_invest` where (`userId` = ? and `status` = ?) and `endtime` > ? order by `endtime` asc limit 1 [28.17ms] ["2000000035",0,"2018-03-01 00:00:00"] []
[2018-03-01 06:19:27] sql.INFO: select * from `work_oddinterest_invest` where `userId` = ? and ((status=0 and endtime>=? and endtime<=?) or (status<>0 and operatetime>=? and operatetime<=?)) [26.12ms] ["2000000035","2018-03-01 00:00:00","2018-03-01 23:59:59","2018-03-01 00:00:00","2018-03-01 23:59:59"] []
[2018-03-01 06:19:32] sql.INFO: select * from `system_userinfo` where `userId` = ? limit 1 [46.26ms] ["2000000035"] []
[2018-03-01 06:19:32] sql.INFO: select * from `auth_actions` where `domain` = ? and `module` = ? and `link` = ? limit 1 [44.43ms] ["user","Index","/user/safe"] []
[2018-03-01 06:19:32] sql.INFO: select * from `system_attribute` where identity in (?,?,?) [44.67ms] ["title","keywords","description"] []
[2018-03-01 06:19:35] sql.INFO: select * from `system_userinfo` where `userId` = ? limit 1 [46.35ms] ["2000000035"] []
[2018-03-01 06:19:35] sql.INFO: select * from `auth_actions` where `domain` = ? and `module` = ? and `link` = ? limit 1 [44.77ms] ["user","Index","/account/closemessage"] []
[2018-03-01 06:24:54] sql.INFO: select * from `system_userinfo` where `userId` = ? limit 1 [34.48ms] ["2000000035"] []
[2018-03-01 06:24:54] sql.INFO: select * from `auth_actions` where `domain` = ? and `module` = ? and `link` = ? limit 1 [32.43ms] ["user","Index","/user/safe"] []
[2018-03-01 06:24:54] sql.INFO: select * from `system_attribute` where identity in (?,?,?) [33.28ms] ["title","keywords","description"] []
[2018-03-01 06:24:57] sql.INFO: select * from `system_userinfo` where `userId` = ? limit 1 [46.99ms] ["2000000035"] []
[2018-03-01 06:24:57] sql.INFO: select * from `auth_actions` where `domain` = ? and `module` = ? and `link` = ? limit 1 [45.16ms] ["user","Index","/user/safe"] []
[2018-03-01 06:24:57] sql.INFO: select * from `system_attribute` where identity in (?,?,?) [45.04ms] ["title","keywords","description"] []
[2018-03-01 06:25:32] sql.INFO: select * from `system_userinfo` where `userId` = ? limit 1 [46.25ms] ["2000000035"] []
[2018-03-01 06:25:32] sql.INFO: select * from `auth_actions` where `domain` = ? and `module` = ? and `link` = ? limit 1 [44.78ms] ["user","Index","/user/safe"] []
[2018-03-01 06:25:32] sql.INFO: select * from `system_attribute` where identity in (?,?,?) [45.92ms] ["title","keywords","description"] []
[2018-03-01 06:25:52] sql.INFO: select * from `system_userinfo` where `userId` = ? limit 1 [46.25ms] ["2000000035"] []
[2018-03-01 06:25:53] sql.INFO: select * from `auth_actions` where `domain` = ? and `module` = ? and `link` = ? limit 1 [44.9ms] ["user","Index","/user/safe"] []
[2018-03-01 06:25:53] sql.INFO: select * from `system_attribute` where identity in (?,?,?) [44.86ms] ["title","keywords","description"] []
[2018-03-01 06:26:05] sql.INFO: select * from `system_userinfo` where `userId` = ? limit 1 [35.72ms] ["2000000035"] []
[2018-03-01 06:26:05] sql.INFO: select * from `auth_actions` where `domain` = ? and `module` = ? and `link` = ? limit 1 [35ms] ["user","Index","/account/closemessage"] []
[2018-03-01 06:30:12] sql.INFO: select * from `system_userinfo` where `userId` = ? limit 1 [29.82ms] ["2000000035"] []
[2018-03-01 06:30:12] sql.INFO: select * from `auth_actions` where `domain` = ? and `module` = ? and `link` = ? limit 1 [27.11ms] ["user","Index","/user/safe"] []
[2018-03-01 06:30:12] sql.INFO: select * from `system_attribute` where identity in (?,?,?) [27.64ms] ["title","keywords","description"] []
[2018-03-01 06:30:32] sql.INFO: select * from `system_userinfo` where `userId` = ? limit 1 [28.78ms] ["2000000035"] []
[2018-03-01 06:30:32] sql.INFO: select * from `auth_actions` where `domain` = ? and `module` = ? and `link` = ? limit 1 [27.24ms] ["user","Index","/user/safe"] []
[2018-03-01 06:30:32] sql.INFO: select * from `system_attribute` where identity in (?,?,?) [27.45ms] ["title","keywords","description"] []
[2018-03-01 06:30:45] sql.INFO: select * from `system_userinfo` where `userId` = ? limit 1 [35.41ms] ["2000000035"] []
[2018-03-01 06:30:45] sql.INFO: select * from `auth_actions` where `domain` = ? and `module` = ? and `link` = ? limit 1 [35.47ms] ["user","Index","/user/safe"] []
[2018-03-01 06:30:45] sql.INFO: select * from `system_attribute` where identity in (?,?,?) [34.55ms] ["title","keywords","description"] []
[2018-03-01 06:30:53] sql.INFO: select * from `system_userinfo` where `userId` = ? limit 1 [28.74ms] ["2000000035"] []
[2018-03-01 06:30:53] sql.INFO: select * from `auth_actions` where `domain` = ? and `module` = ? and `link` = ? limit 1 [27.18ms] ["user","Index","/user/safe"] []
[2018-03-01 06:30:53] sql.INFO: select * from `system_attribute` where identity in (?,?,?) [27.33ms] ["title","keywords","description"] []
[2018-03-01 06:31:10] sql.INFO: select * from `system_userinfo` where `userId` = ? limit 1 [40.36ms] ["2000000035"] []
[2018-03-01 06:31:10] sql.INFO: select * from `auth_actions` where `domain` = ? and `module` = ? and `link` = ? limit 1 [38.35ms] ["user","Index","/user/safe"] []
[2018-03-01 06:31:10] sql.INFO: select * from `system_attribute` where identity in (?,?,?) [38.27ms] ["title","keywords","description"] []
[2018-03-01 06:31:38] sql.INFO: select * from `system_userinfo` where `userId` = ? limit 1 [47.04ms] ["2000000035"] []
[2018-03-01 06:31:38] sql.INFO: select * from `auth_actions` where `domain` = ? and `module` = ? and `link` = ? limit 1 [45.25ms] ["user","Index","/user/safe"] []
[2018-03-01 06:31:38] sql.INFO: select * from `system_attribute` where identity in (?,?,?) [46.08ms] ["title","keywords","description"] []
[2018-03-01 06:32:45] sql.INFO: select * from `system_userinfo` where `userId` = ? limit 1 [41.26ms] ["2000000035"] []
[2018-03-01 06:32:45] sql.INFO: select * from `auth_actions` where `domain` = ? and `module` = ? and `link` = ? limit 1 [38.57ms] ["user","Index","/user/safe"] []
[2018-03-01 06:32:45] sql.INFO: select * from `system_attribute` where identity in (?,?,?) [39.13ms] ["title","keywords","description"] []
[2018-03-01 06:34:01] sql.INFO: select * from `system_userinfo` where `userId` = ? limit 1 [28.81ms] ["2000000035"] []
[2018-03-01 06:34:01] sql.INFO: select * from `auth_actions` where `domain` = ? and `module` = ? and `link` = ? limit 1 [26.67ms] ["user","Index","/user/safe"] []
[2018-03-01 06:34:01] sql.INFO: select * from `system_attribute` where identity in (?,?,?) [27.21ms] ["title","keywords","description"] []
[2018-03-01 06:34:07] sql.INFO: select * from `system_userinfo` where `userId` = ? limit 1 [47.18ms] ["2000000035"] []
[2018-03-01 06:34:07] sql.INFO: select * from `auth_actions` where `domain` = ? and `module` = ? and `link` = ? limit 1 [44.82ms] ["user","Index","/account/closemessage"] []
[2018-03-01 06:34:20] sql.INFO: select * from `system_userinfo` where `userId` = ? limit 1 [48.17ms] ["2000000035"] []
[2018-03-01 06:34:20] sql.INFO: select * from `auth_actions` where `domain` = ? and `module` = ? and `link` = ? limit 1 [44.88ms] ["user","Index","/account/closemessage"] []
[2018-03-01 06:34:23] sql.INFO: select * from `system_userinfo` where `userId` = ? limit 1 [40.56ms] ["2000000035"] []
[2018-03-01 06:34:23] sql.INFO: select * from `auth_actions` where `domain` = ? and `module` = ? and `link` = ? limit 1 [39.43ms] ["user","Index","/account/closemessage"] []
[2018-03-01 06:34:57] sql.INFO: select * from `system_userinfo` where `userId` = ? limit 1 [47.11ms] ["2000000035"] []
[2018-03-01 06:34:57] sql.INFO: select * from `auth_actions` where `domain` = ? and `module` = ? and `link` = ? limit 1 [45.24ms] ["user","Index","/user/safe"] []
[2018-03-01 06:34:57] sql.INFO: select * from `system_attribute` where identity in (?,?,?) [44.6ms] ["title","keywords","description"] []
[2018-03-01 06:35:22] sql.INFO: select * from `system_userinfo` where `userId` = ? limit 1 [36.66ms] ["2000000035"] []
[2018-03-01 06:35:22] sql.INFO: select * from `auth_actions` where `domain` = ? and `module` = ? and `link` = ? limit 1 [34.47ms] ["user","Index","/user/safe"] []
[2018-03-01 06:35:22] sql.INFO: select * from `system_attribute` where identity in (?,?,?) [35.03ms] ["title","keywords","description"] []
[2018-03-01 06:35:48] sql.INFO: select * from `system_userinfo` where `userId` = ? limit 1 [28.89ms] ["2000000035"] []
[2018-03-01 06:35:48] sql.INFO: select * from `auth_actions` where `domain` = ? and `module` = ? and `link` = ? limit 1 [26.43ms] ["user","Index","/user/safe"] []
[2018-03-01 06:35:48] sql.INFO: select * from `system_attribute` where identity in (?,?,?) [26.92ms] ["title","keywords","description"] []
[2018-03-01 06:36:02] sql.INFO: select * from `system_userinfo` where `userId` = ? limit 1 [40.13ms] ["2000000035"] []
[2018-03-01 06:36:02] sql.INFO: select * from `auth_actions` where `domain` = ? and `module` = ? and `link` = ? limit 1 [39.82ms] ["user","Index","/user/safe"] []
[2018-03-01 06:36:02] sql.INFO: select * from `system_attribute` where identity in (?,?,?) [39.06ms] ["title","keywords","description"] []
[2018-03-01 06:36:05] sql.INFO: select * from `system_userinfo` where `userId` = ? limit 1 [34.5ms] ["2000000035"] []
[2018-03-01 06:36:05] sql.INFO: select * from `auth_actions` where `domain` = ? and `module` = ? and `link` = ? limit 1 [33.09ms] ["user","Index","/account/closemessage"] []
[2018-03-01 06:36:08] sql.INFO: select * from `system_userinfo` where `userId` = ? limit 1 [40.57ms] ["2000000035"] []
[2018-03-01 06:36:08] sql.INFO: select * from `auth_actions` where `domain` = ? and `module` = ? and `link` = ? limit 1 [39.14ms] ["user","Index","/user/safe"] []
[2018-03-01 06:36:08] sql.INFO: select * from `system_attribute` where identity in (?,?,?) [39.21ms] ["title","keywords","description"] []
[2018-03-01 06:36:10] sql.INFO: select * from `system_userinfo` where `userId` = ? limit 1 [35.55ms] ["2000000035"] []
[2018-03-01 06:36:10] sql.INFO: select * from `auth_actions` where `domain` = ? and `module` = ? and `link` = ? limit 1 [33.43ms] ["user","Index","/account/closemessage"] []
[2018-03-01 06:36:59] sql.INFO: select * from `system_userinfo` where `userId` = ? limit 1 [35.47ms] ["2000000035"] []
[2018-03-01 06:36:59] sql.INFO: select * from `auth_actions` where `domain` = ? and `module` = ? and `link` = ? limit 1 [33.39ms] ["user","Index","/user/safe"] []
[2018-03-01 06:36:59] sql.INFO: select * from `system_attribute` where identity in (?,?,?) [33.47ms] ["title","keywords","description"] []
[2018-03-01 06:37:07] sql.INFO: select * from `system_userinfo` where `userId` = ? limit 1 [40.38ms] ["2000000035"] []
[2018-03-01 06:37:07] sql.INFO: select * from `auth_actions` where `domain` = ? and `module` = ? and `link` = ? limit 1 [38.41ms] ["user","Index","/account/closemessage"] []
[2018-03-01 06:38:41] sql.INFO: select * from `system_userinfo` where `userId` = ? limit 1 [39.5ms] ["2000000035"] []
[2018-03-01 06:38:41] sql.INFO: select * from `auth_actions` where `domain` = ? and `module` = ? and `link` = ? limit 1 [38.78ms] ["user","Index","/user/safe"] []
[2018-03-01 06:38:41] sql.INFO: select * from `system_attribute` where identity in (?,?,?) [37.22ms] ["title","keywords","description"] []
[2018-03-01 06:38:49] sql.INFO: select * from `system_userinfo` where `userId` = ? limit 1 [46.22ms] ["2000000035"] []
[2018-03-01 06:38:49] sql.INFO: select * from `auth_actions` where `domain` = ? and `module` = ? and `link` = ? limit 1 [44.78ms] ["user","Index","/user/safe"] []
[2018-03-01 06:38:49] sql.INFO: select * from `system_attribute` where identity in (?,?,?) [45.25ms] ["title","keywords","description"] []
[2018-03-01 06:38:53] sql.INFO: select * from `system_userinfo` where `userId` = ? limit 1 [40.42ms] ["2000000035"] []
[2018-03-01 06:38:53] sql.INFO: select * from `auth_actions` where `domain` = ? and `module` = ? and `link` = ? limit 1 [39.2ms] ["user","Index","/account/closemessage"] []
