[2018-03-09 06:10:32] sql.INFO: select * from `system_userinfo` where `username` = ? limit 1 [29.64ms] ["13774770527"] []
[2018-03-09 06:10:32] sql.INFO: insert into `user_login_log` (`loginIp`, `userId`, `loginTime`) values (?, ?, ?) [28.21ms] ["127.0.0.1","2000000035","2018-03-09 06:10:32"] []
[2018-03-09 06:10:32] sql.INFO: select `webmailId` from `system_user_webmail` where `username` = ? [28.34ms] ["13774770527"] []
[2018-03-09 06:10:32] sql.INFO: select `id` from `system_webmail` where (receiveUser=? or sendType=?) and 1 = 1 [28.88ms] ["13774770527",1] []
[2018-03-09 06:10:32] sql.INFO: select `id`, `news_title`, `news_time` from `system_news` where `news_type` = ? order by `news_order` asc, `news_time` desc limit 7 [28.81ms] ["preordelay"] []
[2018-03-09 06:10:32] sql.INFO: select `id`, `news_title`, `news_time` from `system_news` where `news_type` = ? order by `news_order` asc, `news_time` desc limit 4 [29.3ms] ["news"] []
[2018-03-09 06:10:32] sql.INFO: select `id`, `news_title`, `news_time` from `system_news` where `news_type` = ? order by `news_order` asc, `news_time` desc limit 7 [28.9ms] ["edu"] []
[2018-03-09 06:10:32] sql.INFO: select `id`, `news_title`, `news_time` from `system_news` where `news_type` = ? order by `news_order` asc, `news_time` desc limit 7 [28.96ms] ["notice"] []
[2018-03-09 06:10:32] sql.INFO: select count(*) as aggregate from `system_userinfo` [28.73ms] [] []
[2018-03-09 06:10:32] sql.INFO: select * from `system_attribute` where `identity` = ? limit 1 [28.26ms] ["addUserNum"] []
[2018-03-09 06:10:32] sql.INFO: select * from `system_banner` where `type_id` = ? and `status` = ? order by `banner_order` asc, `addtime` desc [28.37ms] [1,1] []
[2018-03-09 06:10:32] sql.INFO: select sum(`zongEr`) as aggregate from `work_oddinterest` where `status` = ? [28.84ms] [0] []
[2018-03-09 06:10:32] sql.INFO: select sum(`oddMoney`) as aggregate from `work_odd` where `oddType` <> ? and `progress` in (?, ?, ?) and `oddRehearTime` between ? and ? [28.38ms] ["special","run","end","review","2018-03-08 00:00:00","2018-03-08 23:59:59"] []
[2018-03-09 06:10:32] sql.INFO: select sum(`oddMoney`) as aggregate from `work_odd` where `oddType` <> ? and `progress` in (?, ?, ?) [28.82ms] ["special","run","end","review"] []
[2018-03-09 06:10:32] sql.INFO: select sum(`investmoney`) as aggregate from `user_oldinvest` [27.19ms] [] []
[2018-03-09 06:10:32] sql.INFO: select `oddNumber`, `oddTitle`, `oddReward`, `investType`, `progress`, `addtime`, `oddMoney`, `oddYearRate`, `oddType`, `oddStyle`, `oddBorrowPeriod`, `oddBorrowStyle`, `openTime`, `lookstatus`, `userId` from `work_odd` where `progress` in (?, ?, ?) and `lookstatus` = ? and (appointUserId=? or appointUserId=?) and `oddStyle` = ? order by field(progress, ?, ?, ?, ?, ?), `oddTrialTime` desc limit 2 [29.7ms] ["start","review","run","1","2000000035","","newhand","prep","start","review","run","end"] []
[2018-03-09 06:10:32] sql.INFO: select `oddNumber`, `oddTitle`, `oddReward`, `investType`, `progress`, `addtime`, `oddMoney`, `oddYearRate`, `oddType`, `oddStyle`, `oddBorrowPeriod`, `oddBorrowStyle`, `openTime`, `lookstatus`, `userId` from `work_odd` where `progress` in (?, ?, ?) and `lookstatus` = ? and (appointUserId=? or appointUserId=?) and `oddType` = ? and `oddStyle` = ? order by field(progress, ?, ?, ?, ?, ?), `oddTrialTime` desc limit 5 [28.97ms] ["start","review","run","1","2000000035","","house-mor","normal","prep","start","review","run","end"] []
[2018-03-09 06:10:32] sql.INFO: select count(*) as aggregate from `work_odd` where `progress` = ? and `lookstatus` = ? and (`oddType` = ? and `oddStyle` = ?) and (appointUserId=? or appointUserId=?) [28.25ms] ["start",1,"house-mor","normal","2000000035",""] []
[2018-03-09 06:10:32] sql.INFO: select `oddNumber`, `oddTitle`, `oddReward`, `investType`, `progress`, `addtime`, `oddMoney`, `oddYearRate`, `oddType`, `oddStyle`, `oddBorrowPeriod`, `oddBorrowStyle`, `openTime`, `lookstatus`, `userId` from `work_odd` where `progress` in (?, ?, ?) and `lookstatus` = ? and (appointUserId=? or appointUserId=?) and `oddType` = ? and `oddStyle` = ? order by field(progress, ?, ?, ?, ?, ?), `oddTrialTime` desc limit 5 [29.84ms] ["start","review","run","1","2000000035","","auto-ins","normal","prep","start","review","run","end"] []
[2018-03-09 06:10:32] sql.INFO: select count(*) as aggregate from `work_odd` where `progress` = ? and `lookstatus` = ? and (`oddType` = ? and `oddStyle` = ?) and (appointUserId=? or appointUserId=?) [28.54ms] ["start",1,"auto-ins","normal","2000000035",""] []
[2018-03-09 06:10:32] sql.INFO: select * from `work_creditass` where `work_creditass`.`progress` <> ? order by field(work_creditass.progress, ?, ?) limit 5 [29.3ms] ["fail","start","run"] []
[2018-03-09 06:10:32] sql.INFO: select * from `work_odd` where `work_odd`.`oddNumber` in (?, ?, ?, ?) [30.4ms] ["20180124000004","20171122000008","20171126000001","20171126000002"] []
[2018-03-09 06:10:33] sql.INFO: select * from `work_oddinterest` where `work_oddinterest`.`oddNumber` in (?, ?, ?, ?) [28.96ms] ["20171122000008","20171126000001","20171126000002","20180124000004"] []
[2018-03-09 06:10:33] sql.INFO: select * from `work_oddmoney` where `work_oddmoney`.`id` in (?, ?, ?, ?, ?) [30.17ms] [113,23,63,66,62] []
[2018-03-09 06:10:33] sql.INFO: select * from `work_oddinterest_invest` where `work_oddinterest_invest`.`oddMoneyId` in (?, ?, ?, ?, ?) [29.81ms] [23,62,63,66,113] []
[2018-03-09 06:10:33] sql.INFO: select count(*) as aggregate from `work_creditass` where `progress` = ? and not exists (select * from `work_oddinterest_invest` where `work_oddinterest_invest`.`oddMoneyId` = `work_creditass`.`oddmoneyId` and `endtime` >= ? and `endtime` <= ?) [28.32ms] ["start","2018-03-09 00:00:00","2018-03-09 23:59:59"] []
[2018-03-09 06:10:33] sql.INFO: select * from `system_link` where `link_status` = ? and `link_type` = ? order by `link_sort` desc [28.7ms] [1,"link"] []
[2018-03-09 06:10:33] sql.INFO: select sum(`interest`) as aggregate from `work_oddinterest_invest` where `status` in (?, ?, ?) [27.78ms] [1,3,4] []
[2018-03-09 06:10:33] sql.INFO: select sum(oddMoney) dayOpenMoney, count(1) dayOpenCount from `work_odd` where `openTime` like ? and `progress` in (?, ?, ?, ?) limit 1 [28.7ms] ["2018-03-09%","start","review","run","end"] []
[2018-03-09 06:10:33] sql.INFO: select * from `system_news` where (`news_type` = ?) order by `news_time` desc limit 1 [29.91ms] ["announce"] []
[2018-03-09 06:10:33] sql.INFO: select sum(money) tmoney, `type`, `day`, `news_id` from `system_expect_odds` where `system_expect_odds`.`news_id` in (?) group by `type` [28.49ms] [9140] []
[2018-03-09 06:10:33] sql.INFO: select * from `system_attribute` where identity in (?,?,?) [28.83ms] ["title","keywords","description"] []
[2018-03-09 06:10:33] sql.INFO: select * from `system_lotteries` where `system_lotteries`.`userId` = ? and `system_lotteries`.`userId` is not null and `status` = ? [31.51ms] ["2000000035",1] []
[2018-03-09 06:10:33] sql.INFO: select * from `system_userinfo` where `system_userinfo`.`userId` = ? limit 1 [29.96ms] ["2000000153"] []
[2018-03-09 06:10:33] sql.INFO: select * from `system_userinfo` where `system_userinfo`.`userId` = ? limit 1 [31.39ms] ["2000000002"] []
[2018-03-09 06:10:33] sql.INFO: select * from `system_userinfo` where `system_userinfo`.`userId` = ? limit 1 [30.68ms] ["2000000002"] []
[2018-03-09 06:10:33] sql.INFO: select * from `system_userinfo` where `system_userinfo`.`userId` = ? limit 1 [30.34ms] ["2000000002"] []
[2018-03-09 06:10:33] sql.INFO: select * from `system_userinfo` where `system_userinfo`.`userId` = ? limit 1 [30.36ms] ["2000000002"] []
[2018-03-09 06:10:33] sql.INFO: select * from `system_userinfo` where `system_userinfo`.`userId` = ? limit 1 [30.27ms] ["2000000002"] []
[2018-03-09 06:10:33] sql.INFO: select * from `system_userinfo` where `system_userinfo`.`userId` = ? limit 1 [30.13ms] ["2000000008"] []
[2018-03-09 06:10:34] sql.INFO: select * from `system_userinfo` where `system_userinfo`.`userId` = ? limit 1 [30.28ms] ["2000000006"] []
[2018-03-09 06:10:34] sql.INFO: select * from `system_userinfo` where `system_userinfo`.`userId` = ? limit 1 [30.1ms] ["2000000007"] []
[2018-03-09 06:10:34] sql.INFO: select * from `system_userinfo` where `system_userinfo`.`userId` = ? limit 1 [30ms] ["2000000006"] []
[2018-03-09 06:12:52] sql.INFO: select * from `system_userinfo` where `userId` = ? limit 1 [46.37ms] ["2000000035"] []
[2018-03-09 06:12:52] sql.INFO: select * from `system_attribute` where identity in (?,?,?) [45.09ms] ["title","keywords","description"] []
[2018-03-09 06:13:04] sql.INFO: select * from `system_userinfo` where `userId` = ? limit 1 [35.59ms] ["2000000035"] []
[2018-03-09 06:13:04] sql.INFO: select * from `system_attribute` where identity in (?,?,?) [33.01ms] ["title","keywords","description"] []
[2018-03-09 06:45:17] sql.INFO: select * from `system_userinfo` where `userId` = ? limit 1 [35.91ms] ["2000000035"] []
[2018-03-09 06:45:17] sql.INFO: select * from `system_attribute` where identity in (?,?,?) [34.87ms] ["title","keywords","description"] []
[2018-03-09 06:45:27] sql.INFO: select * from `system_userinfo` where `userId` = ? limit 1 [46.47ms] ["2000000035"] []
[2018-03-09 06:45:27] sql.INFO: select * from `system_attribute` where identity in (?,?,?) [44.53ms] ["title","keywords","description"] []
[2018-03-09 06:45:46] sql.INFO: select * from `system_userinfo` where `userId` = ? limit 1 [35.72ms] ["2000000035"] []
[2018-03-09 06:45:46] sql.INFO: select * from `system_attribute` where identity in (?,?,?) [33.69ms] ["title","keywords","description"] []
[2018-03-09 06:48:05] sql.INFO: select * from `system_userinfo` where `userId` = ? limit 1 [34.77ms] ["2000000035"] []
[2018-03-09 06:48:05] sql.INFO: select * from `system_attribute` where identity in (?,?,?) [32.81ms] ["title","keywords","description"] []
[2018-03-09 06:48:08] sql.INFO: select * from `system_userinfo` where `userId` = ? limit 1 [35.73ms] ["2000000035"] []
[2018-03-09 06:48:08] sql.INFO: select * from `system_attribute` where identity in (?,?,?) [34.86ms] ["title","keywords","description"] []
[2018-03-09 06:51:14] sql.INFO: select * from `system_userinfo` where `userId` = ? limit 1 [46.44ms] ["2000000035"] []
[2018-03-09 06:51:14] sql.INFO: select * from `system_attribute` where identity in (?,?,?) [45.09ms] ["title","keywords","description"] []
[2018-03-09 06:51:37] sql.INFO: select * from `system_userinfo` where `userId` = ? limit 1 [41.54ms] ["2000000035"] []
[2018-03-09 06:51:37] sql.INFO: select * from `system_attribute` where identity in (?,?,?) [39.08ms] ["title","keywords","description"] []
[2018-03-09 06:52:26] sql.INFO: select * from `system_userinfo` where `userId` = ? limit 1 [29.56ms] ["2000000035"] []
[2018-03-09 06:52:26] sql.INFO: select * from `system_attribute` where identity in (?,?,?) [27.59ms] ["title","keywords","description"] []
[2018-03-09 06:53:52] sql.INFO: select * from `system_userinfo` where `userId` = ? limit 1 [30.7ms] ["2000000035"] []
[2018-03-09 06:53:52] sql.INFO: select * from `system_attribute` where identity in (?,?,?) [29.25ms] ["title","keywords","description"] []
[2018-03-09 06:53:58] sql.INFO: select * from `system_userinfo` where `userId` = ? limit 1 [41.61ms] ["2000000035"] []
[2018-03-09 06:53:58] sql.INFO: select * from `system_attribute` where identity in (?,?,?) [39.83ms] ["title","keywords","description"] []
[2018-03-09 06:54:21] sql.INFO: select * from `system_userinfo` where `userId` = ? limit 1 [36.64ms] ["2000000035"] []
[2018-03-09 06:54:21] sql.INFO: select * from `system_attribute` where identity in (?,?,?) [34.87ms] ["title","keywords","description"] []
[2018-03-09 06:54:39] sql.INFO: select * from `system_userinfo` where `userId` = ? limit 1 [46.95ms] ["2000000035"] []
[2018-03-09 06:54:39] sql.INFO: select * from `system_attribute` where identity in (?,?,?) [45.61ms] ["title","keywords","description"] []
[2018-03-09 06:57:09] sql.INFO: select * from `system_userinfo` where `userId` = ? limit 1 [41.58ms] ["2000000035"] []
[2018-03-09 06:57:09] sql.INFO: select * from `system_attribute` where identity in (?,?,?) [41.13ms] ["title","keywords","description"] []
[2018-03-09 06:58:02] sql.INFO: select * from `system_userinfo` where `userId` = ? limit 1 [29.83ms] ["2000000035"] []
[2018-03-09 06:58:02] sql.INFO: select * from `system_attribute` where identity in (?,?,?) [27.36ms] ["title","keywords","description"] []
[2018-03-09 06:58:43] sql.INFO: select * from `system_userinfo` where `userId` = ? limit 1 [41.44ms] ["2000000035"] []
[2018-03-09 06:58:43] sql.INFO: select * from `system_attribute` where identity in (?,?,?) [39.79ms] ["title","keywords","description"] []
[2018-03-09 07:02:02] sql.INFO: select * from `system_userinfo` where `userId` = ? limit 1 [41.63ms] ["2000000035"] []
[2018-03-09 07:02:02] sql.INFO: select `id`, `news_title`, `news_time` from `system_news` where `news_type` = ? order by `news_order` asc, `news_time` desc limit 7 [39.14ms] ["preordelay"] []
[2018-03-09 07:02:02] sql.INFO: select `id`, `news_title`, `news_time` from `system_news` where `news_type` = ? order by `news_order` asc, `news_time` desc limit 4 [39.5ms] ["news"] []
[2018-03-09 07:02:02] sql.INFO: select `id`, `news_title`, `news_time` from `system_news` where `news_type` = ? order by `news_order` asc, `news_time` desc limit 7 [39.55ms] ["edu"] []
[2018-03-09 07:02:02] sql.INFO: select `id`, `news_title`, `news_time` from `system_news` where `news_type` = ? order by `news_order` asc, `news_time` desc limit 7 [39.34ms] ["notice"] []
[2018-03-09 07:02:02] sql.INFO: select count(*) as aggregate from `system_userinfo` [38.73ms] [] []
[2018-03-09 07:02:02] sql.INFO: select * from `system_attribute` where `identity` = ? limit 1 [39.18ms] ["addUserNum"] []
[2018-03-09 07:02:02] sql.INFO: select * from `system_banner` where `type_id` = ? and `status` = ? order by `banner_order` asc, `addtime` desc [39.53ms] [1,1] []
[2018-03-09 07:02:02] sql.INFO: select sum(`zongEr`) as aggregate from `work_oddinterest` where `status` = ? [38.9ms] [0] []
[2018-03-09 07:02:02] sql.INFO: select sum(`oddMoney`) as aggregate from `work_odd` where `oddType` <> ? and `progress` in (?, ?, ?) and `oddRehearTime` between ? and ? [39.18ms] ["special","run","end","review","2018-03-08 00:00:00","2018-03-08 23:59:59"] []
[2018-03-09 07:02:02] sql.INFO: select sum(`oddMoney`) as aggregate from `work_odd` where `oddType` <> ? and `progress` in (?, ?, ?) [38.81ms] ["special","run","end","review"] []
[2018-03-09 07:02:02] sql.INFO: select sum(`investmoney`) as aggregate from `user_oldinvest` [39.04ms] [] []
[2018-03-09 07:02:02] sql.INFO: select `oddNumber`, `oddTitle`, `oddReward`, `investType`, `progress`, `addtime`, `oddMoney`, `oddYearRate`, `oddType`, `oddStyle`, `oddBorrowPeriod`, `oddBorrowStyle`, `openTime`, `lookstatus`, `userId` from `work_odd` where `progress` in (?, ?, ?) and `lookstatus` = ? and (appointUserId=? or appointUserId=?) and `oddStyle` = ? order by field(progress, ?, ?, ?, ?, ?), `oddTrialTime` desc limit 2 [39.54ms] ["start","review","run","1","2000000035","","newhand","prep","start","review","run","end"] []
[2018-03-09 07:02:02] sql.INFO: select `oddNumber`, `oddTitle`, `oddReward`, `investType`, `progress`, `addtime`, `oddMoney`, `oddYearRate`, `oddType`, `oddStyle`, `oddBorrowPeriod`, `oddBorrowStyle`, `openTime`, `lookstatus`, `userId` from `work_odd` where `progress` in (?, ?, ?) and `lookstatus` = ? and (appointUserId=? or appointUserId=?) and `oddType` = ? and `oddStyle` = ? order by field(progress, ?, ?, ?, ?, ?), `oddTrialTime` desc limit 5 [40.46ms] ["start","review","run","1","2000000035","","house-mor","normal","prep","start","review","run","end"] []
[2018-03-09 07:02:02] sql.INFO: select count(*) as aggregate from `work_odd` where `progress` = ? and `lookstatus` = ? and (`oddType` = ? and `oddStyle` = ?) and (appointUserId=? or appointUserId=?) [39.11ms] ["start",1,"house-mor","normal","2000000035",""] []
[2018-03-09 07:02:02] sql.INFO: select `oddNumber`, `oddTitle`, `oddReward`, `investType`, `progress`, `addtime`, `oddMoney`, `oddYearRate`, `oddType`, `oddStyle`, `oddBorrowPeriod`, `oddBorrowStyle`, `openTime`, `lookstatus`, `userId` from `work_odd` where `progress` in (?, ?, ?) and `lookstatus` = ? and (appointUserId=? or appointUserId=?) and `oddType` = ? and `oddStyle` = ? order by field(progress, ?, ?, ?, ?, ?), `oddTrialTime` desc limit 5 [39.51ms] ["start","review","run","1","2000000035","","auto-ins","normal","prep","start","review","run","end"] []
[2018-03-09 07:02:02] sql.INFO: select count(*) as aggregate from `work_odd` where `progress` = ? and `lookstatus` = ? and (`oddType` = ? and `oddStyle` = ?) and (appointUserId=? or appointUserId=?) [38.7ms] ["start",1,"auto-ins","normal","2000000035",""] []
[2018-03-09 07:02:02] sql.INFO: select * from `work_creditass` where `work_creditass`.`progress` <> ? order by field(work_creditass.progress, ?, ?) limit 5 [40.09ms] ["fail","start","run"] []
[2018-03-09 07:02:02] sql.INFO: select * from `work_odd` where `work_odd`.`oddNumber` in (?, ?, ?, ?) [41.67ms] ["20180124000004","20171122000008","20171126000001","20171126000002"] []
[2018-03-09 07:02:02] sql.INFO: select * from `work_oddinterest` where `work_oddinterest`.`oddNumber` in (?, ?, ?, ?) [40.68ms] ["20171122000008","20171126000001","20171126000002","20180124000004"] []
[2018-03-09 07:02:02] sql.INFO: select * from `work_oddmoney` where `work_oddmoney`.`id` in (?, ?, ?, ?, ?) [40.18ms] [113,23,63,66,62] []
[2018-03-09 07:02:02] sql.INFO: select * from `work_oddinterest_invest` where `work_oddinterest_invest`.`oddMoneyId` in (?, ?, ?, ?, ?) [41.89ms] [23,62,63,66,113] []
[2018-03-09 07:02:02] sql.INFO: select count(*) as aggregate from `work_creditass` where `progress` = ? and not exists (select * from `work_oddinterest_invest` where `work_oddinterest_invest`.`oddMoneyId` = `work_creditass`.`oddmoneyId` and `endtime` >= ? and `endtime` <= ?) [39.39ms] ["start","2018-03-09 00:00:00","2018-03-09 23:59:59"] []
[2018-03-09 07:02:03] sql.INFO: select * from `system_link` where `link_status` = ? and `link_type` = ? order by `link_sort` desc [39.59ms] [1,"link"] []
[2018-03-09 07:02:03] sql.INFO: select sum(`interest`) as aggregate from `work_oddinterest_invest` where `status` in (?, ?, ?) [38.87ms] [1,3,4] []
[2018-03-09 07:02:03] sql.INFO: select sum(oddMoney) dayOpenMoney, count(1) dayOpenCount from `work_odd` where `openTime` like ? and `progress` in (?, ?, ?, ?) limit 1 [39.63ms] ["2018-03-09%","start","review","run","end"] []
[2018-03-09 07:02:03] sql.INFO: select * from `system_news` where (`news_type` = ?) order by `news_time` desc limit 1 [39.86ms] ["announce"] []
[2018-03-09 07:02:03] sql.INFO: select sum(money) tmoney, `type`, `day`, `news_id` from `system_expect_odds` where `system_expect_odds`.`news_id` in (?) group by `type` [39.18ms] [9140] []
[2018-03-09 07:02:03] sql.INFO: select * from `system_attribute` where identity in (?,?,?) [39.39ms] ["title","keywords","description"] []
[2018-03-09 07:02:03] sql.INFO: select * from `system_lotteries` where `system_lotteries`.`userId` = ? and `system_lotteries`.`userId` is not null and `status` = ? [42.22ms] ["2000000035",1] []
[2018-03-09 07:02:03] sql.INFO: select * from `system_userinfo` where `system_userinfo`.`userId` = ? limit 1 [41.45ms] ["2000000153"] []
[2018-03-09 07:02:03] sql.INFO: select * from `system_userinfo` where `system_userinfo`.`userId` = ? limit 1 [41.03ms] ["2000000002"] []
[2018-03-09 07:02:03] sql.INFO: select * from `system_userinfo` where `system_userinfo`.`userId` = ? limit 1 [41.5ms] ["2000000002"] []
[2018-03-09 07:02:03] sql.INFO: select * from `system_userinfo` where `system_userinfo`.`userId` = ? limit 1 [41.34ms] ["2000000002"] []
[2018-03-09 07:02:03] sql.INFO: select * from `system_userinfo` where `system_userinfo`.`userId` = ? limit 1 [41.59ms] ["2000000002"] []
[2018-03-09 07:02:03] sql.INFO: select * from `system_userinfo` where `system_userinfo`.`userId` = ? limit 1 [41.22ms] ["2000000002"] []
[2018-03-09 07:02:03] sql.INFO: select * from `system_userinfo` where `system_userinfo`.`userId` = ? limit 1 [41.44ms] ["2000000008"] []
[2018-03-09 07:02:04] sql.INFO: select * from `system_userinfo` where `system_userinfo`.`userId` = ? limit 1 [41.46ms] ["2000000006"] []
[2018-03-09 07:02:04] sql.INFO: select * from `system_userinfo` where `system_userinfo`.`userId` = ? limit 1 [41.01ms] ["2000000007"] []
[2018-03-09 07:02:04] sql.INFO: select * from `system_userinfo` where `system_userinfo`.`userId` = ? limit 1 [41.38ms] ["2000000006"] []
[2018-03-09 07:02:05] sql.INFO: select * from `system_userinfo` where `userId` = ? limit 1 [46.42ms] ["2000000035"] []
[2018-03-09 07:02:05] sql.INFO: select * from `system_attribute` where identity in (?,?,?) [44.93ms] ["title","keywords","description"] []
[2018-03-09 07:02:08] sql.INFO: select * from `system_userinfo` where `userId` = ? limit 1 [31.66ms] ["2000000035"] []
[2018-03-09 07:02:08] sql.INFO: select * from `system_attribute` where identity in (?,?,?) [29.18ms] ["title","keywords","description"] []
[2018-03-09 07:03:32] sql.INFO: select * from `system_userinfo` where `userId` = ? limit 1 [45.57ms] ["2000000035"] []
[2018-03-09 07:03:32] sql.INFO: select * from `system_attribute` where identity in (?,?,?) [44.95ms] ["title","keywords","description"] []
[2018-03-09 07:04:57] sql.INFO: select * from `system_userinfo` where `userId` = ? limit 1 [46.5ms] ["2000000035"] []
[2018-03-09 07:04:57] sql.INFO: select * from `system_attribute` where identity in (?,?,?) [44.73ms] ["title","keywords","description"] []
[2018-03-09 07:07:56] sql.INFO: select * from `system_userinfo` where `userId` = ? limit 1 [30.78ms] ["2000000035"] []
[2018-03-09 07:07:56] sql.INFO: select * from `system_attribute` where identity in (?,?,?) [29.5ms] ["title","keywords","description"] []
[2018-03-09 07:08:06] sql.INFO: select * from `system_userinfo` where `userId` = ? limit 1 [35.62ms] ["2000000035"] []
[2018-03-09 07:08:06] sql.INFO: select * from `system_attribute` where identity in (?,?,?) [35.2ms] ["title","keywords","description"] []
[2018-03-09 07:08:20] sql.INFO: select * from `system_userinfo` where `userId` = ? limit 1 [36.66ms] ["2000000035"] []
[2018-03-09 07:08:20] sql.INFO: select * from `system_attribute` where identity in (?,?,?) [35ms] ["title","keywords","description"] []
[2018-03-09 07:08:51] sql.INFO: select * from `system_userinfo` where `userId` = ? limit 1 [35.53ms] ["2000000035"] []
[2018-03-09 07:08:51] sql.INFO: select * from `system_attribute` where identity in (?,?,?) [35.07ms] ["title","keywords","description"] []
[2018-03-09 07:09:16] sql.INFO: select * from `system_userinfo` where `userId` = ? limit 1 [36.33ms] ["2000000035"] []
[2018-03-09 07:09:16] sql.INFO: select * from `system_attribute` where identity in (?,?,?) [35.42ms] ["title","keywords","description"] []
[2018-03-09 07:09:57] sql.INFO: select * from `system_userinfo` where `userId` = ? limit 1 [47.29ms] ["2000000035"] []
[2018-03-09 07:09:57] sql.INFO: select * from `system_attribute` where identity in (?,?,?) [45.59ms] ["title","keywords","description"] []
[2018-03-09 07:10:54] sql.INFO: select * from `system_userinfo` where `userId` = ? limit 1 [57.14ms] ["2000000035"] []
[2018-03-09 07:10:54] sql.INFO: select * from `system_attribute` where identity in (?,?,?) [56.05ms] ["title","keywords","description"] []
[2018-03-09 07:11:51] sql.INFO: select * from `system_userinfo` where `userId` = ? limit 1 [46.37ms] ["2000000035"] []
[2018-03-09 07:11:51] sql.INFO: select * from `system_attribute` where identity in (?,?,?) [45.33ms] ["title","keywords","description"] []
[2018-03-09 07:14:18] sql.INFO: select * from `system_userinfo` where `userId` = ? limit 1 [30.81ms] ["2000000035"] []
[2018-03-09 07:14:18] sql.INFO: select * from `system_attribute` where identity in (?,?,?) [29.07ms] ["title","keywords","description"] []
[2018-03-09 07:15:01] sql.INFO: select * from `system_userinfo` where `userId` = ? limit 1 [35.67ms] ["2000000035"] []
[2018-03-09 07:15:01] sql.INFO: select * from `system_attribute` where identity in (?,?,?) [33.16ms] ["title","keywords","description"] []
[2018-03-09 07:16:00] sql.INFO: select * from `system_userinfo` where `userId` = ? limit 1 [34.8ms] ["2000000035"] []
[2018-03-09 07:16:00] sql.INFO: select * from `system_attribute` where identity in (?,?,?) [33.86ms] ["title","keywords","description"] []
[2018-03-09 07:16:17] sql.INFO: select * from `system_userinfo` where `userId` = ? limit 1 [35.76ms] ["2000000035"] []
[2018-03-09 07:16:17] sql.INFO: select * from `system_attribute` where identity in (?,?,?) [35ms] ["title","keywords","description"] []
[2018-03-09 07:16:30] sql.INFO: select * from `system_userinfo` where `userId` = ? limit 1 [47.25ms] ["2000000035"] []
[2018-03-09 07:16:30] sql.INFO: select * from `system_attribute` where identity in (?,?,?) [45.03ms] ["title","keywords","description"] []
[2018-03-09 07:17:11] sql.INFO: select * from `system_userinfo` where `userId` = ? limit 1 [41.57ms] ["2000000035"] []
[2018-03-09 07:17:11] sql.INFO: select * from `system_attribute` where identity in (?,?,?) [39.03ms] ["title","keywords","description"] []
[2018-03-09 07:18:33] sql.INFO: select * from `system_userinfo` where `userId` = ? limit 1 [35.74ms] ["2000000035"] []
[2018-03-09 07:18:33] sql.INFO: select * from `system_attribute` where identity in (?,?,?) [33.69ms] ["title","keywords","description"] []
[2018-03-09 07:20:00] sql.INFO: select * from `system_userinfo` where `userId` = ? limit 1 [46.48ms] ["2000000035"] []
[2018-03-09 07:20:00] sql.INFO: select * from `system_attribute` where identity in (?,?,?) [44.98ms] ["title","keywords","description"] []
[2018-03-09 07:20:53] sql.INFO: select * from `system_userinfo` where `userId` = ? limit 1 [30.87ms] ["2000000035"] []
[2018-03-09 07:20:53] sql.INFO: select * from `system_attribute` where identity in (?,?,?) [30.09ms] ["title","keywords","description"] []
[2018-03-09 07:21:18] sql.INFO: select * from `system_userinfo` where `userId` = ? limit 1 [30.99ms] ["2000000035"] []
[2018-03-09 07:21:18] sql.INFO: select * from `system_attribute` where identity in (?,?,?) [29.11ms] ["title","keywords","description"] []
[2018-03-09 07:22:58] sql.INFO: select * from `system_userinfo` where `userId` = ? limit 1 [35.72ms] ["2000000035"] []
[2018-03-09 07:22:58] sql.INFO: select * from `system_attribute` where identity in (?,?,?) [34.93ms] ["title","keywords","description"] []
[2018-03-09 07:23:24] sql.INFO: select * from `system_userinfo` where `userId` = ? limit 1 [41.76ms] ["2000000035"] []
[2018-03-09 07:23:24] sql.INFO: select * from `system_attribute` where identity in (?,?,?) [40.93ms] ["title","keywords","description"] []
[2018-03-09 07:23:47] sql.INFO: select * from `system_userinfo` where `userId` = ? limit 1 [41.14ms] ["2000000035"] []
[2018-03-09 07:23:47] sql.INFO: select * from `system_attribute` where identity in (?,?,?) [39.48ms] ["title","keywords","description"] []
[2018-03-09 07:25:18] sql.INFO: select * from `system_userinfo` where `userId` = ? limit 1 [49.45ms] ["2000000035"] []
[2018-03-09 07:25:18] sql.INFO: select * from `system_attribute` where identity in (?,?,?) [48.72ms] ["title","keywords","description"] []
[2018-03-09 07:25:52] sql.INFO: select * from `system_userinfo` where `userId` = ? limit 1 [30.83ms] ["2000000035"] []
[2018-03-09 07:25:52] sql.INFO: select * from `system_attribute` where identity in (?,?,?) [29.02ms] ["title","keywords","description"] []
[2018-03-09 07:26:05] sql.INFO: select * from `system_userinfo` where `userId` = ? limit 1 [41.55ms] ["2000000035"] []
[2018-03-09 07:26:05] sql.INFO: select * from `system_attribute` where identity in (?,?,?) [39.66ms] ["title","keywords","description"] []
[2018-03-09 07:26:18] sql.INFO: select * from `system_userinfo` where `userId` = ? limit 1 [41.49ms] ["2000000035"] []
[2018-03-09 07:26:18] sql.INFO: select * from `system_attribute` where identity in (?,?,?) [40.14ms] ["title","keywords","description"] []
[2018-03-09 07:26:24] sql.INFO: select * from `system_userinfo` where `userId` = ? limit 1 [50.33ms] ["2000000035"] []
[2018-03-09 07:26:24] sql.INFO: select * from `system_attribute` where identity in (?,?,?) [45.45ms] ["title","keywords","description"] []
[2018-03-09 07:26:35] sql.INFO: select * from `system_userinfo` where `userId` = ? limit 1 [30.82ms] ["2000000035"] []
[2018-03-09 07:26:35] sql.INFO: select * from `system_attribute` where identity in (?,?,?) [29.01ms] ["title","keywords","description"] []
[2018-03-09 07:26:57] sql.INFO: select * from `system_userinfo` where `userId` = ? limit 1 [30.96ms] ["2000000035"] []
[2018-03-09 07:26:57] sql.INFO: select * from `system_attribute` where identity in (?,?,?) [27.57ms] ["title","keywords","description"] []
[2018-03-09 07:27:18] sql.INFO: select * from `system_userinfo` where `userId` = ? limit 1 [31.36ms] ["2000000035"] []
[2018-03-09 07:27:18] sql.INFO: select * from `system_attribute` where identity in (?,?,?) [30.01ms] ["title","keywords","description"] []
[2018-03-09 07:27:27] sql.INFO: select * from `system_userinfo` where `userId` = ? limit 1 [30.84ms] ["2000000035"] []
[2018-03-09 07:27:28] sql.INFO: select * from `system_attribute` where identity in (?,?,?) [30.97ms] ["title","keywords","description"] []
[2018-03-09 07:27:59] sql.INFO: select * from `system_userinfo` where `userId` = ? limit 1 [30.57ms] ["2000000035"] []
[2018-03-09 07:27:59] sql.INFO: select * from `system_attribute` where identity in (?,?,?) [28.63ms] ["title","keywords","description"] []
[2018-03-09 07:28:48] sql.INFO: select * from `system_userinfo` where `userId` = ? limit 1 [35.91ms] ["2000000035"] []
[2018-03-09 07:28:48] sql.INFO: select * from `system_attribute` where identity in (?,?,?) [34.66ms] ["title","keywords","description"] []
[2018-03-09 07:29:12] sql.INFO: select * from `system_userinfo` where `userId` = ? limit 1 [30.94ms] ["2000000035"] []
[2018-03-09 07:29:12] sql.INFO: select * from `system_attribute` where identity in (?,?,?) [28.56ms] ["title","keywords","description"] []
[2018-03-09 07:29:44] sql.INFO: select * from `system_userinfo` where `userId` = ? limit 1 [35.71ms] ["2000000035"] []
[2018-03-09 07:29:44] sql.INFO: select * from `system_attribute` where identity in (?,?,?) [33.59ms] ["title","keywords","description"] []
[2018-03-09 07:29:51] sql.INFO: select * from `system_userinfo` where `userId` = ? limit 1 [41.67ms] ["2000000035"] []
[2018-03-09 07:29:51] sql.INFO: select * from `system_attribute` where identity in (?,?,?) [39.15ms] ["title","keywords","description"] []
[2018-03-09 07:30:09] sql.INFO: select * from `system_userinfo` where `userId` = ? limit 1 [46.64ms] ["2000000035"] []
[2018-03-09 07:30:09] sql.INFO: select * from `system_attribute` where identity in (?,?,?) [44.74ms] ["title","keywords","description"] []
[2018-03-09 07:30:27] sql.INFO: select * from `system_userinfo` where `userId` = ? limit 1 [46.53ms] ["2000000035"] []
[2018-03-09 07:30:27] sql.INFO: select * from `system_attribute` where identity in (?,?,?) [45.01ms] ["title","keywords","description"] []
[2018-03-09 07:30:52] sql.INFO: select * from `system_userinfo` where `userId` = ? limit 1 [46.58ms] ["2000000035"] []
[2018-03-09 07:30:52] sql.INFO: select * from `system_attribute` where identity in (?,?,?) [44.46ms] ["title","keywords","description"] []
[2018-03-09 07:31:10] sql.INFO: select * from `system_userinfo` where `userId` = ? limit 1 [34.97ms] ["2000000035"] []
[2018-03-09 07:31:10] sql.INFO: select * from `system_attribute` where identity in (?,?,?) [33.05ms] ["title","keywords","description"] []
[2018-03-09 08:37:17] sql.INFO: select * from `system_userinfo` where `userId` = ? limit 1 [35.95ms] ["2000000035"] []
[2018-03-09 08:37:17] sql.INFO: select `id`, `news_title`, `news_time` from `system_news` where `news_type` = ? order by `news_order` asc, `news_time` desc limit 7 [32.49ms] ["preordelay"] []
[2018-03-09 08:37:17] sql.INFO: select `id`, `news_title`, `news_time` from `system_news` where `news_type` = ? order by `news_order` asc, `news_time` desc limit 4 [33.05ms] ["news"] []
[2018-03-09 08:37:17] sql.INFO: select `id`, `news_title`, `news_time` from `system_news` where `news_type` = ? order by `news_order` asc, `news_time` desc limit 7 [32.95ms] ["edu"] []
[2018-03-09 08:37:17] sql.INFO: select `id`, `news_title`, `news_time` from `system_news` where `news_type` = ? order by `news_order` asc, `news_time` desc limit 7 [32.68ms] ["notice"] []
[2018-03-09 08:37:17] sql.INFO: select count(*) as aggregate from `system_userinfo` [32.8ms] [] []
[2018-03-09 08:37:17] sql.INFO: select * from `system_attribute` where `identity` = ? limit 1 [32.69ms] ["addUserNum"] []
[2018-03-09 08:37:17] sql.INFO: select * from `system_banner` where `type_id` = ? and `status` = ? order by `banner_order` asc, `addtime` desc [33.43ms] [1,1] []
[2018-03-09 08:37:17] sql.INFO: select sum(`zongEr`) as aggregate from `work_oddinterest` where `status` = ? [32.13ms] [0] []
[2018-03-09 08:37:17] sql.INFO: select sum(`oddMoney`) as aggregate from `work_odd` where `oddType` <> ? and `progress` in (?, ?, ?) and `oddRehearTime` between ? and ? [34.71ms] ["special","run","end","review","2018-03-08 00:00:00","2018-03-08 23:59:59"] []
[2018-03-09 08:37:17] sql.INFO: select sum(`oddMoney`) as aggregate from `work_odd` where `oddType` <> ? and `progress` in (?, ?, ?) [32.86ms] ["special","run","end","review"] []
[2018-03-09 08:37:17] sql.INFO: select sum(`investmoney`) as aggregate from `user_oldinvest` [33.32ms] [] []
[2018-03-09 08:37:17] sql.INFO: select `oddNumber`, `oddTitle`, `oddReward`, `investType`, `progress`, `addtime`, `oddMoney`, `oddYearRate`, `oddType`, `oddStyle`, `oddBorrowPeriod`, `oddBorrowStyle`, `openTime`, `lookstatus`, `userId` from `work_odd` where `progress` in (?, ?, ?) and `lookstatus` = ? and (appointUserId=? or appointUserId=?) and `oddStyle` = ? order by field(progress, ?, ?, ?, ?, ?), `oddTrialTime` desc limit 2 [33.66ms] ["start","review","run","1","2000000035","","newhand","prep","start","review","run","end"] []
[2018-03-09 08:37:17] sql.INFO: select `oddNumber`, `oddTitle`, `oddReward`, `investType`, `progress`, `addtime`, `oddMoney`, `oddYearRate`, `oddType`, `oddStyle`, `oddBorrowPeriod`, `oddBorrowStyle`, `openTime`, `lookstatus`, `userId` from `work_odd` where `progress` in (?, ?, ?) and `lookstatus` = ? and (appointUserId=? or appointUserId=?) and `oddType` = ? and `oddStyle` = ? order by field(progress, ?, ?, ?, ?, ?), `oddTrialTime` desc limit 5 [33.94ms] ["start","review","run","1","2000000035","","house-mor","normal","prep","start","review","run","end"] []
[2018-03-09 08:37:17] sql.INFO: select count(*) as aggregate from `work_odd` where `progress` = ? and `lookstatus` = ? and (`oddType` = ? and `oddStyle` = ?) and (appointUserId=? or appointUserId=?) [33ms] ["start",1,"house-mor","normal","2000000035",""] []
[2018-03-09 08:37:17] sql.INFO: select `oddNumber`, `oddTitle`, `oddReward`, `investType`, `progress`, `addtime`, `oddMoney`, `oddYearRate`, `oddType`, `oddStyle`, `oddBorrowPeriod`, `oddBorrowStyle`, `openTime`, `lookstatus`, `userId` from `work_odd` where `progress` in (?, ?, ?) and `lookstatus` = ? and (appointUserId=? or appointUserId=?) and `oddType` = ? and `oddStyle` = ? order by field(progress, ?, ?, ?, ?, ?), `oddTrialTime` desc limit 5 [33.46ms] ["start","review","run","1","2000000035","","auto-ins","normal","prep","start","review","run","end"] []
[2018-03-09 08:37:17] sql.INFO: select count(*) as aggregate from `work_odd` where `progress` = ? and `lookstatus` = ? and (`oddType` = ? and `oddStyle` = ?) and (appointUserId=? or appointUserId=?) [32.88ms] ["start",1,"auto-ins","normal","2000000035",""] []
[2018-03-09 08:37:17] sql.INFO: select * from `work_creditass` where `work_creditass`.`progress` <> ? order by field(work_creditass.progress, ?, ?) limit 5 [33.61ms] ["fail","start","run"] []
[2018-03-09 08:37:17] sql.INFO: select * from `work_odd` where `work_odd`.`oddNumber` in (?, ?, ?, ?) [34.57ms] ["20180124000004","20171122000008","20171126000001","20171126000002"] []
[2018-03-09 08:37:18] sql.INFO: select * from `work_oddinterest` where `work_oddinterest`.`oddNumber` in (?, ?, ?, ?) [33.85ms] ["20171122000008","20171126000001","20171126000002","20180124000004"] []
[2018-03-09 08:37:18] sql.INFO: select * from `work_oddmoney` where `work_oddmoney`.`id` in (?, ?, ?, ?, ?) [33.91ms] [113,23,63,66,62] []
[2018-03-09 08:37:18] sql.INFO: select * from `work_oddinterest_invest` where `work_oddinterest_invest`.`oddMoneyId` in (?, ?, ?, ?, ?) [34.02ms] [23,62,63,66,113] []
[2018-03-09 08:37:18] sql.INFO: select count(*) as aggregate from `work_creditass` where `progress` = ? and not exists (select * from `work_oddinterest_invest` where `work_oddinterest_invest`.`oddMoneyId` = `work_creditass`.`oddmoneyId` and `endtime` >= ? and `endtime` <= ?) [32.77ms] ["start","2018-03-09 00:00:00","2018-03-09 23:59:59"] []
[2018-03-09 08:37:18] sql.INFO: select * from `system_link` where `link_status` = ? and `link_type` = ? order by `link_sort` desc [33.63ms] [1,"link"] []
[2018-03-09 08:37:18] sql.INFO: select sum(`interest`) as aggregate from `work_oddinterest_invest` where `status` in (?, ?, ?) [33.26ms] [1,3,4] []
[2018-03-09 08:37:18] sql.INFO: select sum(oddMoney) dayOpenMoney, count(1) dayOpenCount from `work_odd` where `openTime` like ? and `progress` in (?, ?, ?, ?) limit 1 [33.27ms] ["2018-03-09%","start","review","run","end"] []
[2018-03-09 08:37:18] sql.INFO: select * from `system_news` where (`news_type` = ?) order by `news_time` desc limit 1 [34.06ms] ["announce"] []
[2018-03-09 08:37:18] sql.INFO: select sum(money) tmoney, `type`, `day`, `news_id` from `system_expect_odds` where `system_expect_odds`.`news_id` in (?) group by `type` [33.23ms] [9140] []
[2018-03-09 08:37:18] sql.INFO: select * from `system_attribute` where identity in (?,?,?) [33.52ms] ["title","keywords","description"] []
[2018-03-09 08:37:18] sql.INFO: select * from `system_lotteries` where `system_lotteries`.`userId` = ? and `system_lotteries`.`userId` is not null and `status` = ? [35.39ms] ["2000000035",1] []
[2018-03-09 08:37:18] sql.INFO: select * from `system_userinfo` where `system_userinfo`.`userId` = ? limit 1 [34.93ms] ["2000000153"] []
[2018-03-09 08:37:18] sql.INFO: select * from `system_userinfo` where `system_userinfo`.`userId` = ? limit 1 [35.74ms] ["2000000002"] []
[2018-03-09 08:37:18] sql.INFO: select * from `system_userinfo` where `system_userinfo`.`userId` = ? limit 1 [35.09ms] ["2000000002"] []
[2018-03-09 08:37:18] sql.INFO: select * from `system_userinfo` where `system_userinfo`.`userId` = ? limit 1 [34.89ms] ["2000000002"] []
[2018-03-09 08:37:18] sql.INFO: select * from `system_userinfo` where `system_userinfo`.`userId` = ? limit 1 [34.92ms] ["2000000002"] []
[2018-03-09 08:37:18] sql.INFO: select * from `system_userinfo` where `system_userinfo`.`userId` = ? limit 1 [35ms] ["2000000002"] []
[2018-03-09 08:37:19] sql.INFO: select * from `system_userinfo` where `system_userinfo`.`userId` = ? limit 1 [34.95ms] ["2000000008"] []
[2018-03-09 08:37:19] sql.INFO: select * from `system_userinfo` where `system_userinfo`.`userId` = ? limit 1 [34.94ms] ["2000000006"] []
[2018-03-09 08:37:19] sql.INFO: select * from `system_userinfo` where `system_userinfo`.`userId` = ? limit 1 [35.23ms] ["2000000007"] []
[2018-03-09 08:37:19] sql.INFO: select * from `system_userinfo` where `system_userinfo`.`userId` = ? limit 1 [35.61ms] ["2000000006"] []
[2018-03-09 08:37:19] sql.INFO: select * from `system_userinfo` where `userId` = ? limit 1 [31.03ms] ["2000000035"] []
[2018-03-09 08:37:19] sql.INFO: select * from `system_attribute` where identity in (?,?,?) [29.34ms] ["title","keywords","description"] []
[2018-03-09 08:37:21] sql.INFO: select * from `system_userinfo` where `userId` = ? limit 1 [34.84ms] ["2000000035"] []
[2018-03-09 08:37:21] sql.INFO: select * from `system_attribute` where identity in (?,?,?) [33.72ms] ["title","keywords","description"] []
