[2018-03-12 01:30:51] sql.INFO: select `id`, `news_title`, `news_time` from `system_news` where `news_type` = ? order by `news_order` asc, `news_time` desc limit 7 [32.79ms] ["preordelay"] []
[2018-03-12 01:30:51] sql.INFO: select `id`, `news_title`, `news_time` from `system_news` where `news_type` = ? order by `news_order` asc, `news_time` desc limit 4 [33.15ms] ["news"] []
[2018-03-12 01:30:51] sql.INFO: select `id`, `news_title`, `news_time` from `system_news` where `news_type` = ? order by `news_order` asc, `news_time` desc limit 7 [35.73ms] ["edu"] []
[2018-03-12 01:30:51] sql.INFO: select `id`, `news_title`, `news_time` from `system_news` where `news_type` = ? order by `news_order` asc, `news_time` desc limit 7 [34.67ms] ["notice"] []
[2018-03-12 01:30:51] sql.INFO: select count(*) as aggregate from `system_userinfo` [32.5ms] [] []
[2018-03-12 01:30:51] sql.INFO: select * from `system_attribute` where `identity` = ? limit 1 [33.04ms] ["addUserNum"] []
[2018-03-12 01:30:51] sql.INFO: select * from `system_banner` where `type_id` = ? and `status` = ? order by `banner_order` asc, `addtime` desc [33.33ms] [1,1] []
[2018-03-12 01:30:51] sql.INFO: select sum(`zongEr`) as aggregate from `work_oddinterest` where `status` = ? [33.3ms] [0] []
[2018-03-12 01:30:51] sql.INFO: select sum(`oddMoney`) as aggregate from `work_odd` where `oddType` <> ? and `progress` in (?, ?, ?) and `oddRehearTime` between ? and ? [34.85ms] ["special","run","end","review","2018-03-11 00:00:00","2018-03-11 23:59:59"] []
[2018-03-12 01:30:51] sql.INFO: select sum(`oddMoney`) as aggregate from `work_odd` where `oddType` <> ? and `progress` in (?, ?, ?) [32.65ms] ["special","run","end","review"] []
[2018-03-12 01:30:51] sql.INFO: select sum(`investmoney`) as aggregate from `user_oldinvest` [32.45ms] [] []
[2018-03-12 01:30:52] sql.INFO: select `oddNumber`, `oddTitle`, `oddReward`, `investType`, `progress`, `addtime`, `oddMoney`, `oddYearRate`, `oddType`, `oddStyle`, `oddBorrowPeriod`, `oddBorrowStyle`, `openTime`, `lookstatus`, `userId` from `work_odd` where `progress` in (?, ?, ?) and `lookstatus` = ? and appointUserId=? and `oddStyle` = ? order by field(progress, ?, ?, ?, ?, ?), `oddTrialTime` desc limit 2 [33.67ms] ["start","review","run","1","","newhand","prep","start","review","run","end"] []
[2018-03-12 01:30:52] sql.INFO: select `oddNumber`, `oddTitle`, `oddReward`, `investType`, `progress`, `addtime`, `oddMoney`, `oddYearRate`, `oddType`, `oddStyle`, `oddBorrowPeriod`, `oddBorrowStyle`, `openTime`, `lookstatus`, `userId` from `work_odd` where `progress` in (?, ?, ?) and `lookstatus` = ? and appointUserId=? and `oddType` = ? and `oddStyle` = ? order by field(progress, ?, ?, ?, ?, ?), `oddTrialTime` desc limit 5 [39.76ms] ["start","review","run","1","","house-mor","normal","prep","start","review","run","end"] []
[2018-03-12 01:30:52] sql.INFO: select count(*) as aggregate from `work_odd` where `progress` = ? and `lookstatus` = ? and (`oddType` = ? and `oddStyle` = ?) and appointUserId=? [32.97ms] ["start",1,"house-mor","normal",""] []
[2018-03-12 01:30:52] sql.INFO: select `oddNumber`, `oddTitle`, `oddReward`, `investType`, `progress`, `addtime`, `oddMoney`, `oddYearRate`, `oddType`, `oddStyle`, `oddBorrowPeriod`, `oddBorrowStyle`, `openTime`, `lookstatus`, `userId` from `work_odd` where `progress` in (?, ?, ?) and `lookstatus` = ? and appointUserId=? and `oddType` = ? and `oddStyle` = ? order by field(progress, ?, ?, ?, ?, ?), `oddTrialTime` desc limit 5 [33.59ms] ["start","review","run","1","","auto-ins","normal","prep","start","review","run","end"] []
[2018-03-12 01:30:52] sql.INFO: select count(*) as aggregate from `work_odd` where `progress` = ? and `lookstatus` = ? and (`oddType` = ? and `oddStyle` = ?) and appointUserId=? [37.08ms] ["start",1,"auto-ins","normal",""] []
[2018-03-12 01:30:52] sql.INFO: select * from `work_creditass` where `work_creditass`.`progress` <> ? order by field(work_creditass.progress, ?, ?) limit 5 [33.2ms] ["fail","start","run"] []
[2018-03-12 01:30:52] sql.INFO: select * from `work_odd` where `work_odd`.`oddNumber` in (?, ?, ?, ?) [35.28ms] ["20180124000004","20171122000008","20171126000001","20171126000002"] []
[2018-03-12 01:30:52] sql.INFO: select * from `work_oddinterest` where `work_oddinterest`.`oddNumber` in (?, ?, ?, ?) [34.21ms] ["20171122000008","20171126000001","20171126000002","20180124000004"] []
[2018-03-12 01:30:52] sql.INFO: select * from `work_oddmoney` where `work_oddmoney`.`id` in (?, ?, ?, ?, ?) [34.57ms] [113,23,63,66,62] []
[2018-03-12 01:30:52] sql.INFO: select * from `work_oddinterest_invest` where `work_oddinterest_invest`.`oddMoneyId` in (?, ?, ?, ?, ?) [35.08ms] [23,62,63,66,113] []
[2018-03-12 01:30:52] sql.INFO: select count(*) as aggregate from `work_creditass` where `progress` = ? and not exists (select * from `work_oddinterest_invest` where `work_oddinterest_invest`.`oddMoneyId` = `work_creditass`.`oddmoneyId` and `endtime` >= ? and `endtime` <= ?) [32.8ms] ["start","2018-03-12 00:00:00","2018-03-12 23:59:59"] []
[2018-03-12 01:30:52] sql.INFO: select * from `system_link` where `link_status` = ? and `link_type` = ? order by `link_sort` desc [33.3ms] [1,"link"] []
[2018-03-12 01:30:52] sql.INFO: select sum(`interest`) as aggregate from `work_oddinterest_invest` where `status` in (?, ?, ?) [33.33ms] [1,3,4] []
[2018-03-12 01:30:52] sql.INFO: select sum(oddMoney) dayOpenMoney, count(1) dayOpenCount from `work_odd` where `openTime` like ? and `progress` in (?, ?, ?, ?) limit 1 [33.48ms] ["2018-03-12%","start","review","run","end"] []
[2018-03-12 01:30:52] sql.INFO: select * from `system_news` where (`news_type` = ?) order by `news_time` desc limit 1 [33.78ms] ["announce"] []
[2018-03-12 01:30:52] sql.INFO: select sum(money) tmoney, `type`, `day`, `news_id` from `system_expect_odds` where `system_expect_odds`.`news_id` in (?) group by `type` [38.49ms] [9140] []
[2018-03-12 01:30:52] sql.INFO: select * from `system_attribute` where identity in (?,?,?) [33.02ms] ["title","keywords","description"] []
[2018-03-12 01:30:52] sql.INFO: select * from `system_userinfo` where `system_userinfo`.`userId` = ? limit 1 [39.56ms] ["2000000153"] []
[2018-03-12 01:30:52] sql.INFO: select * from `system_userinfo` where `system_userinfo`.`userId` = ? limit 1 [35.49ms] ["2000000002"] []
[2018-03-12 01:30:52] sql.INFO: select * from `system_userinfo` where `system_userinfo`.`userId` = ? limit 1 [35.97ms] ["2000000002"] []
[2018-03-12 01:30:53] sql.INFO: select * from `system_userinfo` where `system_userinfo`.`userId` = ? limit 1 [35ms] ["2000000002"] []
[2018-03-12 01:30:53] sql.INFO: select * from `system_userinfo` where `system_userinfo`.`userId` = ? limit 1 [36.89ms] ["2000000002"] []
[2018-03-12 01:30:53] sql.INFO: select * from `system_userinfo` where `system_userinfo`.`userId` = ? limit 1 [35.28ms] ["2000000002"] []
[2018-03-12 01:30:53] sql.INFO: select * from `system_userinfo` where `system_userinfo`.`userId` = ? limit 1 [36.93ms] ["2000000008"] []
[2018-03-12 01:30:53] sql.INFO: select * from `system_userinfo` where `system_userinfo`.`userId` = ? limit 1 [41.53ms] ["2000000006"] []
[2018-03-12 01:30:53] sql.INFO: select * from `system_userinfo` where `system_userinfo`.`userId` = ? limit 1 [34.98ms] ["2000000007"] []
[2018-03-12 01:30:53] sql.INFO: select * from `system_userinfo` where `system_userinfo`.`userId` = ? limit 1 [35.32ms] ["2000000006"] []
[2018-03-12 01:38:56] sql.INFO: select `id`, `news_title`, `news_time` from `system_news` where `news_type` = ? order by `news_order` asc, `news_time` desc limit 7 [28.67ms] ["preordelay"] []
[2018-03-12 01:38:56] sql.INFO: select `id`, `news_title`, `news_time` from `system_news` where `news_type` = ? order by `news_order` asc, `news_time` desc limit 4 [28.69ms] ["news"] []
[2018-03-12 01:38:56] sql.INFO: select `id`, `news_title`, `news_time` from `system_news` where `news_type` = ? order by `news_order` asc, `news_time` desc limit 7 [28.58ms] ["edu"] []
[2018-03-12 01:38:56] sql.INFO: select `id`, `news_title`, `news_time` from `system_news` where `news_type` = ? order by `news_order` asc, `news_time` desc limit 7 [27.47ms] ["notice"] []
[2018-03-12 01:38:56] sql.INFO: select count(*) as aggregate from `system_userinfo` [27.84ms] [] []
[2018-03-12 01:38:56] sql.INFO: select * from `system_attribute` where `identity` = ? limit 1 [28.03ms] ["addUserNum"] []
[2018-03-12 01:38:56] sql.INFO: select * from `system_banner` where `type_id` = ? and `status` = ? order by `banner_order` asc, `addtime` desc [28.55ms] [1,1] []
[2018-03-12 01:38:56] sql.INFO: select sum(`zongEr`) as aggregate from `work_oddinterest` where `status` = ? [27.22ms] [0] []
[2018-03-12 01:38:56] sql.INFO: select sum(`oddMoney`) as aggregate from `work_odd` where `oddType` <> ? and `progress` in (?, ?, ?) and `oddRehearTime` between ? and ? [27.87ms] ["special","run","end","review","2018-03-11 00:00:00","2018-03-11 23:59:59"] []
[2018-03-12 01:38:56] sql.INFO: select sum(`oddMoney`) as aggregate from `work_odd` where `oddType` <> ? and `progress` in (?, ?, ?) [28.01ms] ["special","run","end","review"] []
[2018-03-12 01:38:56] sql.INFO: select sum(`investmoney`) as aggregate from `user_oldinvest` [27.47ms] [] []
[2018-03-12 01:38:56] sql.INFO: select `oddNumber`, `oddTitle`, `oddReward`, `investType`, `progress`, `addtime`, `oddMoney`, `oddYearRate`, `oddType`, `oddStyle`, `oddBorrowPeriod`, `oddBorrowStyle`, `openTime`, `lookstatus`, `userId` from `work_odd` where `progress` in (?, ?, ?) and `lookstatus` = ? and appointUserId=? and `oddStyle` = ? order by field(progress, ?, ?, ?, ?, ?), `oddTrialTime` desc limit 2 [28.71ms] ["start","review","run","1","","newhand","prep","start","review","run","end"] []
[2018-03-12 01:38:56] sql.INFO: select `oddNumber`, `oddTitle`, `oddReward`, `investType`, `progress`, `addtime`, `oddMoney`, `oddYearRate`, `oddType`, `oddStyle`, `oddBorrowPeriod`, `oddBorrowStyle`, `openTime`, `lookstatus`, `userId` from `work_odd` where `progress` in (?, ?, ?) and `lookstatus` = ? and appointUserId=? and `oddType` = ? and `oddStyle` = ? order by field(progress, ?, ?, ?, ?, ?), `oddTrialTime` desc limit 5 [29.57ms] ["start","review","run","1","","house-mor","normal","prep","start","review","run","end"] []
[2018-03-12 01:38:56] sql.INFO: select count(*) as aggregate from `work_odd` where `progress` = ? and `lookstatus` = ? and (`oddType` = ? and `oddStyle` = ?) and appointUserId=? [28.12ms] ["start",1,"house-mor","normal",""] []
[2018-03-12 01:38:56] sql.INFO: select `oddNumber`, `oddTitle`, `oddReward`, `investType`, `progress`, `addtime`, `oddMoney`, `oddYearRate`, `oddType`, `oddStyle`, `oddBorrowPeriod`, `oddBorrowStyle`, `openTime`, `lookstatus`, `userId` from `work_odd` where `progress` in (?, ?, ?) and `lookstatus` = ? and appointUserId=? and `oddType` = ? and `oddStyle` = ? order by field(progress, ?, ?, ?, ?, ?), `oddTrialTime` desc limit 5 [31.77ms] ["start","review","run","1","","auto-ins","normal","prep","start","review","run","end"] []
[2018-03-12 01:38:56] sql.INFO: select count(*) as aggregate from `work_odd` where `progress` = ? and `lookstatus` = ? and (`oddType` = ? and `oddStyle` = ?) and appointUserId=? [27.5ms] ["start",1,"auto-ins","normal",""] []
[2018-03-12 01:38:56] sql.INFO: select * from `work_creditass` where `work_creditass`.`progress` <> ? order by field(work_creditass.progress, ?, ?) limit 5 [28.92ms] ["fail","start","run"] []
[2018-03-12 01:38:56] sql.INFO: select * from `work_odd` where `work_odd`.`oddNumber` in (?, ?, ?, ?) [29.61ms] ["20180124000004","20171122000008","20171126000001","20171126000002"] []
[2018-03-12 01:38:56] sql.INFO: select * from `work_oddinterest` where `work_oddinterest`.`oddNumber` in (?, ?, ?, ?) [29.86ms] ["20171122000008","20171126000001","20171126000002","20180124000004"] []
[2018-03-12 01:38:56] sql.INFO: select * from `work_oddmoney` where `work_oddmoney`.`id` in (?, ?, ?, ?, ?) [29.82ms] [113,23,63,66,62] []
[2018-03-12 01:38:56] sql.INFO: select * from `work_oddinterest_invest` where `work_oddinterest_invest`.`oddMoneyId` in (?, ?, ?, ?, ?) [28.73ms] [23,62,63,66,113] []
[2018-03-12 01:38:56] sql.INFO: select count(*) as aggregate from `work_creditass` where `progress` = ? and not exists (select * from `work_oddinterest_invest` where `work_oddinterest_invest`.`oddMoneyId` = `work_creditass`.`oddmoneyId` and `endtime` >= ? and `endtime` <= ?) [28.66ms] ["start","2018-03-12 00:00:00","2018-03-12 23:59:59"] []
[2018-03-12 01:38:56] sql.INFO: select * from `system_link` where `link_status` = ? and `link_type` = ? order by `link_sort` desc [27.78ms] [1,"link"] []
[2018-03-12 01:38:56] sql.INFO: select sum(`interest`) as aggregate from `work_oddinterest_invest` where `status` in (?, ?, ?) [28.92ms] [1,3,4] []
[2018-03-12 01:38:56] sql.INFO: select sum(oddMoney) dayOpenMoney, count(1) dayOpenCount from `work_odd` where `openTime` like ? and `progress` in (?, ?, ?, ?) limit 1 [27.79ms] ["2018-03-12%","start","review","run","end"] []
[2018-03-12 01:38:56] sql.INFO: select * from `system_news` where (`news_type` = ?) order by `news_time` desc limit 1 [30.07ms] ["announce"] []
[2018-03-12 01:38:56] sql.INFO: select sum(money) tmoney, `type`, `day`, `news_id` from `system_expect_odds` where `system_expect_odds`.`news_id` in (?) group by `type` [27.51ms] [9140] []
[2018-03-12 01:38:56] sql.INFO: select * from `system_attribute` where identity in (?,?,?) [28.7ms] ["title","keywords","description"] []
[2018-03-12 01:38:57] sql.INFO: select * from `system_userinfo` where `system_userinfo`.`userId` = ? limit 1 [29.42ms] ["2000000153"] []
[2018-03-12 01:38:57] sql.INFO: select * from `system_userinfo` where `system_userinfo`.`userId` = ? limit 1 [41.66ms] ["2000000002"] []
[2018-03-12 01:38:57] sql.INFO: select * from `system_userinfo` where `system_userinfo`.`userId` = ? limit 1 [30.72ms] ["2000000002"] []
[2018-03-12 01:38:57] sql.INFO: select * from `system_userinfo` where `system_userinfo`.`userId` = ? limit 1 [30.06ms] ["2000000002"] []
[2018-03-12 01:38:57] sql.INFO: select * from `system_userinfo` where `system_userinfo`.`userId` = ? limit 1 [29.72ms] ["2000000002"] []
[2018-03-12 01:38:57] sql.INFO: select * from `system_userinfo` where `system_userinfo`.`userId` = ? limit 1 [30.78ms] ["2000000002"] []
[2018-03-12 01:38:57] sql.INFO: select * from `system_userinfo` where `system_userinfo`.`userId` = ? limit 1 [29.6ms] ["2000000008"] []
[2018-03-12 01:38:57] sql.INFO: select * from `system_userinfo` where `system_userinfo`.`userId` = ? limit 1 [29.6ms] ["2000000006"] []
[2018-03-12 01:38:57] sql.INFO: select * from `system_userinfo` where `system_userinfo`.`userId` = ? limit 1 [29.62ms] ["2000000007"] []
[2018-03-12 01:38:57] sql.INFO: select * from `system_userinfo` where `system_userinfo`.`userId` = ? limit 1 [29.58ms] ["2000000006"] []
[2018-03-12 01:38:58] sql.INFO: select * from `system_attribute` where identity in (?,?,?) [28.85ms] ["title","keywords","description"] []
[2018-03-12 01:39:01] sql.INFO: select * from `system_attribute` where identity in (?,?,?) [44.58ms] ["title","keywords","description"] []
[2018-03-12 01:39:03] sql.INFO: select sum(oddMoney) total,count(id) count from `work_odd` where `progress` in (?, ?) limit 1 [28.76ms] ["run","end"] []
[2018-03-12 01:39:03] sql.INFO: select sum(money) total,sum(remain) remainTotal,type,userId from `work_oddmoney` where `status` <> ? group by `type`, `userId` order by `total` desc [29.78ms] ["-1"] []
[2018-03-12 01:39:03] sql.INFO: select * from `system_userinfo` where `system_userinfo`.`userId` in (?, ?, ?, ?, ?, ?, ?, ?, ?, ?, ?, ?, ?, ?, ?, ?, ?, ?, ?, ?, ?, ?, ?, ?, ?, ?, ?) [45.67ms] ["2000000002","2000000036","2000000153","2000000082","2000000030","2000000026","2000000014","2000000080","2000000003","2000000043","2000000015","2000000013","2000000042","2000000028","2000000020","2000000041","2000000010","2000000034","2000000009","2000000011","2000000103","2000000126","2000000033","2000000037","2000000029","2000001001","2000000012"] []
[2018-03-12 01:39:03] sql.INFO: select sum(money) total,sum(remain) remainTotal,type from `work_oddmoney` where `remain` > ? group by `type`, `userId` order by `total` desc [29.76ms] ["0"] []
[2018-03-12 01:39:03] sql.INFO: select sum(`zongEr`) as aggregate from `work_oddinterest` where `status` = ? [27.66ms] ["0"] []
[2018-03-12 01:39:03] sql.INFO: select * from `work_odd` where userId in (select userId from system_userinfo where blackstatus = 1) [30.25ms] [] []
[2018-03-12 01:39:03] sql.INFO: select sum(zongEr) total from `work_oddinterest` where `status` = ? group by `oddNumber` [28.73ms] ["3"] []
[2018-03-12 01:39:03] sql.INFO: select * from `system_attribute` where identity in (?,?,?) [29.73ms] ["title","keywords","description"] []
[2018-03-12 01:39:05] sql.INFO: select * from `system_attribute` where identity in (?,?,?) [39.68ms] ["title","keywords","description"] []
[2018-03-12 01:39:07] sql.INFO: select * from `system_attribute` where identity in (?,?,?) [32.98ms] ["title","keywords","description"] []
[2018-03-12 01:39:10] sql.INFO: select * from `system_attribute` where identity in (?,?,?) [39.56ms] ["title","keywords","description"] []
[2018-03-12 01:39:11] sql.INFO: select * from `system_attribute` where identity in (?,?,?) [44.61ms] ["title","keywords","description"] []
[2018-03-12 01:39:13] sql.INFO: select * from `system_attribute` where identity in (?,?,?) [27.8ms] ["title","keywords","description"] []
[2018-03-12 01:39:15] sql.INFO: select * from `system_attribute` where identity in (?,?,?) [40.65ms] ["title","keywords","description"] []
[2018-03-12 01:39:17] sql.INFO: select * from `system_attribute` where identity in (?,?,?) [32.86ms] ["title","keywords","description"] []
[2018-03-12 01:39:19] sql.INFO: select * from `system_attribute` where identity in (?,?,?) [41.63ms] ["title","keywords","description"] []
[2018-03-12 01:39:21] sql.INFO: select * from `system_attribute` where identity in (?,?,?) [28.93ms] ["title","keywords","description"] []
[2018-03-12 01:39:24] sql.INFO: select * from `system_attribute` where identity in (?,?,?) [34.78ms] ["title","keywords","description"] []
[2018-03-12 01:40:44] sql.INFO: select * from `system_attribute` where identity in (?,?,?) [32.94ms] ["title","keywords","description"] []
[2018-03-12 01:41:29] sql.INFO: select * from `system_attribute` where identity in (?,?,?) [40.62ms] ["title","keywords","description"] []
[2018-03-12 01:54:08] sql.INFO: select `id`, `news_title`, `news_time` from `system_news` where `news_type` = ? order by `news_order` asc, `news_time` desc limit 7 [34.21ms] ["preordelay"] []
[2018-03-12 01:54:09] sql.INFO: select `id`, `news_title`, `news_time` from `system_news` where `news_type` = ? order by `news_order` asc, `news_time` desc limit 4 [34.64ms] ["news"] []
[2018-03-12 01:54:09] sql.INFO: select `id`, `news_title`, `news_time` from `system_news` where `news_type` = ? order by `news_order` asc, `news_time` desc limit 7 [34.49ms] ["edu"] []
[2018-03-12 01:54:09] sql.INFO: select `id`, `news_title`, `news_time` from `system_news` where `news_type` = ? order by `news_order` asc, `news_time` desc limit 7 [36.26ms] ["notice"] []
[2018-03-12 01:54:09] sql.INFO: select count(*) as aggregate from `system_userinfo` [34.82ms] [] []
[2018-03-12 01:54:09] sql.INFO: select * from `system_attribute` where `identity` = ? limit 1 [34.71ms] ["addUserNum"] []
[2018-03-12 01:54:09] sql.INFO: select * from `system_banner` where `type_id` = ? and `status` = ? order by `banner_order` asc, `addtime` desc [34.46ms] [1,1] []
[2018-03-12 01:54:09] sql.INFO: select sum(`zongEr`) as aggregate from `work_oddinterest` where `status` = ? [34.17ms] [0] []
[2018-03-12 01:54:09] sql.INFO: select sum(`oddMoney`) as aggregate from `work_odd` where `oddType` <> ? and `progress` in (?, ?, ?) and `oddRehearTime` between ? and ? [34.51ms] ["special","run","end","review","2018-03-11 00:00:00","2018-03-11 23:59:59"] []
[2018-03-12 01:54:09] sql.INFO: select sum(`oddMoney`) as aggregate from `work_odd` where `oddType` <> ? and `progress` in (?, ?, ?) [33.9ms] ["special","run","end","review"] []
[2018-03-12 01:54:09] sql.INFO: select sum(`investmoney`) as aggregate from `user_oldinvest` [33.33ms] [] []
[2018-03-12 01:54:09] sql.INFO: select `oddNumber`, `oddTitle`, `oddReward`, `investType`, `progress`, `addtime`, `oddMoney`, `oddYearRate`, `oddType`, `oddStyle`, `oddBorrowPeriod`, `oddBorrowStyle`, `openTime`, `lookstatus`, `userId` from `work_odd` where `progress` in (?, ?, ?) and `lookstatus` = ? and appointUserId=? and `oddStyle` = ? order by field(progress, ?, ?, ?, ?, ?), `oddTrialTime` desc limit 2 [35.55ms] ["start","review","run","1","","newhand","prep","start","review","run","end"] []
[2018-03-12 01:54:09] sql.INFO: select `oddNumber`, `oddTitle`, `oddReward`, `investType`, `progress`, `addtime`, `oddMoney`, `oddYearRate`, `oddType`, `oddStyle`, `oddBorrowPeriod`, `oddBorrowStyle`, `openTime`, `lookstatus`, `userId` from `work_odd` where `progress` in (?, ?, ?) and `lookstatus` = ? and appointUserId=? and `oddType` = ? and `oddStyle` = ? order by field(progress, ?, ?, ?, ?, ?), `oddTrialTime` desc limit 5 [39.02ms] ["start","review","run","1","","house-mor","normal","prep","start","review","run","end"] []
[2018-03-12 01:54:09] sql.INFO: select count(*) as aggregate from `work_odd` where `progress` = ? and `lookstatus` = ? and (`oddType` = ? and `oddStyle` = ?) and appointUserId=? [38.61ms] ["start",1,"house-mor","normal",""] []
[2018-03-12 01:54:09] sql.INFO: select `oddNumber`, `oddTitle`, `oddReward`, `investType`, `progress`, `addtime`, `oddMoney`, `oddYearRate`, `oddType`, `oddStyle`, `oddBorrowPeriod`, `oddBorrowStyle`, `openTime`, `lookstatus`, `userId` from `work_odd` where `progress` in (?, ?, ?) and `lookstatus` = ? and appointUserId=? and `oddType` = ? and `oddStyle` = ? order by field(progress, ?, ?, ?, ?, ?), `oddTrialTime` desc limit 5 [36.71ms] ["start","review","run","1","","auto-ins","normal","prep","start","review","run","end"] []
[2018-03-12 01:54:09] sql.INFO: select count(*) as aggregate from `work_odd` where `progress` = ? and `lookstatus` = ? and (`oddType` = ? and `oddStyle` = ?) and appointUserId=? [37.6ms] ["start",1,"auto-ins","normal",""] []
[2018-03-12 01:54:09] sql.INFO: select * from `work_creditass` where `work_creditass`.`progress` <> ? order by field(work_creditass.progress, ?, ?) limit 5 [35.01ms] ["fail","start","run"] []
[2018-03-12 01:54:09] sql.INFO: select * from `work_odd` where `work_odd`.`oddNumber` in (?, ?, ?, ?) [35.52ms] ["20180124000004","20171122000008","20171126000001","20171126000002"] []
[2018-03-12 01:54:09] sql.INFO: select * from `work_oddinterest` where `work_oddinterest`.`oddNumber` in (?, ?, ?, ?) [36.12ms] ["20171122000008","20171126000001","20171126000002","20180124000004"] []
[2018-03-12 01:54:09] sql.INFO: select * from `work_oddmoney` where `work_oddmoney`.`id` in (?, ?, ?, ?, ?) [35.57ms] [113,23,63,66,62] []
[2018-03-12 01:54:09] sql.INFO: select * from `work_oddinterest_invest` where `work_oddinterest_invest`.`oddMoneyId` in (?, ?, ?, ?, ?) [40.22ms] [23,62,63,66,113] []
[2018-03-12 01:54:09] sql.INFO: select count(*) as aggregate from `work_creditass` where `progress` = ? and not exists (select * from `work_oddinterest_invest` where `work_oddinterest_invest`.`oddMoneyId` = `work_creditass`.`oddmoneyId` and `endtime` >= ? and `endtime` <= ?) [34.5ms] ["start","2018-03-12 00:00:00","2018-03-12 23:59:59"] []
[2018-03-12 01:54:09] sql.INFO: select * from `system_link` where `link_status` = ? and `link_type` = ? order by `link_sort` desc [36.87ms] [1,"link"] []
[2018-03-12 01:54:09] sql.INFO: select sum(`interest`) as aggregate from `work_oddinterest_invest` where `status` in (?, ?, ?) [34.48ms] [1,3,4] []
[2018-03-12 01:54:09] sql.INFO: select sum(oddMoney) dayOpenMoney, count(1) dayOpenCount from `work_odd` where `openTime` like ? and `progress` in (?, ?, ?, ?) limit 1 [33.89ms] ["2018-03-12%","start","review","run","end"] []
[2018-03-12 01:54:09] sql.INFO: select * from `system_news` where (`news_type` = ?) order by `news_time` desc limit 1 [35.86ms] ["announce"] []
[2018-03-12 01:54:09] sql.INFO: select sum(money) tmoney, `type`, `day`, `news_id` from `system_expect_odds` where `system_expect_odds`.`news_id` in (?) group by `type` [34.27ms] [9140] []
[2018-03-12 01:54:10] sql.INFO: select * from `system_attribute` where identity in (?,?,?) [34.65ms] ["title","keywords","description"] []
[2018-03-12 01:54:10] sql.INFO: select * from `system_userinfo` where `system_userinfo`.`userId` = ? limit 1 [36.47ms] ["2000000153"] []
[2018-03-12 01:54:10] sql.INFO: select * from `system_userinfo` where `system_userinfo`.`userId` = ? limit 1 [39.55ms] ["2000000002"] []
[2018-03-12 01:54:10] sql.INFO: select * from `system_userinfo` where `system_userinfo`.`userId` = ? limit 1 [36.47ms] ["2000000002"] []
[2018-03-12 01:54:10] sql.INFO: select * from `system_userinfo` where `system_userinfo`.`userId` = ? limit 1 [36.64ms] ["2000000002"] []
[2018-03-12 01:54:10] sql.INFO: select * from `system_userinfo` where `system_userinfo`.`userId` = ? limit 1 [35.52ms] ["2000000002"] []
[2018-03-12 01:54:10] sql.INFO: select * from `system_userinfo` where `system_userinfo`.`userId` = ? limit 1 [35.49ms] ["2000000002"] []
[2018-03-12 01:54:10] sql.INFO: select * from `system_userinfo` where `system_userinfo`.`userId` = ? limit 1 [37.1ms] ["2000000008"] []
[2018-03-12 01:54:10] sql.INFO: select * from `system_userinfo` where `system_userinfo`.`userId` = ? limit 1 [36.96ms] ["2000000006"] []
[2018-03-12 01:54:10] sql.INFO: select * from `system_userinfo` where `system_userinfo`.`userId` = ? limit 1 [36.63ms] ["2000000007"] []
[2018-03-12 01:54:11] sql.INFO: select * from `system_userinfo` where `system_userinfo`.`userId` = ? limit 1 [36.61ms] ["2000000006"] []
[2018-03-12 01:55:03] sql.INFO: select `id`, `news_title`, `news_time` from `system_news` where `news_type` = ? order by `news_order` asc, `news_time` desc limit 7 [35.45ms] ["preordelay"] []
[2018-03-12 01:55:03] sql.INFO: select `id`, `news_title`, `news_time` from `system_news` where `news_type` = ? order by `news_order` asc, `news_time` desc limit 4 [33.94ms] ["news"] []
[2018-03-12 01:55:03] sql.INFO: select `id`, `news_title`, `news_time` from `system_news` where `news_type` = ? order by `news_order` asc, `news_time` desc limit 7 [34.83ms] ["edu"] []
[2018-03-12 01:55:03] sql.INFO: select `id`, `news_title`, `news_time` from `system_news` where `news_type` = ? order by `news_order` asc, `news_time` desc limit 7 [34.33ms] ["notice"] []
[2018-03-12 01:55:03] sql.INFO: select count(*) as aggregate from `system_userinfo` [33.65ms] [] []
[2018-03-12 01:55:03] sql.INFO: select * from `system_attribute` where `identity` = ? limit 1 [34.79ms] ["addUserNum"] []
[2018-03-12 01:55:03] sql.INFO: select * from `system_banner` where `type_id` = ? and `status` = ? order by `banner_order` asc, `addtime` desc [34.52ms] [1,1] []
[2018-03-12 01:55:03] sql.INFO: select sum(`zongEr`) as aggregate from `work_oddinterest` where `status` = ? [34.33ms] [0] []
[2018-03-12 01:55:03] sql.INFO: select sum(`oddMoney`) as aggregate from `work_odd` where `oddType` <> ? and `progress` in (?, ?, ?) and `oddRehearTime` between ? and ? [36.98ms] ["special","run","end","review","2018-03-11 00:00:00","2018-03-11 23:59:59"] []
[2018-03-12 01:55:03] sql.INFO: select sum(`oddMoney`) as aggregate from `work_odd` where `oddType` <> ? and `progress` in (?, ?, ?) [34.61ms] ["special","run","end","review"] []
[2018-03-12 01:55:03] sql.INFO: select sum(`investmoney`) as aggregate from `user_oldinvest` [33.4ms] [] []
[2018-03-12 01:55:03] sql.INFO: select `oddNumber`, `oddTitle`, `oddReward`, `investType`, `progress`, `addtime`, `oddMoney`, `oddYearRate`, `oddType`, `oddStyle`, `oddBorrowPeriod`, `oddBorrowStyle`, `openTime`, `lookstatus`, `userId` from `work_odd` where `progress` in (?, ?, ?) and `lookstatus` = ? and appointUserId=? and `oddStyle` = ? order by field(progress, ?, ?, ?, ?, ?), `oddTrialTime` desc limit 2 [35.7ms] ["start","review","run","1","","newhand","prep","start","review","run","end"] []
[2018-03-12 01:55:03] sql.INFO: select `oddNumber`, `oddTitle`, `oddReward`, `investType`, `progress`, `addtime`, `oddMoney`, `oddYearRate`, `oddType`, `oddStyle`, `oddBorrowPeriod`, `oddBorrowStyle`, `openTime`, `lookstatus`, `userId` from `work_odd` where `progress` in (?, ?, ?) and `lookstatus` = ? and appointUserId=? and `oddType` = ? and `oddStyle` = ? order by field(progress, ?, ?, ?, ?, ?), `oddTrialTime` desc limit 5 [35.77ms] ["start","review","run","1","","house-mor","normal","prep","start","review","run","end"] []
[2018-03-12 01:55:03] sql.INFO: select count(*) as aggregate from `work_odd` where `progress` = ? and `lookstatus` = ? and (`oddType` = ? and `oddStyle` = ?) and appointUserId=? [34.09ms] ["start",1,"house-mor","normal",""] []
[2018-03-12 01:55:03] sql.INFO: select `oddNumber`, `oddTitle`, `oddReward`, `investType`, `progress`, `addtime`, `oddMoney`, `oddYearRate`, `oddType`, `oddStyle`, `oddBorrowPeriod`, `oddBorrowStyle`, `openTime`, `lookstatus`, `userId` from `work_odd` where `progress` in (?, ?, ?) and `lookstatus` = ? and appointUserId=? and `oddType` = ? and `oddStyle` = ? order by field(progress, ?, ?, ?, ?, ?), `oddTrialTime` desc limit 5 [36.19ms] ["start","review","run","1","","auto-ins","normal","prep","start","review","run","end"] []
[2018-03-12 01:55:03] sql.INFO: select count(*) as aggregate from `work_odd` where `progress` = ? and `lookstatus` = ? and (`oddType` = ? and `oddStyle` = ?) and appointUserId=? [34.31ms] ["start",1,"auto-ins","normal",""] []
[2018-03-12 01:55:03] sql.INFO: select * from `work_creditass` where `work_creditass`.`progress` <> ? order by field(work_creditass.progress, ?, ?) limit 5 [35.39ms] ["fail","start","run"] []
[2018-03-12 01:55:03] sql.INFO: select * from `work_odd` where `work_odd`.`oddNumber` in (?, ?, ?, ?) [36.16ms] ["20180124000004","20171122000008","20171126000001","20171126000002"] []
[2018-03-12 01:55:03] sql.INFO: select * from `work_oddinterest` where `work_oddinterest`.`oddNumber` in (?, ?, ?, ?) [35.78ms] ["20171122000008","20171126000001","20171126000002","20180124000004"] []
[2018-03-12 01:55:03] sql.INFO: select * from `work_oddmoney` where `work_oddmoney`.`id` in (?, ?, ?, ?, ?) [36.35ms] [113,23,63,66,62] []
[2018-03-12 01:55:03] sql.INFO: select * from `work_oddinterest_invest` where `work_oddinterest_invest`.`oddMoneyId` in (?, ?, ?, ?, ?) [36.17ms] [23,62,63,66,113] []
[2018-03-12 01:55:03] sql.INFO: select count(*) as aggregate from `work_creditass` where `progress` = ? and not exists (select * from `work_oddinterest_invest` where `work_oddinterest_invest`.`oddMoneyId` = `work_creditass`.`oddmoneyId` and `endtime` >= ? and `endtime` <= ?) [36.24ms] ["start","2018-03-12 00:00:00","2018-03-12 23:59:59"] []
[2018-03-12 01:55:03] sql.INFO: select * from `system_link` where `link_status` = ? and `link_type` = ? order by `link_sort` desc [34.2ms] [1,"link"] []
[2018-03-12 01:55:03] sql.INFO: select sum(`interest`) as aggregate from `work_oddinterest_invest` where `status` in (?, ?, ?) [35.74ms] [1,3,4] []
[2018-03-12 01:55:03] sql.INFO: select sum(oddMoney) dayOpenMoney, count(1) dayOpenCount from `work_odd` where `openTime` like ? and `progress` in (?, ?, ?, ?) limit 1 [34.7ms] ["2018-03-12%","start","review","run","end"] []
[2018-03-12 01:55:04] sql.INFO: select * from `system_news` where (`news_type` = ?) order by `news_time` desc limit 1 [38.11ms] ["announce"] []
[2018-03-12 01:55:04] sql.INFO: select sum(money) tmoney, `type`, `day`, `news_id` from `system_expect_odds` where `system_expect_odds`.`news_id` in (?) group by `type` [37.69ms] [9140] []
[2018-03-12 01:55:04] sql.INFO: select * from `system_attribute` where identity in (?,?,?) [34.65ms] ["title","keywords","description"] []
[2018-03-12 01:55:04] sql.INFO: select * from `system_userinfo` where `system_userinfo`.`userId` = ? limit 1 [35.48ms] ["2000000153"] []
[2018-03-12 01:55:04] sql.INFO: select * from `system_userinfo` where `system_userinfo`.`userId` = ? limit 1 [36.51ms] ["2000000002"] []
[2018-03-12 01:55:04] sql.INFO: select * from `system_userinfo` where `system_userinfo`.`userId` = ? limit 1 [35.73ms] ["2000000002"] []
[2018-03-12 01:55:04] sql.INFO: select * from `system_userinfo` where `system_userinfo`.`userId` = ? limit 1 [35.61ms] ["2000000002"] []
[2018-03-12 01:55:04] sql.INFO: select * from `system_userinfo` where `system_userinfo`.`userId` = ? limit 1 [35.72ms] ["2000000002"] []
[2018-03-12 01:55:04] sql.INFO: select * from `system_userinfo` where `system_userinfo`.`userId` = ? limit 1 [36.72ms] ["2000000002"] []
[2018-03-12 01:55:04] sql.INFO: select * from `system_userinfo` where `system_userinfo`.`userId` = ? limit 1 [35.5ms] ["2000000008"] []
[2018-03-12 01:55:04] sql.INFO: select * from `system_userinfo` where `system_userinfo`.`userId` = ? limit 1 [35.76ms] ["2000000006"] []
[2018-03-12 01:55:04] sql.INFO: select * from `system_userinfo` where `system_userinfo`.`userId` = ? limit 1 [35.85ms] ["2000000007"] []
[2018-03-12 01:55:04] sql.INFO: select * from `system_userinfo` where `system_userinfo`.`userId` = ? limit 1 [35.71ms] ["2000000006"] []
[2018-03-12 01:55:11] sql.INFO: select * from `auth_actions` where `domain` = ? and `module` = ? and `link` = ? limit 1 [34.84ms] ["user","Index","/login/index"] []
[2018-03-12 01:55:11] sql.INFO: select * from `system_attribute` where identity in (?,?,?) [34.72ms] ["title","keywords","description"] []
[2018-03-12 01:55:30] sql.INFO: select * from `auth_actions` where `domain` = ? and `module` = ? and `link` = ? limit 1 [32.76ms] ["user","Index","/login/index"] []
[2018-03-12 01:55:30] sql.INFO: select * from `system_attribute` where identity in (?,?,?) [33.9ms] ["title","keywords","description"] []
[2018-03-12 03:10:05] sql.INFO: select `id`, `news_title`, `news_time` from `system_news` where `news_type` = ? order by `news_order` asc, `news_time` desc limit 7 [34.08ms] ["preordelay"] []
[2018-03-12 03:10:05] sql.INFO: select `id`, `news_title`, `news_time` from `system_news` where `news_type` = ? order by `news_order` asc, `news_time` desc limit 4 [33.31ms] ["news"] []
[2018-03-12 03:10:05] sql.INFO: select `id`, `news_title`, `news_time` from `system_news` where `news_type` = ? order by `news_order` asc, `news_time` desc limit 7 [35.57ms] ["edu"] []
[2018-03-12 03:10:05] sql.INFO: select `id`, `news_title`, `news_time` from `system_news` where `news_type` = ? order by `news_order` asc, `news_time` desc limit 7 [30.52ms] ["notice"] []
[2018-03-12 03:10:05] sql.INFO: select count(*) as aggregate from `system_userinfo` [32.46ms] [] []
[2018-03-12 03:10:05] sql.INFO: select * from `system_attribute` where `identity` = ? limit 1 [33.56ms] ["addUserNum"] []
[2018-03-12 03:10:06] sql.INFO: select * from `system_banner` where `type_id` = ? and `status` = ? order by `banner_order` asc, `addtime` desc [31.86ms] [1,1] []
[2018-03-12 03:10:06] sql.INFO: select sum(`zongEr`) as aggregate from `work_oddinterest` where `status` = ? [42.78ms] [0] []
[2018-03-12 03:10:06] sql.INFO: select sum(`oddMoney`) as aggregate from `work_odd` where `oddType` <> ? and `progress` in (?, ?, ?) and `oddRehearTime` between ? and ? [29.84ms] ["special","run","end","review","2018-03-11 00:00:00","2018-03-11 23:59:59"] []
[2018-03-12 03:10:06] sql.INFO: select sum(`oddMoney`) as aggregate from `work_odd` where `oddType` <> ? and `progress` in (?, ?, ?) [31.44ms] ["special","run","end","review"] []
[2018-03-12 03:10:06] sql.INFO: select sum(`investmoney`) as aggregate from `user_oldinvest` [28.77ms] [] []
[2018-03-12 03:10:06] sql.INFO: select `oddNumber`, `oddTitle`, `oddReward`, `investType`, `progress`, `addtime`, `oddMoney`, `oddYearRate`, `oddType`, `oddStyle`, `oddBorrowPeriod`, `oddBorrowStyle`, `openTime`, `lookstatus`, `userId` from `work_odd` where `progress` in (?, ?, ?) and `lookstatus` = ? and appointUserId=? and `oddStyle` = ? order by field(progress, ?, ?, ?, ?, ?), `oddTrialTime` desc limit 2 [30.82ms] ["start","review","run","1","","newhand","prep","start","review","run","end"] []
[2018-03-12 03:10:06] sql.INFO: select `oddNumber`, `oddTitle`, `oddReward`, `investType`, `progress`, `addtime`, `oddMoney`, `oddYearRate`, `oddType`, `oddStyle`, `oddBorrowPeriod`, `oddBorrowStyle`, `openTime`, `lookstatus`, `userId` from `work_odd` where `progress` in (?, ?, ?) and `lookstatus` = ? and appointUserId=? and `oddType` = ? and `oddStyle` = ? order by field(progress, ?, ?, ?, ?, ?), `oddTrialTime` desc limit 5 [29.82ms] ["start","review","run","1","","house-mor","normal","prep","start","review","run","end"] []
[2018-03-12 03:10:06] sql.INFO: select count(*) as aggregate from `work_odd` where `progress` = ? and `lookstatus` = ? and (`oddType` = ? and `oddStyle` = ?) and appointUserId=? [29.09ms] ["start",1,"house-mor","normal",""] []
[2018-03-12 03:10:06] sql.INFO: select `oddNumber`, `oddTitle`, `oddReward`, `investType`, `progress`, `addtime`, `oddMoney`, `oddYearRate`, `oddType`, `oddStyle`, `oddBorrowPeriod`, `oddBorrowStyle`, `openTime`, `lookstatus`, `userId` from `work_odd` where `progress` in (?, ?, ?) and `lookstatus` = ? and appointUserId=? and `oddType` = ? and `oddStyle` = ? order by field(progress, ?, ?, ?, ?, ?), `oddTrialTime` desc limit 5 [29.56ms] ["start","review","run","1","","auto-ins","normal","prep","start","review","run","end"] []
[2018-03-12 03:10:06] sql.INFO: select count(*) as aggregate from `work_odd` where `progress` = ? and `lookstatus` = ? and (`oddType` = ? and `oddStyle` = ?) and appointUserId=? [29.26ms] ["start",1,"auto-ins","normal",""] []
[2018-03-12 03:10:06] sql.INFO: select * from `work_creditass` where `work_creditass`.`progress` <> ? order by field(work_creditass.progress, ?, ?) limit 5 [29.89ms] ["fail","start","run"] []
[2018-03-12 03:10:06] sql.INFO: select * from `work_odd` where `work_odd`.`oddNumber` in (?, ?, ?, ?) [30.72ms] ["20180124000004","20171122000008","20171126000001","20171126000002"] []
[2018-03-12 03:10:06] sql.INFO: select * from `work_oddinterest` where `work_oddinterest`.`oddNumber` in (?, ?, ?, ?) [30.51ms] ["20171122000008","20171126000001","20171126000002","20180124000004"] []
[2018-03-12 03:10:06] sql.INFO: select * from `work_oddmoney` where `work_oddmoney`.`id` in (?, ?, ?, ?, ?) [29.83ms] [113,23,63,66,62] []
[2018-03-12 03:10:06] sql.INFO: select * from `work_oddinterest_invest` where `work_oddinterest_invest`.`oddMoneyId` in (?, ?, ?, ?, ?) [33.08ms] [23,62,63,66,113] []
[2018-03-12 03:10:06] sql.INFO: select count(*) as aggregate from `work_creditass` where `progress` = ? and not exists (select * from `work_oddinterest_invest` where `work_oddinterest_invest`.`oddMoneyId` = `work_creditass`.`oddmoneyId` and `endtime` >= ? and `endtime` <= ?) [29.11ms] ["start","2018-03-12 00:00:00","2018-03-12 23:59:59"] []
[2018-03-12 03:10:06] sql.INFO: select * from `system_link` where `link_status` = ? and `link_type` = ? order by `link_sort` desc [29.86ms] [1,"link"] []
[2018-03-12 03:10:06] sql.INFO: select sum(`interest`) as aggregate from `work_oddinterest_invest` where `status` in (?, ?, ?) [28.76ms] [1,3,4] []
[2018-03-12 03:10:06] sql.INFO: select sum(oddMoney) dayOpenMoney, count(1) dayOpenCount from `work_odd` where `openTime` like ? and `progress` in (?, ?, ?, ?) limit 1 [28.85ms] ["2018-03-12%","start","review","run","end"] []
[2018-03-12 03:10:06] sql.INFO: select * from `system_news` where (`news_type` = ?) order by `news_time` desc limit 1 [30.25ms] ["announce"] []
[2018-03-12 03:10:06] sql.INFO: select sum(money) tmoney, `type`, `day`, `news_id` from `system_expect_odds` where `system_expect_odds`.`news_id` in (?) group by `type` [29.22ms] [9140] []
[2018-03-12 03:10:06] sql.INFO: select * from `system_attribute` where identity in (?,?,?) [29.91ms] ["title","keywords","description"] []
[2018-03-12 03:10:06] sql.INFO: select * from `system_userinfo` where `system_userinfo`.`userId` = ? limit 1 [31.45ms] ["2000000153"] []
[2018-03-12 03:10:06] sql.INFO: select * from `system_userinfo` where `system_userinfo`.`userId` = ? limit 1 [31.69ms] ["2000000002"] []
[2018-03-12 03:10:06] sql.INFO: select * from `system_userinfo` where `system_userinfo`.`userId` = ? limit 1 [31.83ms] ["2000000002"] []
[2018-03-12 03:10:07] sql.INFO: select * from `system_userinfo` where `system_userinfo`.`userId` = ? limit 1 [31.83ms] ["2000000002"] []
[2018-03-12 03:10:07] sql.INFO: select * from `system_userinfo` where `system_userinfo`.`userId` = ? limit 1 [31.83ms] ["2000000002"] []
[2018-03-12 03:10:07] sql.INFO: select * from `system_userinfo` where `system_userinfo`.`userId` = ? limit 1 [31.97ms] ["2000000002"] []
[2018-03-12 03:10:07] sql.INFO: select * from `system_userinfo` where `system_userinfo`.`userId` = ? limit 1 [31.77ms] ["2000000008"] []
[2018-03-12 03:10:07] sql.INFO: select * from `system_userinfo` where `system_userinfo`.`userId` = ? limit 1 [31.81ms] ["2000000006"] []
[2018-03-12 03:10:07] sql.INFO: select * from `system_userinfo` where `system_userinfo`.`userId` = ? limit 1 [31.86ms] ["2000000007"] []
[2018-03-12 03:10:07] sql.INFO: select * from `system_userinfo` where `system_userinfo`.`userId` = ? limit 1 [31.58ms] ["2000000006"] []
[2018-03-12 03:10:07] sql.INFO: select * from `system_attribute` where identity in (?,?,?) [44.53ms] ["title","keywords","description"] []
[2018-03-12 03:10:09] sql.INFO: select * from `system_attribute` where identity in (?,?,?) [40.71ms] ["title","keywords","description"] []
[2018-03-12 06:58:09] sql.INFO: select `id`, `news_title`, `news_time` from `system_news` where `news_type` = ? order by `news_order` asc, `news_time` desc limit 7 [28.65ms] ["preordelay"] []
[2018-03-12 06:58:09] sql.INFO: select `id`, `news_title`, `news_time` from `system_news` where `news_type` = ? order by `news_order` asc, `news_time` desc limit 4 [28.96ms] ["news"] []
[2018-03-12 06:58:09] sql.INFO: select `id`, `news_title`, `news_time` from `system_news` where `news_type` = ? order by `news_order` asc, `news_time` desc limit 7 [29.16ms] ["edu"] []
[2018-03-12 06:58:09] sql.INFO: select `id`, `news_title`, `news_time` from `system_news` where `news_type` = ? order by `news_order` asc, `news_time` desc limit 7 [28.74ms] ["notice"] []
[2018-03-12 06:58:09] sql.INFO: select count(*) as aggregate from `system_userinfo` [27.87ms] [] []
[2018-03-12 06:58:09] sql.INFO: select * from `system_attribute` where `identity` = ? limit 1 [27.47ms] ["addUserNum"] []
[2018-03-12 06:58:09] sql.INFO: select * from `system_banner` where `type_id` = ? and `status` = ? order by `banner_order` asc, `addtime` desc [28.88ms] [1,1] []
[2018-03-12 06:58:09] sql.INFO: select sum(`zongEr`) as aggregate from `work_oddinterest` where `status` = ? [27.35ms] [0] []
[2018-03-12 06:58:09] sql.INFO: select sum(`oddMoney`) as aggregate from `work_odd` where `oddType` <> ? and `progress` in (?, ?, ?) and `oddRehearTime` between ? and ? [29.03ms] ["special","run","end","review","2018-03-11 00:00:00","2018-03-11 23:59:59"] []
[2018-03-12 06:58:09] sql.INFO: select sum(`oddMoney`) as aggregate from `work_odd` where `oddType` <> ? and `progress` in (?, ?, ?) [29.04ms] ["special","run","end","review"] []
[2018-03-12 06:58:09] sql.INFO: select sum(`investmoney`) as aggregate from `user_oldinvest` [27.47ms] [] []
[2018-03-12 06:58:09] sql.INFO: select `oddNumber`, `oddTitle`, `oddReward`, `investType`, `progress`, `addtime`, `oddMoney`, `oddYearRate`, `oddType`, `oddStyle`, `oddBorrowPeriod`, `oddBorrowStyle`, `openTime`, `lookstatus`, `userId` from `work_odd` where `progress` in (?, ?, ?) and `lookstatus` = ? and appointUserId=? and `oddStyle` = ? order by field(progress, ?, ?, ?, ?, ?), `oddTrialTime` desc limit 2 [28.83ms] ["start","review","run","1","","newhand","prep","start","review","run","end"] []
[2018-03-12 06:58:09] sql.INFO: select `oddNumber`, `oddTitle`, `oddReward`, `investType`, `progress`, `addtime`, `oddMoney`, `oddYearRate`, `oddType`, `oddStyle`, `oddBorrowPeriod`, `oddBorrowStyle`, `openTime`, `lookstatus`, `userId` from `work_odd` where `progress` in (?, ?, ?) and `lookstatus` = ? and appointUserId=? and `oddType` = ? and `oddStyle` = ? order by field(progress, ?, ?, ?, ?, ?), `oddTrialTime` desc limit 5 [29.7ms] ["start","review","run","1","","house-mor","normal","prep","start","review","run","end"] []
[2018-03-12 06:58:09] sql.INFO: select count(*) as aggregate from `work_odd` where `progress` = ? and `lookstatus` = ? and (`oddType` = ? and `oddStyle` = ?) and appointUserId=? [27.35ms] ["start",1,"house-mor","normal",""] []
[2018-03-12 06:58:09] sql.INFO: select `oddNumber`, `oddTitle`, `oddReward`, `investType`, `progress`, `addtime`, `oddMoney`, `oddYearRate`, `oddType`, `oddStyle`, `oddBorrowPeriod`, `oddBorrowStyle`, `openTime`, `lookstatus`, `userId` from `work_odd` where `progress` in (?, ?, ?) and `lookstatus` = ? and appointUserId=? and `oddType` = ? and `oddStyle` = ? order by field(progress, ?, ?, ?, ?, ?), `oddTrialTime` desc limit 5 [29.44ms] ["start","review","run","1","","auto-ins","normal","prep","start","review","run","end"] []
[2018-03-12 06:58:09] sql.INFO: select count(*) as aggregate from `work_odd` where `progress` = ? and `lookstatus` = ? and (`oddType` = ? and `oddStyle` = ?) and appointUserId=? [28.19ms] ["start",1,"auto-ins","normal",""] []
[2018-03-12 06:58:10] sql.INFO: select * from `work_creditass` where `work_creditass`.`progress` <> ? order by field(work_creditass.progress, ?, ?) limit 5 [28.88ms] ["fail","start","run"] []
[2018-03-12 06:58:10] sql.INFO: select * from `work_odd` where `work_odd`.`oddNumber` in (?, ?, ?, ?) [29.69ms] ["20180124000004","20171122000008","20171126000001","20171126000002"] []
[2018-03-12 06:58:10] sql.INFO: select * from `work_oddinterest` where `work_oddinterest`.`oddNumber` in (?, ?, ?, ?) [29.85ms] ["20171122000008","20171126000001","20171126000002","20180124000004"] []
[2018-03-12 06:58:10] sql.INFO: select * from `work_oddmoney` where `work_oddmoney`.`id` in (?, ?, ?, ?, ?) [28.39ms] [113,23,63,66,62] []
[2018-03-12 06:58:10] sql.INFO: select * from `work_oddinterest_invest` where `work_oddinterest_invest`.`oddMoneyId` in (?, ?, ?, ?, ?) [29.63ms] [23,62,63,66,113] []
[2018-03-12 06:58:10] sql.INFO: select count(*) as aggregate from `work_creditass` where `progress` = ? and not exists (select * from `work_oddinterest_invest` where `work_oddinterest_invest`.`oddMoneyId` = `work_creditass`.`oddmoneyId` and `endtime` >= ? and `endtime` <= ?) [29.05ms] ["start","2018-03-12 00:00:00","2018-03-12 23:59:59"] []
[2018-03-12 06:58:10] sql.INFO: select * from `system_link` where `link_status` = ? and `link_type` = ? order by `link_sort` desc [32.67ms] [1,"link"] []
[2018-03-12 06:58:10] sql.INFO: select sum(`interest`) as aggregate from `work_oddinterest_invest` where `status` in (?, ?, ?) [28.76ms] [1,3,4] []
[2018-03-12 06:58:10] sql.INFO: select sum(oddMoney) dayOpenMoney, count(1) dayOpenCount from `work_odd` where `openTime` like ? and `progress` in (?, ?, ?, ?) limit 1 [27.88ms] ["2018-03-12%","start","review","run","end"] []
[2018-03-12 06:58:10] sql.INFO: select * from `system_news` where (`news_type` = ?) order by `news_time` desc limit 1 [31.02ms] ["announce"] []
[2018-03-12 06:58:10] sql.INFO: select sum(money) tmoney, `type`, `day`, `news_id` from `system_expect_odds` where `system_expect_odds`.`news_id` in (?) group by `type` [27.58ms] [9140] []
[2018-03-12 06:58:10] sql.INFO: select * from `system_attribute` where identity in (?,?,?) [27.64ms] ["title","keywords","description"] []
[2018-03-12 06:58:10] sql.INFO: select * from `system_userinfo` where `system_userinfo`.`userId` = ? limit 1 [30.83ms] ["2000000153"] []
[2018-03-12 06:58:10] sql.INFO: select * from `system_userinfo` where `system_userinfo`.`userId` = ? limit 1 [29.36ms] ["2000000002"] []
[2018-03-12 06:58:10] sql.INFO: select * from `system_userinfo` where `system_userinfo`.`userId` = ? limit 1 [29.84ms] ["2000000002"] []
[2018-03-12 06:58:10] sql.INFO: select * from `system_userinfo` where `system_userinfo`.`userId` = ? limit 1 [30.13ms] ["2000000002"] []
[2018-03-12 06:58:10] sql.INFO: select * from `system_userinfo` where `system_userinfo`.`userId` = ? limit 1 [30ms] ["2000000002"] []
[2018-03-12 06:58:10] sql.INFO: select * from `system_userinfo` where `system_userinfo`.`userId` = ? limit 1 [30.23ms] ["2000000002"] []
[2018-03-12 06:58:10] sql.INFO: select * from `system_userinfo` where `system_userinfo`.`userId` = ? limit 1 [29.99ms] ["2000000008"] []
[2018-03-12 06:58:11] sql.INFO: select * from `system_userinfo` where `system_userinfo`.`userId` = ? limit 1 [30.12ms] ["2000000006"] []
[2018-03-12 06:58:11] sql.INFO: select * from `system_userinfo` where `system_userinfo`.`userId` = ? limit 1 [30.13ms] ["2000000007"] []
[2018-03-12 06:58:11] sql.INFO: select * from `system_userinfo` where `system_userinfo`.`userId` = ? limit 1 [30.07ms] ["2000000006"] []
[2018-03-12 06:58:12] sql.INFO: select * from `system_attribute` where identity in (?,?,?) [29.01ms] ["title","keywords","description"] []
[2018-03-12 06:58:15] sql.INFO: select * from `system_attribute` where identity in (?,?,?) [32.85ms] ["title","keywords","description"] []
