[2018-01-04 06:40:18] sql.INFO: select `id`, `news_title`, `news_time` from `system_news` where `news_type` = ? order by `news_order` asc, `news_time` desc limit 7 [41.43ms] ["announce"] []
[2018-01-04 06:40:18] sql.INFO: select count(*) as aggregate from `system_userinfo` [40.4ms] [] []
[2018-01-04 06:40:18] sql.INFO: select * from `system_attribute` where `identity` = ? limit 1 [43.08ms] ["addUserNum"] []
[2018-01-04 06:40:18] sql.INFO: select * from `system_banner` where `type_id` = ? and `status` = ? order by `banner_order` asc, `addtime` desc [41.71ms] [1,1] []
[2018-01-04 06:40:18] sql.INFO: select sum(`zongEr`) as aggregate from `work_oddinterest` where `status` = ? [45.36ms] [0] []
[2018-01-04 06:40:18] sql.INFO: select sum(`oddMoney`) as aggregate from `work_odd` where `oddType` <> ? and `progress` in (?, ?, ?) and `oddRehearTime` between ? and ? [118.97ms] ["special","run","end","review","2018-01-03 00:00:00","2018-01-03 23:59:59"] []
[2018-01-04 06:40:19] sql.INFO: select sum(`oddMoney`) as aggregate from `work_odd` where `oddType` <> ? and `progress` in (?, ?, ?) [41.07ms] ["special","run","end","review"] []
[2018-01-04 06:40:19] sql.INFO: select sum(`investmoney`) as aggregate from `user_oldinvest` [51.87ms] [] []
[2018-01-04 06:40:19] sql.INFO: select `oddNumber`, `oddTitle`, `oddReward`, `investType`, `progress`, `addtime`, `oddMoney`, `oddYearRate`, `oddType`, `oddStyle`, `oddBorrowPeriod`, `oddBorrowStyle`, `openTime`, `lookstatus` from `work_odd` where `progress` in (?, ?, ?) and `lookstatus` = ? and appointUserId=? and `oddStyle` = ? order by field(progress, ?, ?, ?, ?, ?), `oddTrialTime` desc limit 2 [42.65ms] ["start","review","run","1","","newhand","prep","start","review","run","end"] []
[2018-01-04 06:40:19] sql.INFO: select `oddNumber`, `oddTitle`, `oddReward`, `investType`, `progress`, `addtime`, `oddMoney`, `oddYearRate`, `oddType`, `oddStyle`, `oddBorrowPeriod`, `oddBorrowStyle`, `openTime`, `lookstatus` from `work_odd` where `progress` in (?, ?, ?) and `lookstatus` = ? and appointUserId=? and `oddType` = ? and `oddStyle` = ? order by field(progress, ?, ?, ?, ?, ?), `oddTrialTime` desc limit 5 [53.17ms] ["start","review","run","1","","house-mor","normal","prep","start","review","run","end"] []
[2018-01-04 06:40:19] sql.INFO: select count(*) as aggregate from `work_odd` where `progress` = ? and `lookstatus` = ? and (`oddType` = ?) and appointUserId=? [41.25ms] ["start",1,"house-mor",""] []
[2018-01-04 06:40:19] sql.INFO: select `oddNumber`, `oddTitle`, `oddReward`, `investType`, `progress`, `addtime`, `oddMoney`, `oddYearRate`, `oddType`, `oddStyle`, `oddBorrowPeriod`, `oddBorrowStyle`, `openTime`, `lookstatus` from `work_odd` where `progress` in (?, ?, ?) and `lookstatus` = ? and appointUserId=? and `oddType` = ? and `oddStyle` = ? order by field(progress, ?, ?, ?, ?, ?), `oddTrialTime` desc limit 5 [40.84ms] ["start","review","run","1","","auto-ins","normal","prep","start","review","run","end"] []
[2018-01-04 06:40:19] sql.INFO: select count(*) as aggregate from `work_odd` where `progress` = ? and `lookstatus` = ? and (`oddType` = ?) and appointUserId=? [39.98ms] ["start",1,"auto-ins",""] []
[2018-01-04 06:40:19] sql.INFO: select * from `work_creditass` where `work_creditass`.`progress` <> ? order by field(work_creditass.progress, ?, ?), `work_creditass`.`addtime` desc limit 5 [42.39ms] ["fail","start","run"] []
[2018-01-04 06:40:19] sql.INFO: select * from `work_odd` where `work_odd`.`oddNumber` in (?, ?, ?, ?, ?) [45.12ms] ["20180103000002","20171201000009","20171122000008","20171129000004","20171129000003"] []
[2018-01-04 06:40:19] sql.INFO: select * from `work_oddinterest` where `work_oddinterest`.`oddNumber` in (?, ?, ?, ?, ?) [46.15ms] ["20171122000008","20171129000003","20171129000004","20171201000009","20180103000002"] []
[2018-01-04 06:40:19] sql.INFO: select * from `work_oddmoney` where `work_oddmoney`.`id` in (?, ?, ?, ?, ?) [42.41ms] [107,93,23,84,86] []
[2018-01-04 06:40:19] sql.INFO: select * from `work_oddinterest_invest` where `work_oddinterest_invest`.`oddMoneyId` in (?, ?, ?, ?, ?) [53.47ms] [23,84,86,93,107] []
[2018-01-04 06:40:19] sql.INFO: select count(*) as aggregate from `work_creditass` where `progress` = ? and not exists (select * from `work_oddinterest_invest` where `work_oddinterest_invest`.`oddMoneyId` = `work_creditass`.`oddmoneyId` and `endtime` >= ? and `endtime` <= ?) [40.78ms] ["start","2018-01-04 00:00:00","2018-01-04 23:59:59"] []
[2018-01-04 06:40:19] sql.INFO: select * from `system_link` where `link_status` = ? and `link_type` = ? order by `link_sort` desc [43.8ms] [1,"link"] []
[2018-01-04 06:40:19] sql.INFO: select sum(`interest`) as aggregate from `work_oddinterest_invest` where `status` in (?, ?, ?) [40.53ms] [1,3,4] []
[2018-01-04 06:40:19] sql.INFO: select sum(oddMoney) dayOpenMoney, count(1) dayOpenCount from `work_odd` where `openTime` like ? and `progress` in (?, ?, ?, ?) limit 1 [43.81ms] ["2018-01-04%","start","review","run","end"] []
[2018-01-04 06:40:19] sql.INFO: select * from `system_news` where (`news_type` = ?) order by `news_time` desc limit 1 [44.87ms] ["announce"] []
[2018-01-04 06:40:19] sql.INFO: select sum(money) tmoney, `type`, `day`, `news_id` from `system_expect_odds` where `system_expect_odds`.`news_id` in (?) group by `type` [49.94ms] [9110] []
[2018-01-04 06:40:19] sql.INFO: select * from `system_attribute` where identity in (?,?,?) [44.43ms] ["title","keywords","description"] []
[2018-01-04 06:40:21] sql.INFO: select * from `system_attribute` where identity in (?,?,?) [39.59ms] ["title","keywords","description"] []
[2018-01-04 06:40:25] sql.INFO: select * from `system_userinfo` where `username` = ? limit 1 [37.56ms] ["18959333600"] []
[2018-01-04 06:40:25] sql.INFO: insert into `user_login_log` (`loginIp`, `userId`, `loginTime`) values (?, ?, ?) [29.43ms] ["127.0.0.1","2000000003","2018-01-04 06:40:25"] []
[2018-01-04 06:40:25] sql.INFO: select `webmailId` from `system_user_webmail` where `username` = ? [30.42ms] ["18959333600"] []
[2018-01-04 06:40:25] sql.INFO: select `id` from `system_webmail` where (receiveUser=? or sendType=?) and 1 = 1 [31.59ms] ["18959333600",1] []
[2018-01-04 06:40:25] sql.INFO: select * from `system_userinfo` where `userId` = ? limit 1 [46.87ms] ["2000000003"] []
[2018-01-04 06:40:25] sql.INFO: select sum(`recover_account_interest_yes`) as aggregate from `system_oldinvest` where `user_id` = ? and `tender_status` = ? [41.51ms] ["2000000003",1] []
[2018-01-04 06:40:25] sql.INFO: select sum(`money`) as aggregate from `user_oldlog` where `user_id` = ? and `type` = ? [44.73ms] ["2000000003","tender_recover_fee_service"] []
[2018-01-04 06:40:25] sql.INFO: select sum(serviceMoney) as hasSC, sum(realinterest) as hasInterest from `work_oddinterest_invest` where `status` <> ? and `oddMoneyId` in (select `id` from `work_oddmoney` where `userId` = ?) limit 1 [42.07ms] [0,"2000000003"] []
[2018-01-04 06:40:25] sql.INFO: select sum(benJin) as stayPrincipal, sum(interest) as stayInterest from `work_oddinterest_invest` where `status` = ? and `oddMoneyId` in (select `id` from `work_oddmoney` where `userId` = ?) and `oddNumber` in (select `oddNumber` from `work_odd` where `oddType` <> ?) limit 1 [49.81ms] [0,"2000000003","special"] []
[2018-01-04 06:40:25] sql.INFO: select sum(`benJin`) as aggregate from `work_oddinterest` where `userId` = ? and `status` = ? [44.36ms] ["2000000003",0] []
[2018-01-04 06:40:25] sql.INFO: select sum(`interest`) as aggregate from `work_oddinterest` where `userId` = ? and `status` = ? [43.05ms] ["2000000003",0] []
[2018-01-04 06:40:25] sql.INFO: select * from `user_vip` where `userId` = ? limit 1 [42.55ms] ["2000000003"] []
[2018-01-04 06:40:25] sql.INFO: select count(*) as aggregate from `user_redpack` where `userId` = ? and `type` = ? and `status` = ? [41.11ms] ["2000000003","rpk-newuser",1] []
[2018-01-04 06:40:25] sql.INFO: select sum(`money`) as aggregate from `work_oddmoney` where `userId` = ? and `status` = ? and (type=? or (type=? and time<?)) and exists (select * from `work_odd` where `work_oddmoney`.`oddNumber` = `work_odd`.`oddNumber` and `oddBorrowStyle` = ?) [41.97ms] ["2000000003","1","invest","credit","2017-12-05 06:40:25","month"] []
[2018-01-04 06:40:25] sql.INFO: select * from `user_oldinvest` where (`userId` = ?) limit 1 [43.84ms] ["2000000003"] []
[2018-01-04 06:40:26] sql.INFO: select sum(`money`) as aggregate from `work_oddmoney` where `userId` = ? and `status` = ? and `type` = ? and exists (select * from `work_odd` where `work_oddmoney`.`oddNumber` = `work_odd`.`oddNumber` and `oddBorrowStyle` = ?) [42.62ms] ["2000000003","1","invest","month"] []
[2018-01-04 06:40:26] sql.INFO: select sum(extra) as extraMoney, sum(subsidy) as subsidyMoney from `work_oddinterest_invest` where `status` <> ? and `userId` = ? limit 1 [40.51ms] [2,"2000000003"] []
[2018-01-04 06:40:26] sql.INFO: select sum(benJin) totalCapital, sum(interest) totalInterest from `work_oddinterest_invest` where `userId` = ? and `status` = ? and exists (select * from `work_oddmoney` where `work_oddinterest_invest`.`oddMoneyId` = `work_oddmoney`.`id` and `type` = ?) limit 1 [40.22ms] ["2000000003",0,"credit"] []
[2018-01-04 06:40:26] sql.INFO: select sum(benJin) totalCapital, sum(interest) totalInterest from `work_oddinterest_invest` where `userId` = ? and `status` = ? and exists (select * from `work_oddmoney` where `work_oddinterest_invest`.`oddMoneyId` = `work_oddmoney`.`id` and `type` = ?) limit 1 [41.88ms] ["2000000003",0,"invest"] []
[2018-01-04 06:40:26] sql.INFO: select count(*) as aggregate from `system_lotteries` where `userId` = ? and `status` = ? and `endtime` > ? [40.98ms] ["2000000003",1,"2018-01-04 06:40:26"] []
[2018-01-04 06:40:26] sql.INFO: select * from `system_attribute` where identity in (?,?,?) [42.62ms] ["title","keywords","description"] []
[2018-01-04 06:40:26] sql.INFO: select * from `system_userinfo` where `userId` = ? limit 1 [36.33ms] ["2000000003"] []
[2018-01-04 06:40:26] sql.INFO: select * from `work_oddinterest_invest` where `userId` = ? and `status` <> ? and `zongEr` > ? and ((status=0 and endtime>=? and endtime<=?) or (status<>0 and operatetime>=? and operatetime<=?)) [41.2ms] ["2000000003",2,0,"2018-01-01 00:00:00","2018-01-31 23:59:59","2018-01-01 00:00:00","2018-01-31 23:59:59"] []
[2018-01-04 06:40:28] sql.INFO: select * from `system_userinfo` where `userId` = ? limit 1 [43.8ms] ["2000000003"] []
[2018-01-04 06:40:28] sql.INFO: select * from `user_bank_account` where `userId` = ? and `status` = ? limit 1 [37.32ms] ["2000000003",1] []
[2018-01-04 06:40:28] sql.INFO: select * from `system_attribute` where identity in (?,?,?) [35.97ms] ["title","keywords","description"] []
[2018-01-04 06:40:31] sql.INFO: select * from `system_userinfo` where `userId` = ? limit 1 [36.78ms] ["2000000003"] []
[2018-01-04 06:40:32] sql.INFO: insert into `user_moneyrecharge` (`serialNumber`, `userId`, `money`, `fee`, `status`, `time`, `payType`, `remark`, `payWay`, `media`) values (?, ?, ?, ?, ?, ?, ?, ?, ?, ?) [36.78ms] ["20180104064031000147","2000000003","100",0,0,"2018-01-04 06:40:32","custody","在线充值","WEB","PC"] []
