[2018-01-09 08:43:32] sql.INFO: select `id`, `news_title`, `news_time` from `system_news` where `news_type` = ? order by `news_order` asc, `news_time` desc limit 7 [43.05ms] ["announce"] []
[2018-01-09 08:43:32] sql.INFO: select count(*) as aggregate from `system_userinfo` [40.83ms] [] []
[2018-01-09 08:43:32] sql.INFO: select * from `system_attribute` where `identity` = ? limit 1 [41.02ms] ["addUserNum"] []
[2018-01-09 08:43:32] sql.INFO: select * from `system_banner` where `type_id` = ? and `status` = ? order by `banner_order` asc, `addtime` desc [44.07ms] [1,1] []
[2018-01-09 08:43:32] sql.INFO: select sum(`zongEr`) as aggregate from `work_oddinterest` where `status` = ? [40.67ms] [0] []
[2018-01-09 08:43:32] sql.INFO: select sum(`oddMoney`) as aggregate from `work_odd` where `oddType` <> ? and `progress` in (?, ?, ?) and `oddRehearTime` between ? and ? [59.19ms] ["special","run","end","review","2018-01-08 00:00:00","2018-01-08 23:59:59"] []
[2018-01-09 08:43:32] sql.INFO: select sum(`oddMoney`) as aggregate from `work_odd` where `oddType` <> ? and `progress` in (?, ?, ?) [63.07ms] ["special","run","end","review"] []
[2018-01-09 08:43:32] sql.INFO: select sum(`investmoney`) as aggregate from `user_oldinvest` [51.64ms] [] []
[2018-01-09 08:43:32] sql.INFO: select `oddNumber`, `oddTitle`, `oddReward`, `investType`, `progress`, `addtime`, `oddMoney`, `oddYearRate`, `oddType`, `oddStyle`, `oddBorrowPeriod`, `oddBorrowStyle`, `openTime`, `lookstatus` from `work_odd` where `progress` in (?, ?, ?) and `lookstatus` = ? and appointUserId=? and `oddStyle` = ? order by field(progress, ?, ?, ?, ?, ?), `oddTrialTime` desc limit 2 [41.19ms] ["start","review","run","1","","newhand","prep","start","review","run","end"] []
[2018-01-09 08:43:33] sql.INFO: select `oddNumber`, `oddTitle`, `oddReward`, `investType`, `progress`, `addtime`, `oddMoney`, `oddYearRate`, `oddType`, `oddStyle`, `oddBorrowPeriod`, `oddBorrowStyle`, `openTime`, `lookstatus` from `work_odd` where `progress` in (?, ?, ?) and `lookstatus` = ? and appointUserId=? and `oddType` = ? and `oddStyle` = ? order by field(progress, ?, ?, ?, ?, ?), `oddTrialTime` desc limit 5 [45.04ms] ["start","review","run","1","","house-mor","normal","prep","start","review","run","end"] []
[2018-01-09 08:43:33] sql.INFO: select count(*) as aggregate from `work_odd` where `progress` = ? and `lookstatus` = ? and (`oddType` = ?) and appointUserId=? [40.74ms] ["start",1,"house-mor",""] []
[2018-01-09 08:43:33] sql.INFO: select `oddNumber`, `oddTitle`, `oddReward`, `investType`, `progress`, `addtime`, `oddMoney`, `oddYearRate`, `oddType`, `oddStyle`, `oddBorrowPeriod`, `oddBorrowStyle`, `openTime`, `lookstatus` from `work_odd` where `progress` in (?, ?, ?) and `lookstatus` = ? and appointUserId=? and `oddType` = ? and `oddStyle` = ? order by field(progress, ?, ?, ?, ?, ?), `oddTrialTime` desc limit 5 [43.09ms] ["start","review","run","1","","auto-ins","normal","prep","start","review","run","end"] []
[2018-01-09 08:43:33] sql.INFO: select count(*) as aggregate from `work_odd` where `progress` = ? and `lookstatus` = ? and (`oddType` = ?) and appointUserId=? [40.79ms] ["start",1,"auto-ins",""] []
[2018-01-09 08:43:33] sql.INFO: select * from `work_creditass` where `work_creditass`.`progress` <> ? order by field(work_creditass.progress, ?, ?), `work_creditass`.`addtime` desc limit 5 [41.67ms] ["fail","start","run"] []
[2018-01-09 08:43:33] sql.INFO: select count(*) as aggregate from `work_creditass` where `progress` = ? and not exists (select * from `work_oddinterest_invest` where `work_oddinterest_invest`.`oddMoneyId` = `work_creditass`.`oddmoneyId` and `endtime` >= ? and `endtime` <= ?) [40.71ms] ["start","2018-01-09 00:00:00","2018-01-09 23:59:59"] []
[2018-01-09 08:43:33] sql.INFO: select * from `system_link` where `link_status` = ? and `link_type` = ? order by `link_sort` desc [45.42ms] [1,"link"] []
[2018-01-09 08:43:33] sql.INFO: select sum(`interest`) as aggregate from `work_oddinterest_invest` where `status` in (?, ?, ?) [56.22ms] [1,3,4] []
[2018-01-09 08:43:33] sql.INFO: select sum(oddMoney) dayOpenMoney, count(1) dayOpenCount from `work_odd` where `openTime` like ? and `progress` in (?, ?, ?, ?) limit 1 [56.96ms] ["2018-01-09%","start","review","run","end"] []
[2018-01-09 08:43:33] sql.INFO: select * from `system_news` where (`news_type` = ?) order by `news_time` desc limit 1 [49.74ms] ["announce"] []
[2018-01-09 08:43:33] sql.INFO: select sum(money) tmoney, `type`, `day`, `news_id` from `system_expect_odds` where `system_expect_odds`.`news_id` in (?) group by `type` [40.63ms] [9110] []
[2018-01-09 08:43:33] sql.INFO: select * from `system_attribute` where identity in (?,?,?) [41.55ms] ["title","keywords","description"] []
[2018-01-09 08:43:34] sql.INFO: select `id`, `news_title`, `news_time` from `system_news` where `news_type` = ? order by `news_order` asc, `news_time` desc limit 7 [32.7ms] ["announce"] []
[2018-01-09 08:43:34] sql.INFO: select count(*) as aggregate from `system_userinfo` [29.49ms] [] []
[2018-01-09 08:43:34] sql.INFO: select * from `system_attribute` where `identity` = ? limit 1 [28.57ms] ["addUserNum"] []
[2018-01-09 08:43:35] sql.INFO: select * from `system_banner` where `type_id` = ? and `status` = ? order by `banner_order` asc, `addtime` desc [30.33ms] [1,1] []
[2018-01-09 08:43:35] sql.INFO: select sum(`zongEr`) as aggregate from `work_oddinterest` where `status` = ? [29.68ms] [0] []
[2018-01-09 08:43:35] sql.INFO: select sum(`oddMoney`) as aggregate from `work_odd` where `oddType` <> ? and `progress` in (?, ?, ?) and `oddRehearTime` between ? and ? [30.64ms] ["special","run","end","review","2018-01-08 00:00:00","2018-01-08 23:59:59"] []
[2018-01-09 08:43:35] sql.INFO: select sum(`oddMoney`) as aggregate from `work_odd` where `oddType` <> ? and `progress` in (?, ?, ?) [32.32ms] ["special","run","end","review"] []
[2018-01-09 08:43:35] sql.INFO: select sum(`investmoney`) as aggregate from `user_oldinvest` [38.13ms] [] []
[2018-01-09 08:43:35] sql.INFO: select `oddNumber`, `oddTitle`, `oddReward`, `investType`, `progress`, `addtime`, `oddMoney`, `oddYearRate`, `oddType`, `oddStyle`, `oddBorrowPeriod`, `oddBorrowStyle`, `openTime`, `lookstatus` from `work_odd` where `progress` in (?, ?, ?) and `lookstatus` = ? and appointUserId=? and `oddStyle` = ? order by field(progress, ?, ?, ?, ?, ?), `oddTrialTime` desc limit 2 [36.23ms] ["start","review","run","1","","newhand","prep","start","review","run","end"] []
[2018-01-09 08:43:35] sql.INFO: select `oddNumber`, `oddTitle`, `oddReward`, `investType`, `progress`, `addtime`, `oddMoney`, `oddYearRate`, `oddType`, `oddStyle`, `oddBorrowPeriod`, `oddBorrowStyle`, `openTime`, `lookstatus` from `work_odd` where `progress` in (?, ?, ?) and `lookstatus` = ? and appointUserId=? and `oddType` = ? and `oddStyle` = ? order by field(progress, ?, ?, ?, ?, ?), `oddTrialTime` desc limit 5 [55.26ms] ["start","review","run","1","","house-mor","normal","prep","start","review","run","end"] []
[2018-01-09 08:43:35] sql.INFO: select count(*) as aggregate from `work_odd` where `progress` = ? and `lookstatus` = ? and (`oddType` = ?) and appointUserId=? [40.34ms] ["start",1,"house-mor",""] []
[2018-01-09 08:43:35] sql.INFO: select `oddNumber`, `oddTitle`, `oddReward`, `investType`, `progress`, `addtime`, `oddMoney`, `oddYearRate`, `oddType`, `oddStyle`, `oddBorrowPeriod`, `oddBorrowStyle`, `openTime`, `lookstatus` from `work_odd` where `progress` in (?, ?, ?) and `lookstatus` = ? and appointUserId=? and `oddType` = ? and `oddStyle` = ? order by field(progress, ?, ?, ?, ?, ?), `oddTrialTime` desc limit 5 [33.7ms] ["start","review","run","1","","auto-ins","normal","prep","start","review","run","end"] []
[2018-01-09 08:43:35] sql.INFO: select count(*) as aggregate from `work_odd` where `progress` = ? and `lookstatus` = ? and (`oddType` = ?) and appointUserId=? [29.83ms] ["start",1,"auto-ins",""] []
[2018-01-09 08:43:35] sql.INFO: select * from `work_creditass` where `work_creditass`.`progress` <> ? order by field(work_creditass.progress, ?, ?), `work_creditass`.`addtime` desc limit 5 [36.64ms] ["fail","start","run"] []
[2018-01-09 08:43:35] sql.INFO: select count(*) as aggregate from `work_creditass` where `progress` = ? and not exists (select * from `work_oddinterest_invest` where `work_oddinterest_invest`.`oddMoneyId` = `work_creditass`.`oddmoneyId` and `endtime` >= ? and `endtime` <= ?) [29.4ms] ["start","2018-01-09 00:00:00","2018-01-09 23:59:59"] []
[2018-01-09 08:43:35] sql.INFO: select * from `system_link` where `link_status` = ? and `link_type` = ? order by `link_sort` desc [45.65ms] [1,"link"] []
[2018-01-09 08:43:35] sql.INFO: select sum(`interest`) as aggregate from `work_oddinterest_invest` where `status` in (?, ?, ?) [47.37ms] [1,3,4] []
[2018-01-09 08:43:35] sql.INFO: select sum(oddMoney) dayOpenMoney, count(1) dayOpenCount from `work_odd` where `openTime` like ? and `progress` in (?, ?, ?, ?) limit 1 [62.46ms] ["2018-01-09%","start","review","run","end"] []
[2018-01-09 08:43:35] sql.INFO: select * from `system_news` where (`news_type` = ?) order by `news_time` desc limit 1 [38.56ms] ["announce"] []
[2018-01-09 08:43:35] sql.INFO: select sum(money) tmoney, `type`, `day`, `news_id` from `system_expect_odds` where `system_expect_odds`.`news_id` in (?) group by `type` [36.04ms] [9110] []
[2018-01-09 08:43:35] sql.INFO: select * from `system_attribute` where identity in (?,?,?) [29.4ms] ["title","keywords","description"] []
[2018-01-09 08:43:58] sql.INFO: select `id`, `news_title`, `news_time` from `system_news` where `news_type` = ? order by `news_order` asc, `news_time` desc limit 7 [37.51ms] ["announce"] []
[2018-01-09 08:43:58] sql.INFO: select count(*) as aggregate from `system_userinfo` [35.41ms] [] []
[2018-01-09 08:43:58] sql.INFO: select * from `system_attribute` where `identity` = ? limit 1 [43.68ms] ["addUserNum"] []
[2018-01-09 08:43:58] sql.INFO: select * from `system_banner` where `type_id` = ? and `status` = ? order by `banner_order` asc, `addtime` desc [36.24ms] [1,1] []
[2018-01-09 08:43:58] sql.INFO: select sum(`zongEr`) as aggregate from `work_oddinterest` where `status` = ? [61.18ms] [0] []
[2018-01-09 08:43:58] sql.INFO: select sum(`oddMoney`) as aggregate from `work_odd` where `oddType` <> ? and `progress` in (?, ?, ?) and `oddRehearTime` between ? and ? [39.49ms] ["special","run","end","review","2018-01-08 00:00:00","2018-01-08 23:59:59"] []
[2018-01-09 08:43:58] sql.INFO: select sum(`oddMoney`) as aggregate from `work_odd` where `oddType` <> ? and `progress` in (?, ?, ?) [46.41ms] ["special","run","end","review"] []
[2018-01-09 08:43:59] sql.INFO: select sum(`investmoney`) as aggregate from `user_oldinvest` [35.19ms] [] []
[2018-01-09 08:43:59] sql.INFO: select `oddNumber`, `oddTitle`, `oddReward`, `investType`, `progress`, `addtime`, `oddMoney`, `oddYearRate`, `oddType`, `oddStyle`, `oddBorrowPeriod`, `oddBorrowStyle`, `openTime`, `lookstatus` from `work_odd` where `progress` in (?, ?, ?) and `lookstatus` = ? and appointUserId=? and `oddStyle` = ? order by field(progress, ?, ?, ?, ?, ?), `oddTrialTime` desc limit 2 [39.33ms] ["start","review","run","1","","newhand","prep","start","review","run","end"] []
[2018-01-09 08:43:59] sql.INFO: select `oddNumber`, `oddTitle`, `oddReward`, `investType`, `progress`, `addtime`, `oddMoney`, `oddYearRate`, `oddType`, `oddStyle`, `oddBorrowPeriod`, `oddBorrowStyle`, `openTime`, `lookstatus` from `work_odd` where `progress` in (?, ?, ?) and `lookstatus` = ? and appointUserId=? and `oddType` = ? and `oddStyle` = ? order by field(progress, ?, ?, ?, ?, ?), `oddTrialTime` desc limit 5 [39.8ms] ["start","review","run","1","","house-mor","normal","prep","start","review","run","end"] []
[2018-01-09 08:43:59] sql.INFO: select count(*) as aggregate from `work_odd` where `progress` = ? and `lookstatus` = ? and (`oddType` = ?) and appointUserId=? [35.61ms] ["start",1,"house-mor",""] []
[2018-01-09 08:43:59] sql.INFO: select `oddNumber`, `oddTitle`, `oddReward`, `investType`, `progress`, `addtime`, `oddMoney`, `oddYearRate`, `oddType`, `oddStyle`, `oddBorrowPeriod`, `oddBorrowStyle`, `openTime`, `lookstatus` from `work_odd` where `progress` in (?, ?, ?) and `lookstatus` = ? and appointUserId=? and `oddType` = ? and `oddStyle` = ? order by field(progress, ?, ?, ?, ?, ?), `oddTrialTime` desc limit 5 [47.28ms] ["start","review","run","1","","auto-ins","normal","prep","start","review","run","end"] []
[2018-01-09 08:43:59] sql.INFO: select count(*) as aggregate from `work_odd` where `progress` = ? and `lookstatus` = ? and (`oddType` = ?) and appointUserId=? [35.06ms] ["start",1,"auto-ins",""] []
[2018-01-09 08:43:59] sql.INFO: select * from `work_creditass` where `work_creditass`.`progress` <> ? order by field(work_creditass.progress, ?, ?), `work_creditass`.`addtime` desc limit 5 [42.19ms] ["fail","start","run"] []
[2018-01-09 08:43:59] sql.INFO: select count(*) as aggregate from `work_creditass` where `progress` = ? and not exists (select * from `work_oddinterest_invest` where `work_oddinterest_invest`.`oddMoneyId` = `work_creditass`.`oddmoneyId` and `endtime` >= ? and `endtime` <= ?) [35.5ms] ["start","2018-01-09 00:00:00","2018-01-09 23:59:59"] []
[2018-01-09 08:43:59] sql.INFO: select * from `system_link` where `link_status` = ? and `link_type` = ? order by `link_sort` desc [36.51ms] [1,"link"] []
[2018-01-09 08:43:59] sql.INFO: select sum(`interest`) as aggregate from `work_oddinterest_invest` where `status` in (?, ?, ?) [35.56ms] [1,3,4] []
[2018-01-09 08:43:59] sql.INFO: select sum(oddMoney) dayOpenMoney, count(1) dayOpenCount from `work_odd` where `openTime` like ? and `progress` in (?, ?, ?, ?) limit 1 [35.41ms] ["2018-01-09%","start","review","run","end"] []
[2018-01-09 08:43:59] sql.INFO: select * from `system_news` where (`news_type` = ?) order by `news_time` desc limit 1 [37.67ms] ["announce"] []
[2018-01-09 08:43:59] sql.INFO: select sum(money) tmoney, `type`, `day`, `news_id` from `system_expect_odds` where `system_expect_odds`.`news_id` in (?) group by `type` [35.86ms] [9110] []
[2018-01-09 08:43:59] sql.INFO: select * from `system_attribute` where identity in (?,?,?) [35.85ms] ["title","keywords","description"] []
[2018-01-09 08:43:59] sql.INFO: select `id`, `news_title`, `news_time` from `system_news` where `news_type` = ? order by `news_order` asc, `news_time` desc limit 7 [34.88ms] ["announce"] []
[2018-01-09 08:43:59] sql.INFO: select count(*) as aggregate from `system_userinfo` [34.52ms] [] []
[2018-01-09 08:44:00] sql.INFO: select * from `system_attribute` where `identity` = ? limit 1 [39.6ms] ["addUserNum"] []
[2018-01-09 08:44:00] sql.INFO: select * from `system_banner` where `type_id` = ? and `status` = ? order by `banner_order` asc, `addtime` desc [35.25ms] [1,1] []
[2018-01-09 08:44:00] sql.INFO: select sum(`zongEr`) as aggregate from `work_oddinterest` where `status` = ? [41.18ms] [0] []
[2018-01-09 08:44:00] sql.INFO: select sum(`oddMoney`) as aggregate from `work_odd` where `oddType` <> ? and `progress` in (?, ?, ?) and `oddRehearTime` between ? and ? [34.37ms] ["special","run","end","review","2018-01-08 00:00:00","2018-01-08 23:59:59"] []
[2018-01-09 08:44:00] sql.INFO: select sum(`oddMoney`) as aggregate from `work_odd` where `oddType` <> ? and `progress` in (?, ?, ?) [33.56ms] ["special","run","end","review"] []
[2018-01-09 08:44:00] sql.INFO: select sum(`investmoney`) as aggregate from `user_oldinvest` [33.62ms] [] []
[2018-01-09 08:44:00] sql.INFO: select `oddNumber`, `oddTitle`, `oddReward`, `investType`, `progress`, `addtime`, `oddMoney`, `oddYearRate`, `oddType`, `oddStyle`, `oddBorrowPeriod`, `oddBorrowStyle`, `openTime`, `lookstatus` from `work_odd` where `progress` in (?, ?, ?) and `lookstatus` = ? and appointUserId=? and `oddStyle` = ? order by field(progress, ?, ?, ?, ?, ?), `oddTrialTime` desc limit 2 [35.73ms] ["start","review","run","1","","newhand","prep","start","review","run","end"] []
[2018-01-09 08:44:00] sql.INFO: select `oddNumber`, `oddTitle`, `oddReward`, `investType`, `progress`, `addtime`, `oddMoney`, `oddYearRate`, `oddType`, `oddStyle`, `oddBorrowPeriod`, `oddBorrowStyle`, `openTime`, `lookstatus` from `work_odd` where `progress` in (?, ?, ?) and `lookstatus` = ? and appointUserId=? and `oddType` = ? and `oddStyle` = ? order by field(progress, ?, ?, ?, ?, ?), `oddTrialTime` desc limit 5 [35.17ms] ["start","review","run","1","","house-mor","normal","prep","start","review","run","end"] []
[2018-01-09 08:44:00] sql.INFO: select count(*) as aggregate from `work_odd` where `progress` = ? and `lookstatus` = ? and (`oddType` = ?) and appointUserId=? [33.81ms] ["start",1,"house-mor",""] []
[2018-01-09 08:44:00] sql.INFO: select `oddNumber`, `oddTitle`, `oddReward`, `investType`, `progress`, `addtime`, `oddMoney`, `oddYearRate`, `oddType`, `oddStyle`, `oddBorrowPeriod`, `oddBorrowStyle`, `openTime`, `lookstatus` from `work_odd` where `progress` in (?, ?, ?) and `lookstatus` = ? and appointUserId=? and `oddType` = ? and `oddStyle` = ? order by field(progress, ?, ?, ?, ?, ?), `oddTrialTime` desc limit 5 [37.48ms] ["start","review","run","1","","auto-ins","normal","prep","start","review","run","end"] []
[2018-01-09 08:44:00] sql.INFO: select count(*) as aggregate from `work_odd` where `progress` = ? and `lookstatus` = ? and (`oddType` = ?) and appointUserId=? [33.18ms] ["start",1,"auto-ins",""] []
[2018-01-09 08:44:00] sql.INFO: select * from `work_creditass` where `work_creditass`.`progress` <> ? order by field(work_creditass.progress, ?, ?), `work_creditass`.`addtime` desc limit 5 [39.29ms] ["fail","start","run"] []
[2018-01-09 08:44:00] sql.INFO: select count(*) as aggregate from `work_creditass` where `progress` = ? and not exists (select * from `work_oddinterest_invest` where `work_oddinterest_invest`.`oddMoneyId` = `work_creditass`.`oddmoneyId` and `endtime` >= ? and `endtime` <= ?) [34.14ms] ["start","2018-01-09 00:00:00","2018-01-09 23:59:59"] []
[2018-01-09 08:44:00] sql.INFO: select * from `system_link` where `link_status` = ? and `link_type` = ? order by `link_sort` desc [33.53ms] [1,"link"] []
[2018-01-09 08:44:00] sql.INFO: select sum(`interest`) as aggregate from `work_oddinterest_invest` where `status` in (?, ?, ?) [34.5ms] [1,3,4] []
[2018-01-09 08:44:00] sql.INFO: select sum(oddMoney) dayOpenMoney, count(1) dayOpenCount from `work_odd` where `openTime` like ? and `progress` in (?, ?, ?, ?) limit 1 [34.6ms] ["2018-01-09%","start","review","run","end"] []
[2018-01-09 08:44:00] sql.INFO: select * from `system_news` where (`news_type` = ?) order by `news_time` desc limit 1 [35.9ms] ["announce"] []
[2018-01-09 08:44:00] sql.INFO: select sum(money) tmoney, `type`, `day`, `news_id` from `system_expect_odds` where `system_expect_odds`.`news_id` in (?) group by `type` [39.28ms] [9110] []
[2018-01-09 08:44:00] sql.INFO: select * from `system_attribute` where identity in (?,?,?) [34.93ms] ["title","keywords","description"] []
[2018-01-09 08:44:00] sql.INFO: select `id`, `news_title`, `news_time` from `system_news` where `news_type` = ? order by `news_order` asc, `news_time` desc limit 7 [29.32ms] ["announce"] []
[2018-01-09 08:44:01] sql.INFO: select count(*) as aggregate from `system_userinfo` [30.34ms] [] []
[2018-01-09 08:44:01] sql.INFO: select * from `system_attribute` where `identity` = ? limit 1 [33.52ms] ["addUserNum"] []
[2018-01-09 08:44:01] sql.INFO: select * from `system_banner` where `type_id` = ? and `status` = ? order by `banner_order` asc, `addtime` desc [29.59ms] [1,1] []
[2018-01-09 08:44:01] sql.INFO: select sum(`zongEr`) as aggregate from `work_oddinterest` where `status` = ? [31.67ms] [0] []
[2018-01-09 08:44:01] sql.INFO: select sum(`oddMoney`) as aggregate from `work_odd` where `oddType` <> ? and `progress` in (?, ?, ?) and `oddRehearTime` between ? and ? [30.05ms] ["special","run","end","review","2018-01-08 00:00:00","2018-01-08 23:59:59"] []
[2018-01-09 08:44:01] sql.INFO: select sum(`oddMoney`) as aggregate from `work_odd` where `oddType` <> ? and `progress` in (?, ?, ?) [29.51ms] ["special","run","end","review"] []
[2018-01-09 08:44:01] sql.INFO: select sum(`investmoney`) as aggregate from `user_oldinvest` [29.8ms] [] []
[2018-01-09 08:44:01] sql.INFO: select `oddNumber`, `oddTitle`, `oddReward`, `investType`, `progress`, `addtime`, `oddMoney`, `oddYearRate`, `oddType`, `oddStyle`, `oddBorrowPeriod`, `oddBorrowStyle`, `openTime`, `lookstatus` from `work_odd` where `progress` in (?, ?, ?) and `lookstatus` = ? and appointUserId=? and `oddStyle` = ? order by field(progress, ?, ?, ?, ?, ?), `oddTrialTime` desc limit 2 [35.61ms] ["start","review","run","1","","newhand","prep","start","review","run","end"] []
[2018-01-09 08:44:01] sql.INFO: select `oddNumber`, `oddTitle`, `oddReward`, `investType`, `progress`, `addtime`, `oddMoney`, `oddYearRate`, `oddType`, `oddStyle`, `oddBorrowPeriod`, `oddBorrowStyle`, `openTime`, `lookstatus` from `work_odd` where `progress` in (?, ?, ?) and `lookstatus` = ? and appointUserId=? and `oddType` = ? and `oddStyle` = ? order by field(progress, ?, ?, ?, ?, ?), `oddTrialTime` desc limit 5 [32.07ms] ["start","review","run","1","","house-mor","normal","prep","start","review","run","end"] []
[2018-01-09 08:44:01] sql.INFO: select count(*) as aggregate from `work_odd` where `progress` = ? and `lookstatus` = ? and (`oddType` = ?) and appointUserId=? [30.05ms] ["start",1,"house-mor",""] []
[2018-01-09 08:44:01] sql.INFO: select `oddNumber`, `oddTitle`, `oddReward`, `investType`, `progress`, `addtime`, `oddMoney`, `oddYearRate`, `oddType`, `oddStyle`, `oddBorrowPeriod`, `oddBorrowStyle`, `openTime`, `lookstatus` from `work_odd` where `progress` in (?, ?, ?) and `lookstatus` = ? and appointUserId=? and `oddType` = ? and `oddStyle` = ? order by field(progress, ?, ?, ?, ?, ?), `oddTrialTime` desc limit 5 [31ms] ["start","review","run","1","","auto-ins","normal","prep","start","review","run","end"] []
[2018-01-09 08:44:01] sql.INFO: select count(*) as aggregate from `work_odd` where `progress` = ? and `lookstatus` = ? and (`oddType` = ?) and appointUserId=? [30.88ms] ["start",1,"auto-ins",""] []
[2018-01-09 08:44:01] sql.INFO: select * from `work_creditass` where `work_creditass`.`progress` <> ? order by field(work_creditass.progress, ?, ?), `work_creditass`.`addtime` desc limit 5 [31.97ms] ["fail","start","run"] []
[2018-01-09 08:44:01] sql.INFO: select count(*) as aggregate from `work_creditass` where `progress` = ? and not exists (select * from `work_oddinterest_invest` where `work_oddinterest_invest`.`oddMoneyId` = `work_creditass`.`oddmoneyId` and `endtime` >= ? and `endtime` <= ?) [32.63ms] ["start","2018-01-09 00:00:00","2018-01-09 23:59:59"] []
[2018-01-09 08:44:01] sql.INFO: select * from `system_link` where `link_status` = ? and `link_type` = ? order by `link_sort` desc [31.17ms] [1,"link"] []
[2018-01-09 08:44:01] sql.INFO: select sum(`interest`) as aggregate from `work_oddinterest_invest` where `status` in (?, ?, ?) [30.39ms] [1,3,4] []
[2018-01-09 08:44:01] sql.INFO: select sum(oddMoney) dayOpenMoney, count(1) dayOpenCount from `work_odd` where `openTime` like ? and `progress` in (?, ?, ?, ?) limit 1 [31.3ms] ["2018-01-09%","start","review","run","end"] []
[2018-01-09 08:44:01] sql.INFO: select * from `system_news` where (`news_type` = ?) order by `news_time` desc limit 1 [30.78ms] ["announce"] []
[2018-01-09 08:44:01] sql.INFO: select sum(money) tmoney, `type`, `day`, `news_id` from `system_expect_odds` where `system_expect_odds`.`news_id` in (?) group by `type` [29.65ms] [9110] []
[2018-01-09 08:44:01] sql.INFO: select * from `system_attribute` where identity in (?,?,?) [32.9ms] ["title","keywords","description"] []
[2018-01-09 08:44:01] sql.INFO: select `id`, `news_title`, `news_time` from `system_news` where `news_type` = ? order by `news_order` asc, `news_time` desc limit 7 [41.89ms] ["announce"] []
[2018-01-09 08:44:02] sql.INFO: select count(*) as aggregate from `system_userinfo` [39.52ms] [] []
[2018-01-09 08:44:02] sql.INFO: select * from `system_attribute` where `identity` = ? limit 1 [40.94ms] ["addUserNum"] []
[2018-01-09 08:44:02] sql.INFO: select * from `system_banner` where `type_id` = ? and `status` = ? order by `banner_order` asc, `addtime` desc [40.75ms] [1,1] []
[2018-01-09 08:44:02] sql.INFO: select sum(`zongEr`) as aggregate from `work_oddinterest` where `status` = ? [38.81ms] [0] []
[2018-01-09 08:44:02] sql.INFO: select sum(`oddMoney`) as aggregate from `work_odd` where `oddType` <> ? and `progress` in (?, ?, ?) and `oddRehearTime` between ? and ? [40.01ms] ["special","run","end","review","2018-01-08 00:00:00","2018-01-08 23:59:59"] []
[2018-01-09 08:44:02] sql.INFO: select sum(`oddMoney`) as aggregate from `work_odd` where `oddType` <> ? and `progress` in (?, ?, ?) [39.95ms] ["special","run","end","review"] []
[2018-01-09 08:44:02] sql.INFO: select sum(`investmoney`) as aggregate from `user_oldinvest` [39.5ms] [] []
[2018-01-09 08:44:02] sql.INFO: select `oddNumber`, `oddTitle`, `oddReward`, `investType`, `progress`, `addtime`, `oddMoney`, `oddYearRate`, `oddType`, `oddStyle`, `oddBorrowPeriod`, `oddBorrowStyle`, `openTime`, `lookstatus` from `work_odd` where `progress` in (?, ?, ?) and `lookstatus` = ? and appointUserId=? and `oddStyle` = ? order by field(progress, ?, ?, ?, ?, ?), `oddTrialTime` desc limit 2 [41.8ms] ["start","review","run","1","","newhand","prep","start","review","run","end"] []
[2018-01-09 08:44:02] sql.INFO: select `oddNumber`, `oddTitle`, `oddReward`, `investType`, `progress`, `addtime`, `oddMoney`, `oddYearRate`, `oddType`, `oddStyle`, `oddBorrowPeriod`, `oddBorrowStyle`, `openTime`, `lookstatus` from `work_odd` where `progress` in (?, ?, ?) and `lookstatus` = ? and appointUserId=? and `oddType` = ? and `oddStyle` = ? order by field(progress, ?, ?, ?, ?, ?), `oddTrialTime` desc limit 5 [42.49ms] ["start","review","run","1","","house-mor","normal","prep","start","review","run","end"] []
[2018-01-09 08:44:02] sql.INFO: select count(*) as aggregate from `work_odd` where `progress` = ? and `lookstatus` = ? and (`oddType` = ?) and appointUserId=? [39.26ms] ["start",1,"house-mor",""] []
[2018-01-09 08:44:02] sql.INFO: select `oddNumber`, `oddTitle`, `oddReward`, `investType`, `progress`, `addtime`, `oddMoney`, `oddYearRate`, `oddType`, `oddStyle`, `oddBorrowPeriod`, `oddBorrowStyle`, `openTime`, `lookstatus` from `work_odd` where `progress` in (?, ?, ?) and `lookstatus` = ? and appointUserId=? and `oddType` = ? and `oddStyle` = ? order by field(progress, ?, ?, ?, ?, ?), `oddTrialTime` desc limit 5 [40.83ms] ["start","review","run","1","","auto-ins","normal","prep","start","review","run","end"] []
[2018-01-09 08:44:02] sql.INFO: select count(*) as aggregate from `work_odd` where `progress` = ? and `lookstatus` = ? and (`oddType` = ?) and appointUserId=? [39.24ms] ["start",1,"auto-ins",""] []
[2018-01-09 08:44:02] sql.INFO: select * from `work_creditass` where `work_creditass`.`progress` <> ? order by field(work_creditass.progress, ?, ?), `work_creditass`.`addtime` desc limit 5 [45.62ms] ["fail","start","run"] []
[2018-01-09 08:44:02] sql.INFO: select count(*) as aggregate from `work_creditass` where `progress` = ? and not exists (select * from `work_oddinterest_invest` where `work_oddinterest_invest`.`oddMoneyId` = `work_creditass`.`oddmoneyId` and `endtime` >= ? and `endtime` <= ?) [41.16ms] ["start","2018-01-09 00:00:00","2018-01-09 23:59:59"] []
[2018-01-09 08:44:02] sql.INFO: select * from `system_link` where `link_status` = ? and `link_type` = ? order by `link_sort` desc [40.88ms] [1,"link"] []
[2018-01-09 08:44:02] sql.INFO: select sum(`interest`) as aggregate from `work_oddinterest_invest` where `status` in (?, ?, ?) [42.59ms] [1,3,4] []
[2018-01-09 08:44:02] sql.INFO: select sum(oddMoney) dayOpenMoney, count(1) dayOpenCount from `work_odd` where `openTime` like ? and `progress` in (?, ?, ?, ?) limit 1 [43.05ms] ["2018-01-09%","start","review","run","end"] []
[2018-01-09 08:44:02] sql.INFO: select * from `system_news` where (`news_type` = ?) order by `news_time` desc limit 1 [41.2ms] ["announce"] []
[2018-01-09 08:44:02] sql.INFO: select sum(money) tmoney, `type`, `day`, `news_id` from `system_expect_odds` where `system_expect_odds`.`news_id` in (?) group by `type` [42.19ms] [9110] []
[2018-01-09 08:44:02] sql.INFO: select * from `system_attribute` where identity in (?,?,?) [39.37ms] ["title","keywords","description"] []
