[2018-01-10 09:05:07] sql.INFO: select `id`, `news_title`, `news_time` from `system_news` where `news_type` = ? order by `news_order` asc, `news_time` desc limit 7 [41.08ms] ["announce"] []
[2018-01-10 09:05:07] sql.INFO: select count(*) as aggregate from `system_userinfo` [40.43ms] [] []
[2018-01-10 09:05:07] sql.INFO: select * from `system_attribute` where `identity` = ? limit 1 [41.88ms] ["addUserNum"] []
[2018-01-10 09:05:07] sql.INFO: select * from `system_banner` where `type_id` = ? and `status` = ? order by `banner_order` asc, `addtime` desc [40.85ms] [1,1] []
[2018-01-10 09:05:07] sql.INFO: select sum(`zongEr`) as aggregate from `work_oddinterest` where `status` = ? [42.96ms] [0] []
[2018-01-10 09:05:07] sql.INFO: select sum(`oddMoney`) as aggregate from `work_odd` where `oddType` <> ? and `progress` in (?, ?, ?) and `oddRehearTime` between ? and ? [40.8ms] ["special","run","end","review","2018-01-09 00:00:00","2018-01-09 23:59:59"] []
[2018-01-10 09:05:07] sql.INFO: select sum(`oddMoney`) as aggregate from `work_odd` where `oddType` <> ? and `progress` in (?, ?, ?) [42.5ms] ["special","run","end","review"] []
[2018-01-10 09:05:07] sql.INFO: select sum(`investmoney`) as aggregate from `user_oldinvest` [41.16ms] [] []
[2018-01-10 09:05:07] sql.INFO: select `oddNumber`, `oddTitle`, `oddReward`, `investType`, `progress`, `addtime`, `oddMoney`, `oddYearRate`, `oddType`, `oddStyle`, `oddBorrowPeriod`, `oddBorrowStyle`, `openTime`, `lookstatus` from `work_odd` where `progress` in (?, ?, ?) and `lookstatus` = ? and appointUserId=? and `oddStyle` = ? order by field(progress, ?, ?, ?, ?, ?), `oddTrialTime` desc limit 2 [48.09ms] ["start","review","run","1","","newhand","prep","start","review","run","end"] []
[2018-01-10 09:05:07] sql.INFO: select `oddNumber`, `oddTitle`, `oddReward`, `investType`, `progress`, `addtime`, `oddMoney`, `oddYearRate`, `oddType`, `oddStyle`, `oddBorrowPeriod`, `oddBorrowStyle`, `openTime`, `lookstatus` from `work_odd` where `progress` in (?, ?, ?) and `lookstatus` = ? and appointUserId=? and `oddType` = ? and `oddStyle` = ? order by field(progress, ?, ?, ?, ?, ?), `oddTrialTime` desc limit 5 [42.08ms] ["start","review","run","1","","house-mor","normal","prep","start","review","run","end"] []
[2018-01-10 09:05:07] sql.INFO: select count(*) as aggregate from `work_odd` where `progress` = ? and `lookstatus` = ? and (`oddType` = ?) and appointUserId=? [40.76ms] ["start",1,"house-mor",""] []
[2018-01-10 09:05:07] sql.INFO: select `oddNumber`, `oddTitle`, `oddReward`, `investType`, `progress`, `addtime`, `oddMoney`, `oddYearRate`, `oddType`, `oddStyle`, `oddBorrowPeriod`, `oddBorrowStyle`, `openTime`, `lookstatus` from `work_odd` where `progress` in (?, ?, ?) and `lookstatus` = ? and appointUserId=? and `oddType` = ? and `oddStyle` = ? order by field(progress, ?, ?, ?, ?, ?), `oddTrialTime` desc limit 5 [41.7ms] ["start","review","run","1","","auto-ins","normal","prep","start","review","run","end"] []
[2018-01-10 09:05:07] sql.INFO: select count(*) as aggregate from `work_odd` where `progress` = ? and `lookstatus` = ? and (`oddType` = ?) and appointUserId=? [41.14ms] ["start",1,"auto-ins",""] []
[2018-01-10 09:05:07] sql.INFO: select * from `work_creditass` where `work_creditass`.`progress` <> ? order by field(work_creditass.progress, ?, ?), `work_creditass`.`addtime` desc limit 5 [51.43ms] ["fail","start","run"] []
[2018-01-10 09:05:07] sql.INFO: select * from `work_odd` where `work_odd`.`oddNumber` in (?) [50.71ms] ["20180109000003"] []
[2018-01-10 09:05:07] sql.INFO: select * from `work_oddinterest` where `work_oddinterest`.`oddNumber` in (?) [45.63ms] ["20180109000003"] []
[2018-01-10 09:05:07] sql.INFO: select * from `work_oddmoney` where `work_oddmoney`.`id` in (?) [41.61ms] [121] []
[2018-01-10 09:05:07] sql.INFO: select * from `work_oddinterest_invest` where `work_oddinterest_invest`.`oddMoneyId` in (?) [47.61ms] [121] []
[2018-01-10 09:05:07] sql.INFO: select count(*) as aggregate from `work_creditass` where `progress` = ? and not exists (select * from `work_oddinterest_invest` where `work_oddinterest_invest`.`oddMoneyId` = `work_creditass`.`oddmoneyId` and `endtime` >= ? and `endtime` <= ?) [44.81ms] ["start","2018-01-10 00:00:00","2018-01-10 23:59:59"] []
[2018-01-10 09:05:07] sql.INFO: select * from `system_link` where `link_status` = ? and `link_type` = ? order by `link_sort` desc [44.47ms] [1,"link"] []
[2018-01-10 09:05:08] sql.INFO: select sum(`interest`) as aggregate from `work_oddinterest_invest` where `status` in (?, ?, ?) [40.8ms] [1,3,4] []
[2018-01-10 09:05:08] sql.INFO: select sum(oddMoney) dayOpenMoney, count(1) dayOpenCount from `work_odd` where `openTime` like ? and `progress` in (?, ?, ?, ?) limit 1 [41.25ms] ["2018-01-10%","start","review","run","end"] []
[2018-01-10 09:05:08] sql.INFO: select * from `system_news` where (`news_type` = ?) order by `news_time` desc limit 1 [41.28ms] ["announce"] []
[2018-01-10 09:05:08] sql.INFO: select sum(money) tmoney, `type`, `day`, `news_id` from `system_expect_odds` where `system_expect_odds`.`news_id` in (?) group by `type` [40.87ms] [9110] []
[2018-01-10 09:05:08] sql.INFO: select * from `system_attribute` where identity in (?,?,?) [48.22ms] ["title","keywords","description"] []
[2018-01-10 09:05:09] sql.INFO: select `id`, `news_title`, `news_time` from `system_news` where `news_type` = ? order by `news_order` asc, `news_time` desc limit 7 [42.87ms] ["announce"] []
[2018-01-10 09:05:09] sql.INFO: select count(*) as aggregate from `system_userinfo` [34.93ms] [] []
[2018-01-10 09:05:09] sql.INFO: select * from `system_attribute` where `identity` = ? limit 1 [34.46ms] ["addUserNum"] []
[2018-01-10 09:05:09] sql.INFO: select * from `system_banner` where `type_id` = ? and `status` = ? order by `banner_order` asc, `addtime` desc [35.36ms] [1,1] []
[2018-01-10 09:05:09] sql.INFO: select sum(`zongEr`) as aggregate from `work_oddinterest` where `status` = ? [37.18ms] [0] []
[2018-01-10 09:05:09] sql.INFO: select sum(`oddMoney`) as aggregate from `work_odd` where `oddType` <> ? and `progress` in (?, ?, ?) and `oddRehearTime` between ? and ? [63.96ms] ["special","run","end","review","2018-01-09 00:00:00","2018-01-09 23:59:59"] []
[2018-01-10 09:05:09] sql.INFO: select sum(`oddMoney`) as aggregate from `work_odd` where `oddType` <> ? and `progress` in (?, ?, ?) [35.15ms] ["special","run","end","review"] []
[2018-01-10 09:05:09] sql.INFO: select sum(`investmoney`) as aggregate from `user_oldinvest` [36.11ms] [] []
[2018-01-10 09:05:09] sql.INFO: select `oddNumber`, `oddTitle`, `oddReward`, `investType`, `progress`, `addtime`, `oddMoney`, `oddYearRate`, `oddType`, `oddStyle`, `oddBorrowPeriod`, `oddBorrowStyle`, `openTime`, `lookstatus` from `work_odd` where `progress` in (?, ?, ?) and `lookstatus` = ? and appointUserId=? and `oddStyle` = ? order by field(progress, ?, ?, ?, ?, ?), `oddTrialTime` desc limit 2 [36.57ms] ["start","review","run","1","","newhand","prep","start","review","run","end"] []
[2018-01-10 09:05:09] sql.INFO: select `oddNumber`, `oddTitle`, `oddReward`, `investType`, `progress`, `addtime`, `oddMoney`, `oddYearRate`, `oddType`, `oddStyle`, `oddBorrowPeriod`, `oddBorrowStyle`, `openTime`, `lookstatus` from `work_odd` where `progress` in (?, ?, ?) and `lookstatus` = ? and appointUserId=? and `oddType` = ? and `oddStyle` = ? order by field(progress, ?, ?, ?, ?, ?), `oddTrialTime` desc limit 5 [35.62ms] ["start","review","run","1","","house-mor","normal","prep","start","review","run","end"] []
[2018-01-10 09:05:09] sql.INFO: select count(*) as aggregate from `work_odd` where `progress` = ? and `lookstatus` = ? and (`oddType` = ?) and appointUserId=? [35.02ms] ["start",1,"house-mor",""] []
[2018-01-10 09:05:09] sql.INFO: select `oddNumber`, `oddTitle`, `oddReward`, `investType`, `progress`, `addtime`, `oddMoney`, `oddYearRate`, `oddType`, `oddStyle`, `oddBorrowPeriod`, `oddBorrowStyle`, `openTime`, `lookstatus` from `work_odd` where `progress` in (?, ?, ?) and `lookstatus` = ? and appointUserId=? and `oddType` = ? and `oddStyle` = ? order by field(progress, ?, ?, ?, ?, ?), `oddTrialTime` desc limit 5 [37.51ms] ["start","review","run","1","","auto-ins","normal","prep","start","review","run","end"] []
[2018-01-10 09:05:10] sql.INFO: select count(*) as aggregate from `work_odd` where `progress` = ? and `lookstatus` = ? and (`oddType` = ?) and appointUserId=? [35.28ms] ["start",1,"auto-ins",""] []
[2018-01-10 09:05:10] sql.INFO: select * from `work_creditass` where `work_creditass`.`progress` <> ? order by field(work_creditass.progress, ?, ?), `work_creditass`.`addtime` desc limit 5 [38.25ms] ["fail","start","run"] []
[2018-01-10 09:05:10] sql.INFO: select * from `work_odd` where `work_odd`.`oddNumber` in (?) [37.45ms] ["20180109000003"] []
[2018-01-10 09:05:10] sql.INFO: select * from `work_oddinterest` where `work_oddinterest`.`oddNumber` in (?) [39.92ms] ["20180109000003"] []
[2018-01-10 09:05:10] sql.INFO: select * from `work_oddmoney` where `work_oddmoney`.`id` in (?) [44.49ms] [121] []
[2018-01-10 09:05:10] sql.INFO: select * from `work_oddinterest_invest` where `work_oddinterest_invest`.`oddMoneyId` in (?) [39.08ms] [121] []
[2018-01-10 09:05:10] sql.INFO: select count(*) as aggregate from `work_creditass` where `progress` = ? and not exists (select * from `work_oddinterest_invest` where `work_oddinterest_invest`.`oddMoneyId` = `work_creditass`.`oddmoneyId` and `endtime` >= ? and `endtime` <= ?) [36.11ms] ["start","2018-01-10 00:00:00","2018-01-10 23:59:59"] []
[2018-01-10 09:05:10] sql.INFO: select * from `system_link` where `link_status` = ? and `link_type` = ? order by `link_sort` desc [37.13ms] [1,"link"] []
[2018-01-10 09:05:10] sql.INFO: select sum(`interest`) as aggregate from `work_oddinterest_invest` where `status` in (?, ?, ?) [37.46ms] [1,3,4] []
[2018-01-10 09:05:10] sql.INFO: select sum(oddMoney) dayOpenMoney, count(1) dayOpenCount from `work_odd` where `openTime` like ? and `progress` in (?, ?, ?, ?) limit 1 [34.69ms] ["2018-01-10%","start","review","run","end"] []
[2018-01-10 09:05:10] sql.INFO: select * from `system_news` where (`news_type` = ?) order by `news_time` desc limit 1 [37.41ms] ["announce"] []
[2018-01-10 09:05:10] sql.INFO: select sum(money) tmoney, `type`, `day`, `news_id` from `system_expect_odds` where `system_expect_odds`.`news_id` in (?) group by `type` [35.92ms] [9110] []
[2018-01-10 09:05:10] sql.INFO: select * from `system_attribute` where identity in (?,?,?) [37.01ms] ["title","keywords","description"] []
[2018-01-10 09:05:12] sql.INFO: select * from `system_attribute` where identity in (?,?,?) [34.61ms] ["title","keywords","description"] []
[2018-01-10 09:05:14] sql.INFO: select * from `system_attribute` where identity in (?,?,?) [35.47ms] ["title","keywords","description"] []
[2018-01-10 09:05:16] sql.INFO: select * from `system_attribute` where identity in (?,?,?) [41.49ms] ["title","keywords","description"] []
[2018-01-10 09:05:16] sql.INFO: select * from `system_attribute` where identity in (?,?,?) [35.76ms] ["title","keywords","description"] []
[2018-01-10 09:05:17] sql.INFO: select * from `system_attribute` where identity in (?,?,?) [35.47ms] ["title","keywords","description"] []
[2018-01-10 09:06:21] sql.INFO: select * from `system_attribute` where identity in (?,?,?) [41.53ms] ["title","keywords","description"] []
[2018-01-10 09:06:24] sql.INFO: select * from `system_attribute` where identity in (?,?,?) [38.49ms] ["title","keywords","description"] []
[2018-01-10 09:06:26] sql.INFO: select * from `system_attribute` where identity in (?,?,?) [34.28ms] ["title","keywords","description"] []
