[2018-01-28 03:38:16] sql.INFO: select * from `system_userinfo` where `username` = ? limit 1 [36.06ms] ["18850400209"] []
[2018-01-28 03:38:16] sql.INFO: insert into `user_login_log` (`loginIp`, `userId`, `loginTime`) values (?, ?, ?) [33.91ms] ["127.0.0.1","2000000002","2018-01-28 03:38:16"] []
[2018-01-28 03:38:17] sql.INFO: select `webmailId` from `system_user_webmail` where `username` = ? [33.23ms] ["18850400209"] []
[2018-01-28 03:38:17] sql.INFO: select `id` from `system_webmail` where (receiveUser=? or sendType=?) and 1 = 1 [32.65ms] ["18850400209",1] []
[2018-01-28 03:38:17] sql.INFO: select `id`, `news_title`, `news_time` from `system_news` where `news_type` = ? order by `news_order` asc, `news_time` desc limit 7 [32.33ms] ["announce"] []
[2018-01-28 03:38:17] sql.INFO: select `id`, `news_title`, `news_time` from `system_news` where `news_type` = ? order by `news_order` asc, `news_time` desc limit 4 [32.74ms] ["news"] []
[2018-01-28 03:38:17] sql.INFO: select `id`, `news_title`, `news_time` from `system_news` where `news_type` = ? order by `news_order` asc, `news_time` desc limit 7 [32.47ms] ["notice"] []
[2018-01-28 03:38:17] sql.INFO: select count(*) as aggregate from `system_userinfo` [32.74ms] [] []
[2018-01-28 03:38:17] sql.INFO: select * from `system_attribute` where `identity` = ? limit 1 [32.93ms] ["addUserNum"] []
[2018-01-28 03:38:17] sql.INFO: select * from `system_banner` where `type_id` = ? and `status` = ? order by `banner_order` asc, `addtime` desc [33.52ms] [1,1] []
[2018-01-28 03:38:17] sql.INFO: select sum(`zongEr`) as aggregate from `work_oddinterest` where `status` = ? [32.67ms] [0] []
[2018-01-28 03:38:17] sql.INFO: select sum(`oddMoney`) as aggregate from `work_odd` where `oddType` <> ? and `progress` in (?, ?, ?) and `oddRehearTime` between ? and ? [32.64ms] ["special","run","end","review","2018-01-27 00:00:00","2018-01-27 23:59:59"] []
[2018-01-28 03:38:17] sql.INFO: select sum(`oddMoney`) as aggregate from `work_odd` where `oddType` <> ? and `progress` in (?, ?, ?) [33.9ms] ["special","run","end","review"] []
[2018-01-28 03:38:17] sql.INFO: select sum(`investmoney`) as aggregate from `user_oldinvest` [32.59ms] [] []
[2018-01-28 03:38:17] sql.INFO: select `oddNumber`, `oddTitle`, `oddReward`, `investType`, `progress`, `addtime`, `oddMoney`, `oddYearRate`, `oddType`, `oddStyle`, `oddBorrowPeriod`, `oddBorrowStyle`, `openTime`, `lookstatus` from `work_odd` where `progress` in (?, ?, ?) and `lookstatus` = ? and (appointUserId=? or appointUserId=?) and `oddStyle` = ? order by field(progress, ?, ?, ?, ?, ?), `oddTrialTime` desc limit 2 [34.16ms] ["start","review","run","1","2000000002","","newhand","prep","start","review","run","end"] []
[2018-01-28 03:38:17] sql.INFO: select `oddNumber`, `oddTitle`, `oddReward`, `investType`, `progress`, `addtime`, `oddMoney`, `oddYearRate`, `oddType`, `oddStyle`, `oddBorrowPeriod`, `oddBorrowStyle`, `openTime`, `lookstatus` from `work_odd` where `progress` in (?, ?, ?) and `lookstatus` = ? and (appointUserId=? or appointUserId=?) and `oddType` = ? and `oddStyle` = ? order by field(progress, ?, ?, ?, ?, ?), `oddTrialTime` desc limit 5 [35.07ms] ["start","review","run","1","2000000002","","house-mor","normal","prep","start","review","run","end"] []
[2018-01-28 03:38:17] sql.INFO: select count(*) as aggregate from `work_odd` where `progress` = ? and `lookstatus` = ? and (`oddType` = ? and `oddStyle` = ?) and (appointUserId=? or appointUserId=?) [33ms] ["start",1,"house-mor","normal","2000000002",""] []
[2018-01-28 03:38:17] sql.INFO: select `oddNumber`, `oddTitle`, `oddReward`, `investType`, `progress`, `addtime`, `oddMoney`, `oddYearRate`, `oddType`, `oddStyle`, `oddBorrowPeriod`, `oddBorrowStyle`, `openTime`, `lookstatus` from `work_odd` where `progress` in (?, ?, ?) and `lookstatus` = ? and (appointUserId=? or appointUserId=?) and `oddType` = ? and `oddStyle` = ? order by field(progress, ?, ?, ?, ?, ?), `oddTrialTime` desc limit 5 [35.36ms] ["start","review","run","1","2000000002","","auto-ins","normal","prep","start","review","run","end"] []
[2018-01-28 03:38:17] sql.INFO: select count(*) as aggregate from `work_odd` where `progress` = ? and `lookstatus` = ? and (`oddType` = ? and `oddStyle` = ?) and (appointUserId=? or appointUserId=?) [33.03ms] ["start",1,"auto-ins","normal","2000000002",""] []
[2018-01-28 03:38:17] sql.INFO: select * from `work_creditass` where `work_creditass`.`progress` <> ? order by field(work_creditass.progress, ?, ?), `work_creditass`.`addtime` desc limit 5 [34.78ms] ["fail","start","run"] []
[2018-01-28 03:38:17] sql.INFO: select * from `work_odd` where `work_odd`.`oddNumber` in (?, ?, ?, ?, ?) [36.05ms] ["20180124000004","20180126000002","20180102000001","20171201000009","20171122000008"] []
[2018-01-28 03:38:17] sql.INFO: select * from `work_oddinterest` where `work_oddinterest`.`oddNumber` in (?, ?, ?, ?, ?) [36.57ms] ["20171122000008","20171201000009","20180102000001","20180124000004","20180126000002"] []
[2018-01-28 03:38:17] sql.INFO: select * from `work_oddmoney` where `work_oddmoney`.`id` in (?, ?, ?, ?, ?) [33.78ms] [113,121,107,93,23] []
[2018-01-28 03:38:17] sql.INFO: select * from `work_oddinterest_invest` where `work_oddinterest_invest`.`oddMoneyId` in (?, ?, ?, ?, ?) [36.23ms] [23,93,107,113,121] []
[2018-01-28 03:38:18] sql.INFO: select count(*) as aggregate from `work_creditass` where `progress` = ? and not exists (select * from `work_oddinterest_invest` where `work_oddinterest_invest`.`oddMoneyId` = `work_creditass`.`oddmoneyId` and `endtime` >= ? and `endtime` <= ?) [33.66ms] ["start","2018-01-28 00:00:00","2018-01-28 23:59:59"] []
[2018-01-28 03:38:18] sql.INFO: select * from `system_link` where `link_status` = ? and `link_type` = ? order by `link_sort` desc [33.02ms] [1,"link"] []
[2018-01-28 03:38:18] sql.INFO: select sum(`interest`) as aggregate from `work_oddinterest_invest` where `status` in (?, ?, ?) [32.79ms] [1,3,4] []
[2018-01-28 03:38:18] sql.INFO: select sum(oddMoney) dayOpenMoney, count(1) dayOpenCount from `work_odd` where `openTime` like ? and `progress` in (?, ?, ?, ?) limit 1 [32.93ms] ["2018-01-28%","start","review","run","end"] []
[2018-01-28 03:38:18] sql.INFO: select * from `system_news` where (`news_type` = ?) order by `news_time` desc limit 1 [33.83ms] ["announce"] []
[2018-01-28 03:38:18] sql.INFO: select sum(money) tmoney, `type`, `day`, `news_id` from `system_expect_odds` where `system_expect_odds`.`news_id` in (?) group by `type` [32.67ms] [9140] []
[2018-01-28 03:38:18] sql.INFO: select * from `system_attribute` where identity in (?,?,?) [32.86ms] ["title","keywords","description"] []
