[2018-01-29 09:16:30] sql.INFO: select `id`, `news_title`, `news_time` from `system_news` where `news_type` = ? order by `news_order` asc, `news_time` desc limit 7 [39.16ms] ["announce"] []
[2018-01-29 09:16:30] sql.INFO: select `id`, `news_title`, `news_time` from `system_news` where `news_type` = ? order by `news_order` asc, `news_time` desc limit 4 [50.22ms] ["news"] []
[2018-01-29 09:16:30] sql.INFO: select `id`, `news_title`, `news_time` from `system_news` where `news_type` = ? order by `news_order` asc, `news_time` desc limit 7 [39.33ms] ["notice"] []
[2018-01-29 09:16:30] sql.INFO: select count(*) as aggregate from `system_userinfo` [39.08ms] [] []
[2018-01-29 09:16:30] sql.INFO: select * from `system_attribute` where `identity` = ? limit 1 [39.02ms] ["addUserNum"] []
[2018-01-29 09:16:30] sql.INFO: select * from `system_banner` where `type_id` = ? and `status` = ? order by `banner_order` asc, `addtime` desc [43.63ms] [1,1] []
[2018-01-29 09:16:30] sql.INFO: select sum(`zongEr`) as aggregate from `work_oddinterest` where `status` = ? [39.55ms] [0] []
[2018-01-29 09:16:30] sql.INFO: select sum(`oddMoney`) as aggregate from `work_odd` where `oddType` <> ? and `progress` in (?, ?, ?) and `oddRehearTime` between ? and ? [38.87ms] ["special","run","end","review","2018-01-28 00:00:00","2018-01-28 23:59:59"] []
[2018-01-29 09:16:31] sql.INFO: select sum(`oddMoney`) as aggregate from `work_odd` where `oddType` <> ? and `progress` in (?, ?, ?) [38.43ms] ["special","run","end","review"] []
[2018-01-29 09:16:31] sql.INFO: select sum(`investmoney`) as aggregate from `user_oldinvest` [39.54ms] [] []
[2018-01-29 09:16:31] sql.INFO: select `oddNumber`, `oddTitle`, `oddReward`, `investType`, `progress`, `addtime`, `oddMoney`, `oddYearRate`, `oddType`, `oddStyle`, `oddBorrowPeriod`, `oddBorrowStyle`, `openTime`, `lookstatus` from `work_odd` where `progress` in (?, ?, ?) and `lookstatus` = ? and appointUserId=? and `oddStyle` = ? order by field(progress, ?, ?, ?, ?, ?), `oddTrialTime` desc limit 2 [39.49ms] ["start","review","run","1","","newhand","prep","start","review","run","end"] []
[2018-01-29 09:16:31] sql.INFO: select `oddNumber`, `oddTitle`, `oddReward`, `investType`, `progress`, `addtime`, `oddMoney`, `oddYearRate`, `oddType`, `oddStyle`, `oddBorrowPeriod`, `oddBorrowStyle`, `openTime`, `lookstatus` from `work_odd` where `progress` in (?, ?, ?) and `lookstatus` = ? and appointUserId=? and `oddType` = ? and `oddStyle` = ? order by field(progress, ?, ?, ?, ?, ?), `oddTrialTime` desc limit 5 [40.08ms] ["start","review","run","1","","house-mor","normal","prep","start","review","run","end"] []
[2018-01-29 09:16:31] sql.INFO: select count(*) as aggregate from `work_odd` where `progress` = ? and `lookstatus` = ? and (`oddType` = ? and `oddStyle` = ?) and appointUserId=? [38.6ms] ["start",1,"house-mor","normal",""] []
[2018-01-29 09:16:31] sql.INFO: select `oddNumber`, `oddTitle`, `oddReward`, `investType`, `progress`, `addtime`, `oddMoney`, `oddYearRate`, `oddType`, `oddStyle`, `oddBorrowPeriod`, `oddBorrowStyle`, `openTime`, `lookstatus` from `work_odd` where `progress` in (?, ?, ?) and `lookstatus` = ? and appointUserId=? and `oddType` = ? and `oddStyle` = ? order by field(progress, ?, ?, ?, ?, ?), `oddTrialTime` desc limit 5 [39.11ms] ["start","review","run","1","","auto-ins","normal","prep","start","review","run","end"] []
[2018-01-29 09:16:31] sql.INFO: select count(*) as aggregate from `work_odd` where `progress` = ? and `lookstatus` = ? and (`oddType` = ? and `oddStyle` = ?) and appointUserId=? [44.63ms] ["start",1,"auto-ins","normal",""] []
[2018-01-29 09:16:31] sql.INFO: select * from `work_creditass` where `work_creditass`.`progress` <> ? order by field(work_creditass.progress, ?, ?), `work_creditass`.`addtime` desc limit 5 [39.54ms] ["fail","start","run"] []
[2018-01-29 09:16:31] sql.INFO: select * from `work_odd` where `work_odd`.`oddNumber` in (?, ?, ?, ?, ?) [40.85ms] ["20180124000004","20180126000002","20180102000001","20171201000009","20171122000008"] []
[2018-01-29 09:16:31] sql.INFO: select * from `work_oddinterest` where `work_oddinterest`.`oddNumber` in (?, ?, ?, ?, ?) [39.99ms] ["20171122000008","20171201000009","20180102000001","20180124000004","20180126000002"] []
[2018-01-29 09:16:31] sql.INFO: select * from `work_oddmoney` where `work_oddmoney`.`id` in (?, ?, ?, ?, ?) [41.01ms] [113,121,107,93,23] []
[2018-01-29 09:16:31] sql.INFO: select * from `work_oddinterest_invest` where `work_oddinterest_invest`.`oddMoneyId` in (?, ?, ?, ?, ?) [42.3ms] [23,93,107,113,121] []
[2018-01-29 09:16:31] sql.INFO: select count(*) as aggregate from `work_creditass` where `progress` = ? and not exists (select * from `work_oddinterest_invest` where `work_oddinterest_invest`.`oddMoneyId` = `work_creditass`.`oddmoneyId` and `endtime` >= ? and `endtime` <= ?) [39.3ms] ["start","2018-01-29 00:00:00","2018-01-29 23:59:59"] []
[2018-01-29 09:16:31] sql.INFO: select * from `system_link` where `link_status` = ? and `link_type` = ? order by `link_sort` desc [39.1ms] [1,"link"] []
[2018-01-29 09:16:31] sql.INFO: select sum(`interest`) as aggregate from `work_oddinterest_invest` where `status` in (?, ?, ?) [39.22ms] [1,3,4] []
[2018-01-29 09:16:31] sql.INFO: select sum(oddMoney) dayOpenMoney, count(1) dayOpenCount from `work_odd` where `openTime` like ? and `progress` in (?, ?, ?, ?) limit 1 [40.56ms] ["2018-01-29%","start","review","run","end"] []
[2018-01-29 09:16:31] sql.INFO: select * from `system_news` where (`news_type` = ?) order by `news_time` desc limit 1 [40.39ms] ["announce"] []
[2018-01-29 09:16:31] sql.INFO: select sum(money) tmoney, `type`, `day`, `news_id` from `system_expect_odds` where `system_expect_odds`.`news_id` in (?) group by `type` [42.75ms] [9140] []
[2018-01-29 09:16:31] sql.INFO: select * from `system_attribute` where identity in (?,?,?) [39.71ms] ["title","keywords","description"] []
