[2018-01-30 10:14:25] sql.INFO: select * from `auth_actions` where `domain` = ? and `module` = ? and `link` = ? limit 1 [28.71ms] ["user","Index","/login/index"] []
[2018-01-30 10:14:25] sql.INFO: select * from `system_attribute` where identity in (?,?,?) [29.81ms] ["title","keywords","description"] []
[2018-01-30 10:14:32] sql.INFO: select * from `auth_actions` where `domain` = ? and `module` = ? and `link` = ? limit 1 [33.58ms] ["user","Index","/login/submit"] []
[2018-01-30 10:14:32] sql.INFO: select * from `system_userinfo` where `username` = ? limit 1 [36.44ms] ["13075962836"] []
[2018-01-30 10:14:32] sql.INFO: insert into `user_login_log` (`loginIp`, `userId`, `loginTime`) values (?, ?, ?) [33.16ms] ["127.0.0.1","2000000082","2018-01-30 10:14:32"] []
[2018-01-30 10:14:32] sql.INFO: select `webmailId` from `system_user_webmail` where `username` = ? [33.34ms] ["13075962836"] []
[2018-01-30 10:14:32] sql.INFO: select `id` from `system_webmail` where (receiveUser=? or sendType=?) and 1 = 1 [32.7ms] ["13075962836",1] []
[2018-01-30 10:14:33] sql.INFO: select * from `system_userinfo` where `userId` = ? limit 1 [42.69ms] ["2000000082"] []
[2018-01-30 10:14:33] sql.INFO: select * from `auth_actions` where `domain` = ? and `module` = ? and `link` = ? limit 1 [40.95ms] ["user","Index","/account/index"] []
[2018-01-30 10:14:33] sql.INFO: select sum(`recover_account_interest_yes`) as aggregate from `system_oldinvest` where `user_id` = ? and `tender_status` = ? [40.11ms] ["2000000082",1] []
[2018-01-30 10:14:33] sql.INFO: select sum(`money`) as aggregate from `user_oldlog` where `user_id` = ? and `type` = ? [39.85ms] ["2000000082","tender_recover_fee_service"] []
[2018-01-30 10:14:33] sql.INFO: select sum(serviceMoney) as hasSC, sum(realinterest) as hasInterest from `work_oddinterest_invest` where `status` <> ? and `oddMoneyId` in (select `id` from `work_oddmoney` where `userId` = ?) limit 1 [40.69ms] [0,"2000000082"] []
[2018-01-30 10:14:33] sql.INFO: select sum(benJin) as stayPrincipal, sum(interest) as stayInterest from `work_oddinterest_invest` where `status` = ? and `oddMoneyId` in (select `id` from `work_oddmoney` where `userId` = ?) and `oddNumber` in (select `oddNumber` from `work_odd` where `oddType` <> ?) limit 1 [40.5ms] [0,"2000000082","special"] []
[2018-01-30 10:14:33] sql.INFO: select sum(`benJin`) as aggregate from `work_oddinterest` where `userId` = ? and `status` = ? [40.1ms] ["2000000082",0] []
[2018-01-30 10:14:33] sql.INFO: select sum(`interest`) as aggregate from `work_oddinterest` where `userId` = ? and `status` = ? [39.91ms] ["2000000082",0] []
[2018-01-30 10:14:33] sql.INFO: select sum(`reward`) as aggregate from `work_oddinterest` where `userId` = ? and `status` = ? [39.78ms] ["2000000082",0] []
[2018-01-30 10:14:33] sql.INFO: select * from `user_vip` where `userId` = ? limit 1 [40.56ms] ["2000000082"] []
[2018-01-30 10:14:33] sql.INFO: select count(*) as aggregate from `user_redpack` where `userId` = ? and `type` = ? and `status` = ? [40.59ms] ["2000000082","rpk-newuser",1] []
[2018-01-30 10:14:33] sql.INFO: select sum(`money`) as aggregate from `work_oddmoney` where `userId` = ? and `status` = ? and (type=? or (type=? and time<?)) and exists (select * from `work_odd` where `work_oddmoney`.`oddNumber` = `work_odd`.`oddNumber` and `oddBorrowStyle` = ?) [40.2ms] ["2000000082","1","invest","credit","2017-12-31 10:14:33","month"] []
[2018-01-30 10:14:33] sql.INFO: select * from `user_oldinvest` where (`userId` = ?) limit 1 [39.77ms] ["2000000082"] []
[2018-01-30 10:14:33] sql.INFO: select sum(`money`) as aggregate from `work_oddmoney` where `userId` = ? and `status` = ? and `type` = ? and exists (select * from `work_odd` where `work_oddmoney`.`oddNumber` = `work_odd`.`oddNumber` and `oddBorrowStyle` = ?) [39.4ms] ["2000000082","1","invest","month"] []
[2018-01-30 10:14:33] sql.INFO: select sum(extra) as extraMoney, sum(subsidy) as subsidyMoney from `work_oddinterest_invest` where `status` <> ? and `userId` = ? limit 1 [40.48ms] [2,"2000000082"] []
[2018-01-30 10:14:33] sql.INFO: select sum(benJin) totalCapital, sum(interest) totalInterest from `work_oddinterest_invest` where `userId` = ? and `status` = ? and exists (select * from `work_oddmoney` where `work_oddinterest_invest`.`oddMoneyId` = `work_oddmoney`.`id` and `type` = ?) limit 1 [40.91ms] ["2000000082",0,"credit"] []
[2018-01-30 10:14:33] sql.INFO: select sum(benJin) totalCapital, sum(interest) totalInterest from `work_oddinterest_invest` where `userId` = ? and `status` = ? and exists (select * from `work_oddmoney` where `work_oddinterest_invest`.`oddMoneyId` = `work_oddmoney`.`id` and `type` = ?) limit 1 [40.79ms] ["2000000082",0,"invest"] []
[2018-01-30 10:14:33] sql.INFO: select count(*) as aggregate from `system_lotteries` where `userId` = ? and `status` = ? and `endtime` > ? [40.95ms] ["2000000082",1,"2018-01-30 10:14:33"] []
[2018-01-30 10:14:33] sql.INFO: select * from `system_attribute` where identity in (?,?,?) [41.22ms] ["title","keywords","description"] []
[2018-01-30 10:14:34] sql.INFO: select * from `system_userinfo` where `userId` = ? limit 1 [35.35ms] ["2000000082"] []
[2018-01-30 10:14:34] sql.INFO: select * from `auth_actions` where `domain` = ? and `module` = ? and `link` = ? limit 1 [34.65ms] ["user","Index","/account/ajaxrepayments"] []
[2018-01-30 10:14:34] sql.INFO: select * from `work_oddinterest_invest` where `userId` = ? and `status` <> ? and `zongEr` > ? and ((status=0 and endtime>=? and endtime<=?) or (status<>0 and operatetime>=? and operatetime<=?)) [35.54ms] ["2000000082",2,0,"2018-01-01 00:00:00","2018-01-31 23:59:59","2018-01-01 00:00:00","2018-01-31 23:59:59"] []
[2018-01-30 10:14:34] sql.INFO: select * from `work_oddmoney` where `work_oddmoney`.`id` in (?, ?) [33.91ms] [24,144] []
[2018-01-30 10:14:34] sql.INFO: select * from `work_odd` where `work_odd`.`oddNumber` in (?, ?) [35.57ms] ["20171122000008","20180130000002"] []
[2018-01-30 10:14:35] sql.INFO: select * from `system_userinfo` where `userId` = ? limit 1 [42.68ms] ["2000000082"] []
[2018-01-30 10:14:35] sql.INFO: select * from `auth_actions` where `domain` = ? and `module` = ? and `link` = ? limit 1 [39.14ms] ["user","Index","/account/getrepayment"] []
[2018-01-30 10:14:35] sql.INFO: select * from `work_oddinterest_invest` where (`userId` = ? and `status` = ?) and `endtime` > ? order by `endtime` asc limit 1 [39.89ms] ["2000000082",0,"2018-01-30 00:00:00"] []
[2018-01-30 10:14:35] sql.INFO: select * from `work_oddinterest_invest` where `userId` = ? and ((status=0 and endtime>=? and endtime<=?) or (status<>0 and operatetime>=? and operatetime<=?)) [39.89ms] ["2000000082","2018-01-30 00:00:00","2018-01-30 23:59:59","2018-01-30 00:00:00","2018-01-30 23:59:59"] []
[2018-01-30 10:14:35] sql.INFO: select `oddNumber`, `oddTitle`, `oddBorrowPeriod` from `work_odd` where `work_odd`.`oddNumber` in (?) [38.59ms] ["20180130000002"] []
[2018-01-30 10:14:38] sql.INFO: select * from `system_userinfo` where `userId` = ? limit 1 [37.66ms] ["2000000082"] []
[2018-01-30 10:14:39] sql.INFO: select * from `auth_actions` where `domain` = ? and `module` = ? and `link` = ? limit 1 [35.03ms] ["user","Admin","/index/index"] []
[2018-01-30 10:14:39] sql.INFO: select `auth_roles`.*, `auth_role_user`.`user_id` as `pivot_user_id`, `auth_role_user`.`role_id` as `pivot_role_id` from `auth_roles` inner join `auth_role_user` on `auth_roles`.`id` = `auth_role_user`.`role_id` where `auth_role_user`.`user_id` = ? [34.8ms] ["2000000082"] []
[2018-01-30 10:14:39] sql.INFO: select `auth_permissions`.*, `auth_permission_role`.`role_id` as `pivot_role_id`, `auth_permission_role`.`permission_id` as `pivot_permission_id` from `auth_permissions` inner join `auth_permission_role` on `auth_permissions`.`id` = `auth_permission_role`.`permission_id` where `auth_permission_role`.`role_id` = ? [37.66ms] [1] []
[2018-01-30 10:14:39] sql.INFO: select * from `auth_actions` where `is_menu` = ? order by `rank` desc, `id` asc [37.75ms] ["y"] []
[2018-01-30 10:14:43] sql.INFO: select * from `system_userinfo` where `userId` = ? limit 1 [36.42ms] ["2000000082"] []
[2018-01-30 10:14:43] sql.INFO: select * from `auth_actions` where `domain` = ? and `module` = ? and `link` = ? limit 1 [34.34ms] ["user","Admin","/loan/list"] []
[2018-01-30 10:14:43] sql.INFO: select `auth_roles`.*, `auth_role_user`.`user_id` as `pivot_user_id`, `auth_role_user`.`role_id` as `pivot_role_id` from `auth_roles` inner join `auth_role_user` on `auth_roles`.`id` = `auth_role_user`.`role_id` where `auth_role_user`.`user_id` = ? [35.43ms] ["2000000082"] []
[2018-01-30 10:14:43] sql.INFO: select `auth_permissions`.*, `auth_permission_role`.`role_id` as `pivot_role_id`, `auth_permission_role`.`permission_id` as `pivot_permission_id` from `auth_permissions` inner join `auth_permission_role` on `auth_permissions`.`id` = `auth_permission_role`.`permission_id` where `auth_permission_role`.`role_id` = ? [36.59ms] [1] []
[2018-01-30 10:14:43] sql.INFO: select count(*) as aggregate from `work_odd` where `oddType` <> ? [34.31ms] ["xiaojin"] []
[2018-01-30 10:14:43] sql.INFO: select `oddNumber`, `fronStatus`, `appointUserId`, `oddType`, `oddTitle`, `oddMoney`, `successMoney`, `oddBorrowPeriod`, `oddYearRate`, `openTime`, `oddBorrowStyle`, `progress`, `userId`, `oddRepaymentStyle`, `oddRehearTime`, `oddReward`, `oddStyle` from `work_odd` where `oddType` <> ? order by `id` desc limit 10 offset 0 [36.1ms] ["xiaojin"] []
[2018-01-30 10:14:43] sql.INFO: select `userId`, `name`, `username`, `fundMoney` from `system_userinfo` where `system_userinfo`.`userId` in (?, ?) [34.29ms] ["2000000002","2000000153"] []
[2018-01-30 10:14:43] sql.INFO: select * from `auth_actions` where `is_menu` = ? order by `rank` desc, `id` asc [35.72ms] ["y"] []
[2018-01-30 10:14:45] sql.INFO: select * from `system_userinfo` where `userId` = ? limit 1 [44.21ms] ["2000000082"] []
[2018-01-30 10:14:45] sql.INFO: select * from `auth_actions` where `domain` = ? and `module` = ? and `link` = ? limit 1 [41.98ms] ["user","Admin","/loan/edit"] []
[2018-01-30 10:14:45] sql.INFO: select * from `system_video_area` [41.48ms] [] []
[2018-01-30 10:14:45] sql.INFO: select * from `auth_actions` where `is_menu` = ? order by `rank` desc, `id` asc [43.6ms] ["y"] []
[2018-01-30 10:14:45] sql.INFO: select `auth_roles`.*, `auth_role_user`.`user_id` as `pivot_user_id`, `auth_role_user`.`role_id` as `pivot_role_id` from `auth_roles` inner join `auth_role_user` on `auth_roles`.`id` = `auth_role_user`.`role_id` where `auth_role_user`.`user_id` = ? [41.95ms] ["2000000082"] []
[2018-01-30 10:14:45] sql.INFO: select `auth_permissions`.*, `auth_permission_role`.`role_id` as `pivot_role_id`, `auth_permission_role`.`permission_id` as `pivot_permission_id` from `auth_permissions` inner join `auth_permission_role` on `auth_permissions`.`id` = `auth_permission_role`.`permission_id` where `auth_permission_role`.`role_id` = ? [43.63ms] [1] []
[2018-01-30 10:14:45] sql.INFO: select * from `system_userinfo` where `system_userinfo`.`userId` is null limit 1 [43.15ms] [] []
[2018-01-30 10:14:54] sql.INFO: select * from `system_userinfo` where `userId` = ? limit 1 [33.65ms] ["2000000082"] []
[2018-01-30 10:14:54] sql.INFO: select * from `auth_actions` where `domain` = ? and `module` = ? and `link` = ? limit 1 [33.23ms] ["user","Admin","/loan/edit"] []
[2018-01-30 10:14:54] sql.INFO: select * from `system_video_area` [32.65ms] [] []
[2018-01-30 10:14:54] sql.INFO: select * from `auth_actions` where `is_menu` = ? order by `rank` desc, `id` asc [34.74ms] ["y"] []
[2018-01-30 10:14:54] sql.INFO: select `auth_roles`.*, `auth_role_user`.`user_id` as `pivot_user_id`, `auth_role_user`.`role_id` as `pivot_role_id` from `auth_roles` inner join `auth_role_user` on `auth_roles`.`id` = `auth_role_user`.`role_id` where `auth_role_user`.`user_id` = ? [33.27ms] ["2000000082"] []
[2018-01-30 10:14:54] sql.INFO: select `auth_permissions`.*, `auth_permission_role`.`role_id` as `pivot_role_id`, `auth_permission_role`.`permission_id` as `pivot_permission_id` from `auth_permissions` inner join `auth_permission_role` on `auth_permissions`.`id` = `auth_permission_role`.`permission_id` where `auth_permission_role`.`role_id` = ? [36.13ms] [1] []
[2018-01-30 10:14:54] sql.INFO: select * from `system_userinfo` where `system_userinfo`.`userId` is null limit 1 [35.11ms] [] []
[2018-01-30 10:24:42] sql.INFO: select * from `system_userinfo` where `userId` = ? limit 1 [41.36ms] ["2000000082"] []
[2018-01-30 10:24:42] sql.INFO: select * from `auth_actions` where `domain` = ? and `module` = ? and `link` = ? limit 1 [39.78ms] ["user","Admin","/loan/edit"] []
[2018-01-30 10:24:43] sql.INFO: select * from `system_video_area` [39.3ms] [] []
[2018-01-30 10:24:43] sql.INFO: select * from `auth_actions` where `is_menu` = ? order by `rank` desc, `id` asc [43.64ms] ["y"] []
[2018-01-30 10:24:43] sql.INFO: select `auth_roles`.*, `auth_role_user`.`user_id` as `pivot_user_id`, `auth_role_user`.`role_id` as `pivot_role_id` from `auth_roles` inner join `auth_role_user` on `auth_roles`.`id` = `auth_role_user`.`role_id` where `auth_role_user`.`user_id` = ? [40.46ms] ["2000000082"] []
[2018-01-30 10:24:43] sql.INFO: select `auth_permissions`.*, `auth_permission_role`.`role_id` as `pivot_role_id`, `auth_permission_role`.`permission_id` as `pivot_permission_id` from `auth_permissions` inner join `auth_permission_role` on `auth_permissions`.`id` = `auth_permission_role`.`permission_id` where `auth_permission_role`.`role_id` = ? [43.8ms] [1] []
[2018-01-30 10:24:43] sql.INFO: select * from `system_userinfo` where `system_userinfo`.`userId` is null limit 1 [41.36ms] [] []
[2018-01-30 10:27:07] sql.INFO: select * from `system_userinfo` where `userId` = ? limit 1 [35.39ms] ["2000000082"] []
[2018-01-30 10:27:07] sql.INFO: select * from `auth_actions` where `domain` = ? and `module` = ? and `link` = ? limit 1 [34.02ms] ["user","Admin","/loan/edit"] []
[2018-01-30 10:27:07] sql.INFO: select * from `system_video_area` [32.79ms] [] []
[2018-01-30 10:27:07] sql.INFO: select * from `auth_actions` where `is_menu` = ? order by `rank` desc, `id` asc [35.74ms] ["y"] []
[2018-01-30 10:27:07] sql.INFO: select `auth_roles`.*, `auth_role_user`.`user_id` as `pivot_user_id`, `auth_role_user`.`role_id` as `pivot_role_id` from `auth_roles` inner join `auth_role_user` on `auth_roles`.`id` = `auth_role_user`.`role_id` where `auth_role_user`.`user_id` = ? [33.9ms] ["2000000082"] []
[2018-01-30 10:27:07] sql.INFO: select `auth_permissions`.*, `auth_permission_role`.`role_id` as `pivot_role_id`, `auth_permission_role`.`permission_id` as `pivot_permission_id` from `auth_permissions` inner join `auth_permission_role` on `auth_permissions`.`id` = `auth_permission_role`.`permission_id` where `auth_permission_role`.`role_id` = ? [36.07ms] [1] []
[2018-01-30 10:27:07] sql.INFO: select * from `system_userinfo` where `system_userinfo`.`userId` is null limit 1 [35.69ms] [] []
[2018-01-30 10:27:16] sql.INFO: select * from `system_userinfo` where `userId` = ? limit 1 [30.71ms] ["2000000082"] []
[2018-01-30 10:27:16] sql.INFO: select * from `auth_actions` where `domain` = ? and `module` = ? and `link` = ? limit 1 [29.08ms] ["user","Admin","/loan/edit"] []
[2018-01-30 10:27:16] sql.INFO: select * from `system_video_area` [28.49ms] [] []
[2018-01-30 10:27:16] sql.INFO: select * from `auth_actions` where `is_menu` = ? order by `rank` desc, `id` asc [32.02ms] ["y"] []
[2018-01-30 10:27:16] sql.INFO: select `auth_roles`.*, `auth_role_user`.`user_id` as `pivot_user_id`, `auth_role_user`.`role_id` as `pivot_role_id` from `auth_roles` inner join `auth_role_user` on `auth_roles`.`id` = `auth_role_user`.`role_id` where `auth_role_user`.`user_id` = ? [29.28ms] ["2000000082"] []
[2018-01-30 10:27:16] sql.INFO: select `auth_permissions`.*, `auth_permission_role`.`role_id` as `pivot_role_id`, `auth_permission_role`.`permission_id` as `pivot_permission_id` from `auth_permissions` inner join `auth_permission_role` on `auth_permissions`.`id` = `auth_permission_role`.`permission_id` where `auth_permission_role`.`role_id` = ? [30.75ms] [1] []
[2018-01-30 10:27:16] sql.INFO: select * from `system_userinfo` where `system_userinfo`.`userId` is null limit 1 [31.06ms] [] []
[2018-01-30 10:28:02] sql.INFO: select * from `system_userinfo` where `userId` = ? limit 1 [36.43ms] ["2000000082"] []
[2018-01-30 10:28:02] sql.INFO: select * from `auth_actions` where `domain` = ? and `module` = ? and `link` = ? limit 1 [34.38ms] ["user","Admin","/loan/edit"] []
[2018-01-30 10:28:02] sql.INFO: select * from `system_video_area` [34.83ms] [] []
[2018-01-30 10:28:02] sql.INFO: select * from `auth_actions` where `is_menu` = ? order by `rank` desc, `id` asc [37.19ms] ["y"] []
[2018-01-30 10:28:02] sql.INFO: select `auth_roles`.*, `auth_role_user`.`user_id` as `pivot_user_id`, `auth_role_user`.`role_id` as `pivot_role_id` from `auth_roles` inner join `auth_role_user` on `auth_roles`.`id` = `auth_role_user`.`role_id` where `auth_role_user`.`user_id` = ? [34.87ms] ["2000000082"] []
[2018-01-30 10:28:02] sql.INFO: select `auth_permissions`.*, `auth_permission_role`.`role_id` as `pivot_role_id`, `auth_permission_role`.`permission_id` as `pivot_permission_id` from `auth_permissions` inner join `auth_permission_role` on `auth_permissions`.`id` = `auth_permission_role`.`permission_id` where `auth_permission_role`.`role_id` = ? [37.05ms] [1] []
[2018-01-30 10:28:02] sql.INFO: select * from `system_userinfo` where `system_userinfo`.`userId` is null limit 1 [36.55ms] [] []
[2018-01-30 10:30:40] sql.INFO: select * from `system_userinfo` where `userId` = ? limit 1 [41.37ms] ["2000000082"] []
[2018-01-30 10:30:40] sql.INFO: select * from `auth_actions` where `domain` = ? and `module` = ? and `link` = ? limit 1 [40.4ms] ["user","Admin","/loan/edit"] []
[2018-01-30 10:30:40] sql.INFO: select * from `system_video_area` [39.49ms] [] []
[2018-01-30 10:30:40] sql.INFO: select * from `auth_actions` where `is_menu` = ? order by `rank` desc, `id` asc [40.99ms] ["y"] []
[2018-01-30 10:30:40] sql.INFO: select `auth_roles`.*, `auth_role_user`.`user_id` as `pivot_user_id`, `auth_role_user`.`role_id` as `pivot_role_id` from `auth_roles` inner join `auth_role_user` on `auth_roles`.`id` = `auth_role_user`.`role_id` where `auth_role_user`.`user_id` = ? [40.52ms] ["2000000082"] []
[2018-01-30 10:30:40] sql.INFO: select `auth_permissions`.*, `auth_permission_role`.`role_id` as `pivot_role_id`, `auth_permission_role`.`permission_id` as `pivot_permission_id` from `auth_permissions` inner join `auth_permission_role` on `auth_permissions`.`id` = `auth_permission_role`.`permission_id` where `auth_permission_role`.`role_id` = ? [41.37ms] [1] []
[2018-01-30 10:30:40] sql.INFO: select * from `system_userinfo` where `system_userinfo`.`userId` is null limit 1 [41.29ms] [] []
[2018-01-30 10:33:03] sql.INFO: select * from `system_userinfo` where `userId` = ? limit 1 [44.27ms] ["2000000082"] []
[2018-01-30 10:33:03] sql.INFO: select * from `auth_actions` where `domain` = ? and `module` = ? and `link` = ? limit 1 [42.57ms] ["user","Admin","/loan/edit"] []
[2018-01-30 10:33:03] sql.INFO: select * from `system_video_area` [42.22ms] [] []
[2018-01-30 10:33:03] sql.INFO: select * from `auth_actions` where `is_menu` = ? order by `rank` desc, `id` asc [43.41ms] ["y"] []
[2018-01-30 10:33:03] sql.INFO: select `auth_roles`.*, `auth_role_user`.`user_id` as `pivot_user_id`, `auth_role_user`.`role_id` as `pivot_role_id` from `auth_roles` inner join `auth_role_user` on `auth_roles`.`id` = `auth_role_user`.`role_id` where `auth_role_user`.`user_id` = ? [41.94ms] ["2000000082"] []
[2018-01-30 10:33:03] sql.INFO: select `auth_permissions`.*, `auth_permission_role`.`role_id` as `pivot_role_id`, `auth_permission_role`.`permission_id` as `pivot_permission_id` from `auth_permissions` inner join `auth_permission_role` on `auth_permissions`.`id` = `auth_permission_role`.`permission_id` where `auth_permission_role`.`role_id` = ? [44.28ms] [1] []
[2018-01-30 10:33:03] sql.INFO: select * from `system_userinfo` where `system_userinfo`.`userId` is null limit 1 [44.16ms] [] []
[2018-01-30 10:34:18] sql.INFO: select * from `system_userinfo` where `userId` = ? limit 1 [41.11ms] ["2000000082"] []
[2018-01-30 10:34:18] sql.INFO: select * from `auth_actions` where `domain` = ? and `module` = ? and `link` = ? limit 1 [38.92ms] ["user","Admin","/loan/edit"] []
[2018-01-30 10:34:18] sql.INFO: select * from `system_video_area` [40.67ms] [] []
[2018-01-30 10:34:18] sql.INFO: select * from `auth_actions` where `is_menu` = ? order by `rank` desc, `id` asc [40.08ms] ["y"] []
[2018-01-30 10:34:18] sql.INFO: select `auth_roles`.*, `auth_role_user`.`user_id` as `pivot_user_id`, `auth_role_user`.`role_id` as `pivot_role_id` from `auth_roles` inner join `auth_role_user` on `auth_roles`.`id` = `auth_role_user`.`role_id` where `auth_role_user`.`user_id` = ? [41.71ms] ["2000000082"] []
[2018-01-30 10:34:18] sql.INFO: select `auth_permissions`.*, `auth_permission_role`.`role_id` as `pivot_role_id`, `auth_permission_role`.`permission_id` as `pivot_permission_id` from `auth_permissions` inner join `auth_permission_role` on `auth_permissions`.`id` = `auth_permission_role`.`permission_id` where `auth_permission_role`.`role_id` = ? [40.08ms] [1] []
[2018-01-30 10:34:18] sql.INFO: select * from `system_userinfo` where `system_userinfo`.`userId` is null limit 1 [42.32ms] [] []
[2018-01-30 10:38:43] sql.INFO: select * from `system_userinfo` where `userId` = ? limit 1 [36.44ms] ["2000000082"] []
[2018-01-30 10:38:43] sql.INFO: select * from `auth_actions` where `domain` = ? and `module` = ? and `link` = ? limit 1 [34.16ms] ["user","Admin","/loan/edit"] []
[2018-01-30 10:38:43] sql.INFO: select * from `system_video_area` [33.81ms] [] []
[2018-01-30 10:38:43] sql.INFO: select * from `auth_actions` where `is_menu` = ? order by `rank` desc, `id` asc [36.96ms] ["y"] []
[2018-01-30 10:38:43] sql.INFO: select `auth_roles`.*, `auth_role_user`.`user_id` as `pivot_user_id`, `auth_role_user`.`role_id` as `pivot_role_id` from `auth_roles` inner join `auth_role_user` on `auth_roles`.`id` = `auth_role_user`.`role_id` where `auth_role_user`.`user_id` = ? [34.9ms] ["2000000082"] []
[2018-01-30 10:38:43] sql.INFO: select `auth_permissions`.*, `auth_permission_role`.`role_id` as `pivot_role_id`, `auth_permission_role`.`permission_id` as `pivot_permission_id` from `auth_permissions` inner join `auth_permission_role` on `auth_permissions`.`id` = `auth_permission_role`.`permission_id` where `auth_permission_role`.`role_id` = ? [38.69ms] [1] []
[2018-01-30 10:38:43] sql.INFO: select * from `system_userinfo` where `system_userinfo`.`userId` is null limit 1 [36.16ms] [] []
[2018-01-30 10:41:54] sql.INFO: select * from `system_userinfo` where `userId` = ? limit 1 [30.66ms] ["2000000082"] []
[2018-01-30 10:41:54] sql.INFO: select * from `auth_actions` where `domain` = ? and `module` = ? and `link` = ? limit 1 [29.25ms] ["user","Admin","/loan/edit"] []
[2018-01-30 10:41:54] sql.INFO: select * from `system_video_area` [28.92ms] [] []
[2018-01-30 10:41:54] sql.INFO: select * from `auth_actions` where `is_menu` = ? order by `rank` desc, `id` asc [31.66ms] ["y"] []
[2018-01-30 10:41:54] sql.INFO: select `auth_roles`.*, `auth_role_user`.`user_id` as `pivot_user_id`, `auth_role_user`.`role_id` as `pivot_role_id` from `auth_roles` inner join `auth_role_user` on `auth_roles`.`id` = `auth_role_user`.`role_id` where `auth_role_user`.`user_id` = ? [29.23ms] ["2000000082"] []
[2018-01-30 10:41:54] sql.INFO: select `auth_permissions`.*, `auth_permission_role`.`role_id` as `pivot_role_id`, `auth_permission_role`.`permission_id` as `pivot_permission_id` from `auth_permissions` inner join `auth_permission_role` on `auth_permissions`.`id` = `auth_permission_role`.`permission_id` where `auth_permission_role`.`role_id` = ? [30.81ms] [1] []
[2018-01-30 10:41:54] sql.INFO: select * from `system_userinfo` where `system_userinfo`.`userId` is null limit 1 [30.87ms] [] []
[2018-01-30 10:43:32] sql.INFO: select * from `system_userinfo` where `userId` = ? limit 1 [40.56ms] ["2000000082"] []
[2018-01-30 10:43:32] sql.INFO: select * from `auth_actions` where `domain` = ? and `module` = ? and `link` = ? limit 1 [37.19ms] ["user","Admin","/loan/edit"] []
[2018-01-30 10:43:32] sql.INFO: select * from `system_video_area` [36.51ms] [] []
[2018-01-30 10:43:32] sql.INFO: select * from `auth_actions` where `is_menu` = ? order by `rank` desc, `id` asc [38.88ms] ["y"] []
[2018-01-30 10:43:32] sql.INFO: select `auth_roles`.*, `auth_role_user`.`user_id` as `pivot_user_id`, `auth_role_user`.`role_id` as `pivot_role_id` from `auth_roles` inner join `auth_role_user` on `auth_roles`.`id` = `auth_role_user`.`role_id` where `auth_role_user`.`user_id` = ? [36.78ms] ["2000000082"] []
[2018-01-30 10:43:32] sql.INFO: select `auth_permissions`.*, `auth_permission_role`.`role_id` as `pivot_role_id`, `auth_permission_role`.`permission_id` as `pivot_permission_id` from `auth_permissions` inner join `auth_permission_role` on `auth_permissions`.`id` = `auth_permission_role`.`permission_id` where `auth_permission_role`.`role_id` = ? [38.69ms] [1] []
[2018-01-30 10:43:32] sql.INFO: select * from `system_userinfo` where `system_userinfo`.`userId` is null limit 1 [38.69ms] [] []
[2018-01-30 10:47:11] sql.INFO: select * from `system_userinfo` where `userId` = ? limit 1 [36.6ms] ["2000000082"] []
[2018-01-30 10:47:11] sql.INFO: select * from `auth_actions` where `domain` = ? and `module` = ? and `link` = ? limit 1 [34.82ms] ["user","Admin","/loan/edit"] []
[2018-01-30 10:47:11] sql.INFO: select * from `system_video_area` [34.54ms] [] []
[2018-01-30 10:47:11] sql.INFO: select * from `auth_actions` where `is_menu` = ? order by `rank` desc, `id` asc [38.04ms] ["y"] []
[2018-01-30 10:47:11] sql.INFO: select `auth_roles`.*, `auth_role_user`.`user_id` as `pivot_user_id`, `auth_role_user`.`role_id` as `pivot_role_id` from `auth_roles` inner join `auth_role_user` on `auth_roles`.`id` = `auth_role_user`.`role_id` where `auth_role_user`.`user_id` = ? [34.35ms] ["2000000082"] []
[2018-01-30 10:47:11] sql.INFO: select `auth_permissions`.*, `auth_permission_role`.`role_id` as `pivot_role_id`, `auth_permission_role`.`permission_id` as `pivot_permission_id` from `auth_permissions` inner join `auth_permission_role` on `auth_permissions`.`id` = `auth_permission_role`.`permission_id` where `auth_permission_role`.`role_id` = ? [37.81ms] [1] []
[2018-01-30 10:47:11] sql.INFO: select * from `system_userinfo` where `system_userinfo`.`userId` is null limit 1 [35.21ms] [] []
[2018-01-30 10:47:24] sql.INFO: select * from `system_userinfo` where `userId` = ? limit 1 [30.43ms] ["2000000082"] []
[2018-01-30 10:47:24] sql.INFO: select * from `auth_actions` where `domain` = ? and `module` = ? and `link` = ? limit 1 [28.67ms] ["user","Admin","/loan/edit"] []
[2018-01-30 10:47:24] sql.INFO: select * from `system_video_area` [27.79ms] [] []
[2018-01-30 10:47:24] sql.INFO: select * from `auth_actions` where `is_menu` = ? order by `rank` desc, `id` asc [30.68ms] ["y"] []
[2018-01-30 10:47:24] sql.INFO: select `auth_roles`.*, `auth_role_user`.`user_id` as `pivot_user_id`, `auth_role_user`.`role_id` as `pivot_role_id` from `auth_roles` inner join `auth_role_user` on `auth_roles`.`id` = `auth_role_user`.`role_id` where `auth_role_user`.`user_id` = ? [28.32ms] ["2000000082"] []
[2018-01-30 10:47:24] sql.INFO: select `auth_permissions`.*, `auth_permission_role`.`role_id` as `pivot_role_id`, `auth_permission_role`.`permission_id` as `pivot_permission_id` from `auth_permissions` inner join `auth_permission_role` on `auth_permissions`.`id` = `auth_permission_role`.`permission_id` where `auth_permission_role`.`role_id` = ? [30.32ms] [1] []
[2018-01-30 10:47:24] sql.INFO: select * from `system_userinfo` where `system_userinfo`.`userId` is null limit 1 [29.64ms] [] []
[2018-01-30 10:48:00] sql.INFO: select * from `system_userinfo` where `userId` = ? limit 1 [29.98ms] ["2000000082"] []
[2018-01-30 10:48:00] sql.INFO: select * from `auth_actions` where `domain` = ? and `module` = ? and `link` = ? limit 1 [27.87ms] ["user","Admin","/loan/edit"] []
[2018-01-30 10:48:00] sql.INFO: select * from `system_video_area` [26.79ms] [] []
[2018-01-30 10:48:00] sql.INFO: select * from `auth_actions` where `is_menu` = ? order by `rank` desc, `id` asc [29.08ms] ["y"] []
[2018-01-30 10:48:00] sql.INFO: select `auth_roles`.*, `auth_role_user`.`user_id` as `pivot_user_id`, `auth_role_user`.`role_id` as `pivot_role_id` from `auth_roles` inner join `auth_role_user` on `auth_roles`.`id` = `auth_role_user`.`role_id` where `auth_role_user`.`user_id` = ? [27.49ms] ["2000000082"] []
[2018-01-30 10:48:00] sql.INFO: select `auth_permissions`.*, `auth_permission_role`.`role_id` as `pivot_role_id`, `auth_permission_role`.`permission_id` as `pivot_permission_id` from `auth_permissions` inner join `auth_permission_role` on `auth_permissions`.`id` = `auth_permission_role`.`permission_id` where `auth_permission_role`.`role_id` = ? [30.29ms] [1] []
[2018-01-30 10:48:01] sql.INFO: select * from `system_userinfo` where `system_userinfo`.`userId` is null limit 1 [29.19ms] [] []
