[2017-12-11 03:03:18] sql.INFO: select `id`, `news_title`, `news_time` from `system_news` where `news_type` = ? order by `news_order` asc, `news_time` desc limit 1 [97.03ms] ["news"] []
[2017-12-11 03:03:18] sql.INFO: select count(*) as aggregate from `system_userinfo` [47.79ms] [] []
[2017-12-11 03:03:18] sql.INFO: select * from `system_attribute` where `identity` = ? limit 1 [40.45ms] ["addUserNum"] []
[2017-12-11 03:03:18] sql.INFO: select * from `work_creditass` where `progress` <> ? order by field(progress, ?, ?), `addtime` desc limit 8 [43.35ms] ["fail","start","run"] []
[2017-12-11 03:03:18] sql.INFO: select * from `work_odd` where `work_odd`.`oddNumber` in (?, ?, ?, ?, ?, ?, ?) [41.94ms] ["20171201000009","20171122000008","20171129000004","20171129000003","20171126000001","20171129000001","20171123000004"] []
[2017-12-11 03:03:18] sql.INFO: select * from `work_oddinterest` where `work_oddinterest`.`oddNumber` in (?, ?, ?, ?, ?, ?, ?) [59.12ms] ["20171122000008","20171123000004","20171126000001","20171129000001","20171129000003","20171129000004","20171201000009"] []
[2017-12-11 03:03:18] sql.INFO: select * from `work_oddmoney` where `work_oddmoney`.`id` in (?, ?, ?, ?, ?, ?, ?, ?) [38.37ms] [93,23,84,86,68,83,82,52] []
[2017-12-11 03:03:18] sql.INFO: select * from `work_oddinterest_invest` where `work_oddinterest_invest`.`oddMoneyId` in (?, ?, ?, ?, ?, ?, ?, ?) [39.81ms] [23,52,68,82,83,84,86,93] []
[2017-12-11 03:03:18] sql.INFO: select * from `system_banner` where `type_id` = ? and `status` = ? order by `banner_order` asc, `addtime` desc [35.16ms] [1,1] []
[2017-12-11 03:03:18] sql.INFO: select * from `system_banner` where `type_id` = ? and `status` = ? order by `banner_order` asc, `addtime` desc limit 1 [34.85ms] [3,1] []
[2017-12-11 03:03:18] sql.INFO: select sum(`zongEr`) as aggregate from `work_oddinterest` where `status` = ? [35.11ms] [0] []
[2017-12-11 03:03:18] sql.INFO: select sum(`oddMoney`) as aggregate from `work_odd` where `oddType` <> ? and `progress` in (?, ?, ?) and `oddRehearTime` between ? and ? [34.01ms] ["special","run","end","review","2017-12-10 00:00:00","2017-12-10 23:59:59"] []
[2017-12-11 03:03:19] sql.INFO: select sum(`oddMoney`) as aggregate from `work_odd` where `oddType` <> ? and `progress` in (?, ?, ?) [33.85ms] ["special","run","end","review"] []
[2017-12-11 03:03:19] sql.INFO: select sum(`investmoney`) as aggregate from `user_oldinvest` [34.77ms] [] []
[2017-12-11 03:03:19] sql.INFO: select `oddNumber`, `oddTitle`, `oddReward`, `investType`, `progress`, `addtime`, `oddMoney`, `oddYearRate`, `oddType`, `oddStyle`, `oddBorrowPeriod`, `oddBorrowStyle`, `openTime`, `lookstatus` from `work_odd` where `progress` in (?, ?, ?) and `lookstatus` = ? and appointUserId=? and `oddStyle` = ? order by `oddTrialTime` desc, field(progress, ?, ?, ?, ?, ?), `oddTrialTime` desc limit 2 [38.08ms] ["start","review","run","1","","newhand","prep","start","review","run","end"] []
[2017-12-11 03:03:19] sql.INFO: select `oddNumber`, `oddTitle`, `oddReward`, `investType`, `progress`, `addtime`, `oddMoney`, `oddYearRate`, `oddType`, `oddStyle`, `oddBorrowPeriod`, `oddBorrowStyle`, `openTime`, `lookstatus` from `work_odd` where `progress` in (?, ?, ?) and `lookstatus` = ? and appointUserId=? and `oddStyle` = ? order by `oddTrialTime` desc, field(progress, ?, ?, ?, ?, ?), `oddTrialTime` desc limit 2 [36.68ms] ["start","review","run","1","","normal","prep","start","review","run","end"] []
[2017-12-11 03:03:19] sql.INFO: select `oddNumber`, `oddTitle`, `oddReward`, `investType`, `progress`, `addtime`, `oddMoney`, `oddYearRate`, `oddType`, `oddStyle`, `oddBorrowPeriod`, `oddBorrowStyle`, `openTime`, `lookstatus` from `work_odd` where `progress` in (?, ?, ?) and `lookstatus` = ? and appointUserId=? and `oddType` = ? order by `oddTrialTime` desc, field(progress, ?, ?, ?, ?, ?), `oddTrialTime` desc limit 5 [35.37ms] ["start","review","run","1","","house-mor","prep","start","review","run","end"] []
[2017-12-11 03:03:19] sql.INFO: select count(*) as aggregate from `work_odd` where `progress` = ? and `lookstatus` = ? and (`oddType` = ?) and appointUserId=? [33.91ms] ["start",1,"house-mor",""] []
[2017-12-11 03:03:19] sql.INFO: select `oddNumber`, `oddTitle`, `oddReward`, `investType`, `progress`, `addtime`, `oddMoney`, `oddYearRate`, `oddType`, `oddStyle`, `oddBorrowPeriod`, `oddBorrowStyle`, `openTime`, `lookstatus` from `work_odd` where `progress` in (?, ?, ?) and `lookstatus` = ? and appointUserId=? and `oddType` = ? order by `oddTrialTime` desc, field(progress, ?, ?, ?, ?, ?), `oddTrialTime` desc limit 5 [39.12ms] ["start","review","run","1","","auto-ins","prep","start","review","run","end"] []
[2017-12-11 03:03:19] sql.INFO: select count(*) as aggregate from `work_odd` where `progress` = ? and `lookstatus` = ? and (`oddType` = ?) and appointUserId=? [43.07ms] ["start",1,"auto-ins",""] []
[2017-12-11 03:03:19] sql.INFO: select * from `work_creditass` where `progress` <> ? order by field(progress, ?, ?), `addtime` desc limit 5 [35.45ms] ["fail","start","run"] []
[2017-12-11 03:03:19] sql.INFO: select * from `work_odd` where `work_odd`.`oddNumber` in (?, ?, ?, ?, ?) [62.58ms] ["20171201000009","20171122000008","20171129000004","20171129000003","20171126000001"] []
[2017-12-11 03:03:19] sql.INFO: select * from `work_oddinterest` where `work_oddinterest`.`oddNumber` in (?, ?, ?, ?, ?) [37.6ms] ["20171122000008","20171126000001","20171129000003","20171129000004","20171201000009"] []
[2017-12-11 03:03:19] sql.INFO: select * from `work_oddmoney` where `work_oddmoney`.`id` in (?, ?, ?, ?, ?) [39.01ms] [93,23,84,86,68] []
[2017-12-11 03:03:19] sql.INFO: select * from `work_oddinterest_invest` where `work_oddinterest_invest`.`oddMoneyId` in (?, ?, ?, ?, ?) [50.68ms] [23,68,84,86,93] []
[2017-12-11 03:03:19] sql.INFO: select count(*) as aggregate from `work_creditass` where `progress` = ? and not exists (select * from `work_oddinterest_invest` where `work_oddinterest_invest`.`oddMoneyId` = `work_creditass`.`oddmoneyId` and `endtime` >= ? and `endtime` <= ?) [34.41ms] ["start","2017-12-11 00:00:00","2017-12-11 23:59:59"] []
[2017-12-11 03:03:19] sql.INFO: select * from `system_link` where `link_status` = ? and `link_type` = ? order by `link_sort` desc [34.52ms] [1,"link"] []
[2017-12-11 03:03:19] sql.INFO: select * from `system_ranking` limit 5 [34.29ms] [] []
[2017-12-11 03:03:19] sql.INFO: select * from `system_ranking_day` limit 5 [39.13ms] [] []
[2017-12-11 03:03:19] sql.INFO: select * from `system_ranking_week` limit 5 [36.72ms] [] []
[2017-12-11 03:03:19] sql.INFO: select * from `system_ranking_month` limit 5 [35.47ms] [] []
[2017-12-11 03:03:19] sql.INFO: select `day` from `system_expect_odds` order by `day` desc limit 1 [32.37ms] [] []
[2017-12-11 03:03:19] sql.INFO: select * from `system_expect_odds` where `day` = ? order by `time` asc limit 6 [39.11ms] ["2017-11-21"] []
[2017-12-11 03:03:19] sql.INFO: select sum(`interest`) as aggregate from `work_oddinterest_invest` where `status` in (?, ?, ?) [42.62ms] [1,3,4] []
[2017-12-11 03:03:19] sql.INFO: select * from `system_filiale_message` where `status` = ? and type in (?, ?) [34.46ms] [1,"contact","both"] []
[2017-12-11 03:03:19] sql.INFO: select * from `system_attribute` where `identity` = ? limit 1 [35.48ms] ["old_data"] []
[2017-12-11 03:03:19] sql.INFO: select sum(oddMoney) dayOpenMoney, count(1) dayOpenCount from `work_odd` where `openTime` like ? and `progress` in (?, ?, ?, ?) limit 1 [34.91ms] ["2017-12-11%","start","review","run","end"] []
[2017-12-11 03:03:20] sql.INFO: select * from `system_attribute` where identity in (?,?,?) [37.92ms] ["title","keywords","description"] []
