[2017-12-12 01:11:09] sql.INFO: select `id`, `news_title`, `news_time` from `system_news` where `news_type` = ? order by `news_order` asc, `news_time` desc limit 1 [47.67ms] ["news"] []
[2017-12-12 01:11:09] sql.INFO: select count(*) as aggregate from `system_userinfo` [46.74ms] [] []
[2017-12-12 01:11:10] sql.INFO: select * from `system_attribute` where `identity` = ? limit 1 [46.12ms] ["addUserNum"] []
[2017-12-12 01:11:10] sql.INFO: select * from `work_creditass` where `progress` <> ? order by field(progress, ?, ?), `addtime` desc limit 8 [53.65ms] ["fail","start","run"] []
[2017-12-12 01:11:10] sql.INFO: select * from `work_odd` where `work_odd`.`oddNumber` in (?, ?, ?, ?, ?, ?, ?) [59.55ms] ["20171201000009","20171122000008","20171129000004","20171129000003","20171126000001","20171129000001","20171123000004"] []
[2017-12-12 01:11:10] sql.INFO: select * from `work_oddinterest` where `work_oddinterest`.`oddNumber` in (?, ?, ?, ?, ?, ?, ?) [54.84ms] ["20171122000008","20171123000004","20171126000001","20171129000001","20171129000003","20171129000004","20171201000009"] []
[2017-12-12 01:11:10] sql.INFO: select * from `work_oddmoney` where `work_oddmoney`.`id` in (?, ?, ?, ?, ?, ?, ?, ?) [52.87ms] [93,23,84,86,68,83,82,52] []
[2017-12-12 01:11:10] sql.INFO: select * from `work_oddinterest_invest` where `work_oddinterest_invest`.`oddMoneyId` in (?, ?, ?, ?, ?, ?, ?, ?) [56.69ms] [23,52,68,82,83,84,86,93] []
[2017-12-12 01:11:10] sql.INFO: select * from `system_banner` where `type_id` = ? and `status` = ? order by `banner_order` asc, `addtime` desc [46.48ms] [1,1] []
[2017-12-12 01:11:10] sql.INFO: select * from `system_banner` where `type_id` = ? and `status` = ? order by `banner_order` asc, `addtime` desc limit 1 [63.68ms] [3,1] []
[2017-12-12 01:11:10] sql.INFO: select sum(`zongEr`) as aggregate from `work_oddinterest` where `status` = ? [44.85ms] [0] []
[2017-12-12 01:11:10] sql.INFO: select sum(`oddMoney`) as aggregate from `work_odd` where `oddType` <> ? and `progress` in (?, ?, ?) and `oddRehearTime` between ? and ? [45.12ms] ["special","run","end","review","2017-12-11 00:00:00","2017-12-11 23:59:59"] []
[2017-12-12 01:11:10] sql.INFO: select sum(`oddMoney`) as aggregate from `work_odd` where `oddType` <> ? and `progress` in (?, ?, ?) [49.23ms] ["special","run","end","review"] []
[2017-12-12 01:11:10] sql.INFO: select sum(`investmoney`) as aggregate from `user_oldinvest` [45.27ms] [] []
[2017-12-12 01:11:10] sql.INFO: select `oddNumber`, `oddTitle`, `oddReward`, `investType`, `progress`, `addtime`, `oddMoney`, `oddYearRate`, `oddType`, `oddStyle`, `oddBorrowPeriod`, `oddBorrowStyle`, `openTime`, `lookstatus` from `work_odd` where `progress` in (?, ?, ?) and `lookstatus` = ? and appointUserId=? and `oddStyle` = ? order by `oddTrialTime` desc, field(progress, ?, ?, ?, ?, ?), `oddTrialTime` desc limit 2 [46.94ms] ["start","review","run","1","","newhand","prep","start","review","run","end"] []
[2017-12-12 01:11:10] sql.INFO: select `oddNumber`, `oddTitle`, `oddReward`, `investType`, `progress`, `addtime`, `oddMoney`, `oddYearRate`, `oddType`, `oddStyle`, `oddBorrowPeriod`, `oddBorrowStyle`, `openTime`, `lookstatus` from `work_odd` where `progress` in (?, ?, ?) and `lookstatus` = ? and appointUserId=? and `oddStyle` = ? order by `oddTrialTime` desc, field(progress, ?, ?, ?, ?, ?), `oddTrialTime` desc limit 2 [50.43ms] ["start","review","run","1","","normal","prep","start","review","run","end"] []
[2017-12-12 01:11:10] sql.INFO: select `oddNumber`, `oddTitle`, `oddReward`, `investType`, `progress`, `addtime`, `oddMoney`, `oddYearRate`, `oddType`, `oddStyle`, `oddBorrowPeriod`, `oddBorrowStyle`, `openTime`, `lookstatus` from `work_odd` where `progress` in (?, ?, ?) and `lookstatus` = ? and appointUserId=? and `oddType` = ? order by `oddTrialTime` desc, field(progress, ?, ?, ?, ?, ?), `oddTrialTime` desc limit 5 [48.45ms] ["start","review","run","1","","house-mor","prep","start","review","run","end"] []
[2017-12-12 01:11:10] sql.INFO: select count(*) as aggregate from `work_odd` where `progress` = ? and `lookstatus` = ? and (`oddType` = ?) and appointUserId=? [49.93ms] ["start",1,"house-mor",""] []
[2017-12-12 01:11:10] sql.INFO: select `oddNumber`, `oddTitle`, `oddReward`, `investType`, `progress`, `addtime`, `oddMoney`, `oddYearRate`, `oddType`, `oddStyle`, `oddBorrowPeriod`, `oddBorrowStyle`, `openTime`, `lookstatus` from `work_odd` where `progress` in (?, ?, ?) and `lookstatus` = ? and appointUserId=? and `oddType` = ? order by `oddTrialTime` desc, field(progress, ?, ?, ?, ?, ?), `oddTrialTime` desc limit 5 [50.59ms] ["start","review","run","1","","auto-ins","prep","start","review","run","end"] []
[2017-12-12 01:11:11] sql.INFO: select count(*) as aggregate from `work_odd` where `progress` = ? and `lookstatus` = ? and (`oddType` = ?) and appointUserId=? [57.39ms] ["start",1,"auto-ins",""] []
[2017-12-12 01:11:11] sql.INFO: select * from `work_creditass` where `progress` <> ? order by field(progress, ?, ?), `addtime` desc limit 5 [55.41ms] ["fail","start","run"] []
[2017-12-12 01:11:11] sql.INFO: select * from `work_odd` where `work_odd`.`oddNumber` in (?, ?, ?, ?, ?) [49.57ms] ["20171201000009","20171122000008","20171129000004","20171129000003","20171126000001"] []
[2017-12-12 01:11:11] sql.INFO: select * from `work_oddinterest` where `work_oddinterest`.`oddNumber` in (?, ?, ?, ?, ?) [50.31ms] ["20171122000008","20171126000001","20171129000003","20171129000004","20171201000009"] []
[2017-12-12 01:11:11] sql.INFO: select * from `work_oddmoney` where `work_oddmoney`.`id` in (?, ?, ?, ?, ?) [46.55ms] [93,23,84,86,68] []
[2017-12-12 01:11:11] sql.INFO: select * from `work_oddinterest_invest` where `work_oddinterest_invest`.`oddMoneyId` in (?, ?, ?, ?, ?) [54ms] [23,68,84,86,93] []
[2017-12-12 01:11:11] sql.INFO: select count(*) as aggregate from `work_creditass` where `progress` = ? and not exists (select * from `work_oddinterest_invest` where `work_oddinterest_invest`.`oddMoneyId` = `work_creditass`.`oddmoneyId` and `endtime` >= ? and `endtime` <= ?) [59.13ms] ["start","2017-12-12 00:00:00","2017-12-12 23:59:59"] []
[2017-12-12 01:11:11] sql.INFO: select * from `system_link` where `link_status` = ? and `link_type` = ? order by `link_sort` desc [74.74ms] [1,"link"] []
[2017-12-12 01:11:11] sql.INFO: select * from `system_ranking` limit 5 [72.53ms] [] []
[2017-12-12 01:11:11] sql.INFO: select * from `system_ranking_day` limit 5 [53.84ms] [] []
[2017-12-12 01:11:11] sql.INFO: select * from `system_ranking_week` limit 5 [48.29ms] [] []
[2017-12-12 01:11:11] sql.INFO: select * from `system_ranking_month` limit 5 [43.8ms] [] []
[2017-12-12 01:11:11] sql.INFO: select `day` from `system_expect_odds` order by `day` desc limit 1 [46.01ms] [] []
[2017-12-12 01:11:11] sql.INFO: select * from `system_expect_odds` where `day` = ? order by `time` asc limit 6 [52.27ms] ["2017-11-21"] []
[2017-12-12 01:11:11] sql.INFO: select sum(`interest`) as aggregate from `work_oddinterest_invest` where `status` in (?, ?, ?) [49.7ms] [1,3,4] []
[2017-12-12 01:11:11] sql.INFO: select * from `system_filiale_message` where `status` = ? and type in (?, ?) [46.03ms] [1,"contact","both"] []
[2017-12-12 01:11:11] sql.INFO: select * from `system_attribute` where `identity` = ? limit 1 [45.96ms] ["old_data"] []
[2017-12-12 01:11:11] sql.INFO: select sum(oddMoney) dayOpenMoney, count(1) dayOpenCount from `work_odd` where `openTime` like ? and `progress` in (?, ?, ?, ?) limit 1 [48.01ms] ["2017-12-12%","start","review","run","end"] []
[2017-12-12 01:11:12] sql.INFO: select * from `system_attribute` where identity in (?,?,?) [48.09ms] ["title","keywords","description"] []
[2017-12-12 03:47:26] sql.INFO: select * from `system_attribute` where identity in (?,?,?) [34.78ms] ["title","keywords","description"] []
[2017-12-12 03:47:45] sql.INFO: select * from `system_attribute` where identity in (?,?,?) [35.13ms] ["title","keywords","description"] []
