[2017-12-15 09:44:03] sql.INFO: select `id`, `news_title`, `news_time` from `system_news` where `news_type` = ? order by `news_order` asc, `news_time` desc limit 1 [52.62ms] ["news"] []
[2017-12-15 09:44:03] sql.INFO: select count(*) as aggregate from `system_userinfo` [54.24ms] [] []
[2017-12-15 09:44:03] sql.INFO: select * from `system_attribute` where `identity` = ? limit 1 [59.82ms] ["addUserNum"] []
[2017-12-15 09:44:03] sql.INFO: select * from `work_creditass` where `progress` <> ? order by field(progress, ?, ?), `addtime` desc limit 8 [56.56ms] ["fail","start","run"] []
[2017-12-15 09:44:03] sql.INFO: select * from `work_odd` where `work_odd`.`oddNumber` in (?, ?, ?, ?, ?, ?, ?) [54.36ms] ["20171201000009","20171122000008","20171129000004","20171129000003","20171126000001","20171129000001","20171123000004"] []
[2017-12-15 09:44:03] sql.INFO: select * from `work_oddinterest` where `work_oddinterest`.`oddNumber` in (?, ?, ?, ?, ?, ?, ?) [144.79ms] ["20171122000008","20171123000004","20171126000001","20171129000001","20171129000003","20171129000004","20171201000009"] []
[2017-12-15 09:44:04] sql.INFO: select * from `work_oddmoney` where `work_oddmoney`.`id` in (?, ?, ?, ?, ?, ?, ?, ?) [52.26ms] [93,23,84,86,68,83,82,52] []
[2017-12-15 09:44:04] sql.INFO: select * from `work_oddinterest_invest` where `work_oddinterest_invest`.`oddMoneyId` in (?, ?, ?, ?, ?, ?, ?, ?) [46.14ms] [23,52,68,82,83,84,86,93] []
[2017-12-15 09:44:04] sql.INFO: select * from `system_banner` where `type_id` = ? and `status` = ? order by `banner_order` asc, `addtime` desc [76.96ms] [1,1] []
[2017-12-15 09:44:04] sql.INFO: select * from `system_banner` where `type_id` = ? and `status` = ? order by `banner_order` asc, `addtime` desc limit 1 [51.18ms] [3,1] []
[2017-12-15 09:44:04] sql.INFO: select sum(`zongEr`) as aggregate from `work_oddinterest` where `status` = ? [48.83ms] [0] []
[2017-12-15 09:44:04] sql.INFO: select sum(`oddMoney`) as aggregate from `work_odd` where `oddType` <> ? and `progress` in (?, ?, ?) and `oddRehearTime` between ? and ? [81.19ms] ["special","run","end","review","2017-12-14 00:00:00","2017-12-14 23:59:59"] []
[2017-12-15 09:44:04] sql.INFO: select sum(`oddMoney`) as aggregate from `work_odd` where `oddType` <> ? and `progress` in (?, ?, ?) [100.98ms] ["special","run","end","review"] []
[2017-12-15 09:44:04] sql.INFO: select sum(`investmoney`) as aggregate from `user_oldinvest` [49.15ms] [] []
[2017-12-15 09:44:04] sql.INFO: select `oddNumber`, `oddTitle`, `oddReward`, `investType`, `progress`, `addtime`, `oddMoney`, `oddYearRate`, `oddType`, `oddStyle`, `oddBorrowPeriod`, `oddBorrowStyle`, `openTime`, `lookstatus` from `work_odd` where `progress` in (?, ?, ?) and `lookstatus` = ? and appointUserId=? and `oddStyle` = ? order by `oddTrialTime` desc, field(progress, ?, ?, ?, ?, ?), `oddTrialTime` desc limit 2 [50.07ms] ["start","review","run","1","","newhand","prep","start","review","run","end"] []
[2017-12-15 09:44:04] sql.INFO: select `oddNumber`, `oddTitle`, `oddReward`, `investType`, `progress`, `addtime`, `oddMoney`, `oddYearRate`, `oddType`, `oddStyle`, `oddBorrowPeriod`, `oddBorrowStyle`, `openTime`, `lookstatus` from `work_odd` where `progress` in (?, ?, ?) and `lookstatus` = ? and appointUserId=? and `oddStyle` = ? order by `oddTrialTime` desc, field(progress, ?, ?, ?, ?, ?), `oddTrialTime` desc limit 2 [45.11ms] ["start","review","run","1","","normal","prep","start","review","run","end"] []
[2017-12-15 09:44:04] sql.INFO: select `oddNumber`, `oddTitle`, `oddReward`, `investType`, `progress`, `addtime`, `oddMoney`, `oddYearRate`, `oddType`, `oddStyle`, `oddBorrowPeriod`, `oddBorrowStyle`, `openTime`, `lookstatus` from `work_odd` where `progress` in (?, ?, ?) and `lookstatus` = ? and appointUserId=? and `oddType` = ? order by `oddTrialTime` desc, field(progress, ?, ?, ?, ?, ?), `oddTrialTime` desc limit 5 [42.62ms] ["start","review","run","1","","house-mor","prep","start","review","run","end"] []
[2017-12-15 09:44:04] sql.INFO: select count(*) as aggregate from `work_odd` where `progress` = ? and `lookstatus` = ? and (`oddType` = ?) and appointUserId=? [92.5ms] ["start",1,"house-mor",""] []
[2017-12-15 09:44:04] sql.INFO: select `oddNumber`, `oddTitle`, `oddReward`, `investType`, `progress`, `addtime`, `oddMoney`, `oddYearRate`, `oddType`, `oddStyle`, `oddBorrowPeriod`, `oddBorrowStyle`, `openTime`, `lookstatus` from `work_odd` where `progress` in (?, ?, ?) and `lookstatus` = ? and appointUserId=? and `oddType` = ? order by `oddTrialTime` desc, field(progress, ?, ?, ?, ?, ?), `oddTrialTime` desc limit 5 [49.9ms] ["start","review","run","1","","auto-ins","prep","start","review","run","end"] []
[2017-12-15 09:44:04] sql.INFO: select count(*) as aggregate from `work_odd` where `progress` = ? and `lookstatus` = ? and (`oddType` = ?) and appointUserId=? [44.13ms] ["start",1,"auto-ins",""] []
[2017-12-15 09:44:04] sql.INFO: select * from `work_creditass` where `progress` <> ? order by field(progress, ?, ?), `addtime` desc limit 5 [60.71ms] ["fail","start","run"] []
[2017-12-15 09:44:04] sql.INFO: select * from `work_odd` where `work_odd`.`oddNumber` in (?, ?, ?, ?, ?) [49.17ms] ["20171201000009","20171122000008","20171129000004","20171129000003","20171126000001"] []
[2017-12-15 09:44:05] sql.INFO: select * from `work_oddinterest` where `work_oddinterest`.`oddNumber` in (?, ?, ?, ?, ?) [367.25ms] ["20171122000008","20171126000001","20171129000003","20171129000004","20171201000009"] []
[2017-12-15 09:44:05] sql.INFO: select * from `work_oddmoney` where `work_oddmoney`.`id` in (?, ?, ?, ?, ?) [59.73ms] [93,23,84,86,68] []
[2017-12-15 09:44:05] sql.INFO: select * from `work_oddinterest_invest` where `work_oddinterest_invest`.`oddMoneyId` in (?, ?, ?, ?, ?) [93.96ms] [23,68,84,86,93] []
[2017-12-15 09:44:05] sql.INFO: select count(*) as aggregate from `work_creditass` where `progress` = ? and not exists (select * from `work_oddinterest_invest` where `work_oddinterest_invest`.`oddMoneyId` = `work_creditass`.`oddmoneyId` and `endtime` >= ? and `endtime` <= ?) [53.67ms] ["start","2017-12-15 00:00:00","2017-12-15 23:59:59"] []
[2017-12-15 09:44:05] sql.INFO: select * from `system_link` where `link_status` = ? and `link_type` = ? order by `link_sort` desc [44.05ms] [1,"link"] []
[2017-12-15 09:44:05] sql.INFO: select * from `system_ranking` limit 5 [43.09ms] [] []
[2017-12-15 09:44:05] sql.INFO: select * from `system_ranking_day` limit 5 [44.85ms] [] []
[2017-12-15 09:44:05] sql.INFO: select * from `system_ranking_week` limit 5 [51.53ms] [] []
[2017-12-15 09:44:05] sql.INFO: select * from `system_ranking_month` limit 5 [44.52ms] [] []
[2017-12-15 09:44:05] sql.INFO: select `day` from `system_expect_odds` order by `day` desc limit 1 [47.5ms] [] []
[2017-12-15 09:44:05] sql.INFO: select * from `system_expect_odds` where `day` = ? order by `time` asc limit 6 [48.61ms] ["2017-11-21"] []
[2017-12-15 09:44:05] sql.INFO: select sum(`interest`) as aggregate from `work_oddinterest_invest` where `status` in (?, ?, ?) [58.86ms] [1,3,4] []
[2017-12-15 09:44:05] sql.INFO: select * from `system_filiale_message` where `status` = ? and type in (?, ?) [48.51ms] [1,"contact","both"] []
[2017-12-15 09:44:05] sql.INFO: select * from `system_attribute` where `identity` = ? limit 1 [49.72ms] ["old_data"] []
[2017-12-15 09:44:06] sql.INFO: select sum(oddMoney) dayOpenMoney, count(1) dayOpenCount from `work_odd` where `openTime` like ? and `progress` in (?, ?, ?, ?) limit 1 [40.76ms] ["2017-12-15%","start","review","run","end"] []
[2017-12-15 09:44:06] sql.INFO: select * from `system_attribute` where identity in (?,?,?) [270.16ms] ["title","keywords","description"] []
