[2017-12-18 05:59:04] sql.INFO: select * from `system_attribute` where identity in (?,?,?) [52.05ms] ["title","keywords","description"] []
[2017-12-18 05:59:08] sql.INFO: select `id`, `news_title`, `news_time` from `system_news` where `news_type` = ? order by `news_order` asc, `news_time` desc limit 1 [29.15ms] ["news"] []
[2017-12-18 05:59:08] sql.INFO: select count(*) as aggregate from `system_userinfo` [27.45ms] [] []
[2017-12-18 05:59:08] sql.INFO: select * from `system_attribute` where `identity` = ? limit 1 [32.58ms] ["addUserNum"] []
[2017-12-18 05:59:08] sql.INFO: select * from `work_creditass` where `progress` <> ? order by field(progress, ?, ?), `addtime` desc limit 8 [59.36ms] ["fail","start","run"] []
[2017-12-18 05:59:09] sql.INFO: select * from `work_odd` where `work_odd`.`oddNumber` in (?, ?, ?, ?, ?, ?, ?) [31.03ms] ["20171201000009","20171122000008","20171129000004","20171129000003","20171126000001","20171129000001","20171123000004"] []
[2017-12-18 05:59:09] sql.INFO: select * from `work_oddinterest` where `work_oddinterest`.`oddNumber` in (?, ?, ?, ?, ?, ?, ?) [35.47ms] ["20171122000008","20171123000004","20171126000001","20171129000001","20171129000003","20171129000004","20171201000009"] []
[2017-12-18 05:59:09] sql.INFO: select * from `work_oddmoney` where `work_oddmoney`.`id` in (?, ?, ?, ?, ?, ?, ?, ?) [30.61ms] [93,23,84,86,68,83,82,52] []
[2017-12-18 05:59:09] sql.INFO: select * from `work_oddinterest_invest` where `work_oddinterest_invest`.`oddMoneyId` in (?, ?, ?, ?, ?, ?, ?, ?) [35.56ms] [23,52,68,82,83,84,86,93] []
[2017-12-18 05:59:09] sql.INFO: select * from `system_banner` where `type_id` = ? and `status` = ? order by `banner_order` asc, `addtime` desc [28.19ms] [1,1] []
[2017-12-18 05:59:09] sql.INFO: select * from `system_banner` where `type_id` = ? and `status` = ? order by `banner_order` asc, `addtime` desc limit 1 [28.9ms] [3,1] []
[2017-12-18 05:59:09] sql.INFO: select sum(`zongEr`) as aggregate from `work_oddinterest` where `status` = ? [26.82ms] [0] []
[2017-12-18 05:59:09] sql.INFO: select sum(`oddMoney`) as aggregate from `work_odd` where `oddType` <> ? and `progress` in (?, ?, ?) and `oddRehearTime` between ? and ? [29.9ms] ["special","run","end","review","2017-12-17 00:00:00","2017-12-17 23:59:59"] []
[2017-12-18 05:59:09] sql.INFO: select sum(`oddMoney`) as aggregate from `work_odd` where `oddType` <> ? and `progress` in (?, ?, ?) [27.61ms] ["special","run","end","review"] []
[2017-12-18 05:59:09] sql.INFO: select sum(`investmoney`) as aggregate from `user_oldinvest` [27.18ms] [] []
[2017-12-18 05:59:09] sql.INFO: select `oddNumber`, `oddTitle`, `oddReward`, `investType`, `progress`, `addtime`, `oddMoney`, `oddYearRate`, `oddType`, `oddStyle`, `oddBorrowPeriod`, `oddBorrowStyle`, `openTime`, `lookstatus` from `work_odd` where `progress` in (?, ?, ?) and `lookstatus` = ? and appointUserId=? and `oddStyle` = ? order by `oddTrialTime` desc, field(progress, ?, ?, ?, ?, ?), `oddTrialTime` desc limit 2 [30.69ms] ["start","review","run","1","","newhand","prep","start","review","run","end"] []
[2017-12-18 05:59:09] sql.INFO: select `oddNumber`, `oddTitle`, `oddReward`, `investType`, `progress`, `addtime`, `oddMoney`, `oddYearRate`, `oddType`, `oddStyle`, `oddBorrowPeriod`, `oddBorrowStyle`, `openTime`, `lookstatus` from `work_odd` where `progress` in (?, ?, ?) and `lookstatus` = ? and appointUserId=? and `oddStyle` = ? order by `oddTrialTime` desc, field(progress, ?, ?, ?, ?, ?), `oddTrialTime` desc limit 2 [31.79ms] ["start","review","run","1","","normal","prep","start","review","run","end"] []
[2017-12-18 05:59:09] sql.INFO: select `oddNumber`, `oddTitle`, `oddReward`, `investType`, `progress`, `addtime`, `oddMoney`, `oddYearRate`, `oddType`, `oddStyle`, `oddBorrowPeriod`, `oddBorrowStyle`, `openTime`, `lookstatus` from `work_odd` where `progress` in (?, ?, ?) and `lookstatus` = ? and appointUserId=? and `oddType` = ? order by `oddTrialTime` desc, field(progress, ?, ?, ?, ?, ?), `oddTrialTime` desc limit 5 [35.5ms] ["start","review","run","1","","house-mor","prep","start","review","run","end"] []
[2017-12-18 05:59:09] sql.INFO: select count(*) as aggregate from `work_odd` where `progress` = ? and `lookstatus` = ? and (`oddType` = ?) and appointUserId=? [27.21ms] ["start",1,"house-mor",""] []
[2017-12-18 05:59:09] sql.INFO: select `oddNumber`, `oddTitle`, `oddReward`, `investType`, `progress`, `addtime`, `oddMoney`, `oddYearRate`, `oddType`, `oddStyle`, `oddBorrowPeriod`, `oddBorrowStyle`, `openTime`, `lookstatus` from `work_odd` where `progress` in (?, ?, ?) and `lookstatus` = ? and appointUserId=? and `oddType` = ? order by `oddTrialTime` desc, field(progress, ?, ?, ?, ?, ?), `oddTrialTime` desc limit 5 [30.44ms] ["start","review","run","1","","auto-ins","prep","start","review","run","end"] []
[2017-12-18 05:59:09] sql.INFO: select count(*) as aggregate from `work_odd` where `progress` = ? and `lookstatus` = ? and (`oddType` = ?) and appointUserId=? [30.14ms] ["start",1,"auto-ins",""] []
[2017-12-18 05:59:09] sql.INFO: select * from `work_creditass` where `progress` <> ? order by field(progress, ?, ?), `addtime` desc limit 5 [30.03ms] ["fail","start","run"] []
[2017-12-18 05:59:09] sql.INFO: select * from `work_odd` where `work_odd`.`oddNumber` in (?, ?, ?, ?, ?) [37.91ms] ["20171201000009","20171122000008","20171129000004","20171129000003","20171126000001"] []
[2017-12-18 05:59:09] sql.INFO: select * from `work_oddinterest` where `work_oddinterest`.`oddNumber` in (?, ?, ?, ?, ?) [33.83ms] ["20171122000008","20171126000001","20171129000003","20171129000004","20171201000009"] []
[2017-12-18 05:59:09] sql.INFO: select * from `work_oddmoney` where `work_oddmoney`.`id` in (?, ?, ?, ?, ?) [33.63ms] [93,23,84,86,68] []
[2017-12-18 05:59:09] sql.INFO: select * from `work_oddinterest_invest` where `work_oddinterest_invest`.`oddMoneyId` in (?, ?, ?, ?, ?) [33.17ms] [23,68,84,86,93] []
[2017-12-18 05:59:09] sql.INFO: select count(*) as aggregate from `work_creditass` where `progress` = ? and not exists (select * from `work_oddinterest_invest` where `work_oddinterest_invest`.`oddMoneyId` = `work_creditass`.`oddmoneyId` and `endtime` >= ? and `endtime` <= ?) [28.12ms] ["start","2017-12-18 00:00:00","2017-12-18 23:59:59"] []
[2017-12-18 05:59:09] sql.INFO: select * from `system_link` where `link_status` = ? and `link_type` = ? order by `link_sort` desc [26.85ms] [1,"link"] []
[2017-12-18 05:59:09] sql.INFO: select * from `system_ranking` limit 5 [26.99ms] [] []
[2017-12-18 05:59:09] sql.INFO: select * from `system_ranking_day` limit 5 [32.32ms] [] []
[2017-12-18 05:59:09] sql.INFO: select * from `system_ranking_week` limit 5 [48.9ms] [] []
[2017-12-18 05:59:09] sql.INFO: select * from `system_ranking_month` limit 5 [30.78ms] [] []
[2017-12-18 05:59:09] sql.INFO: select `day` from `system_expect_odds` order by `day` desc limit 1 [26.99ms] [] []
[2017-12-18 05:59:09] sql.INFO: select * from `system_expect_odds` where `day` = ? order by `time` asc limit 6 [28.95ms] ["2017-11-21"] []
[2017-12-18 05:59:09] sql.INFO: select sum(`interest`) as aggregate from `work_oddinterest_invest` where `status` in (?, ?, ?) [26.99ms] [1,3,4] []
[2017-12-18 05:59:09] sql.INFO: select * from `system_filiale_message` where `status` = ? and type in (?, ?) [31.97ms] [1,"contact","both"] []
[2017-12-18 05:59:10] sql.INFO: select * from `system_attribute` where `identity` = ? limit 1 [27.4ms] ["old_data"] []
[2017-12-18 05:59:10] sql.INFO: select sum(oddMoney) dayOpenMoney, count(1) dayOpenCount from `work_odd` where `openTime` like ? and `progress` in (?, ?, ?, ?) limit 1 [28.47ms] ["2017-12-18%","start","review","run","end"] []
[2017-12-18 05:59:10] sql.INFO: select * from `system_attribute` where identity in (?,?,?) [30.55ms] ["title","keywords","description"] []
[2017-12-18 05:59:45] sql.INFO: select * from `system_attribute` where identity in (?,?,?) [31.81ms] ["title","keywords","description"] []
[2017-12-18 05:59:51] sql.INFO: select * from `system_attribute` where identity in (?,?,?) [49.08ms] ["title","keywords","description"] []
