[2017-12-26 06:56:37] sql.INFO: select `id`, `news_title`, `news_time` from `system_news` where `news_type` = ? order by `news_order` asc, `news_time` desc limit 6 [60.86ms] ["announce"] []
[2017-12-26 06:56:37] sql.INFO: select count(*) as aggregate from `system_userinfo` [67.3ms] [] []
[2017-12-26 06:56:37] sql.INFO: select * from `system_attribute` where `identity` = ? limit 1 [99.41ms] ["addUserNum"] []
[2017-12-26 06:56:37] sql.INFO: select * from `work_creditass` where `progress` <> ? order by field(progress, ?, ?), `addtime` desc limit 8 [84.09ms] ["fail","start","run"] []
[2017-12-26 06:56:37] sql.INFO: select * from `work_odd` where `work_odd`.`oddNumber` in (?, ?, ?, ?, ?, ?, ?) [67.94ms] ["20171201000009","20171122000008","20171129000004","20171129000003","20171126000001","20171129000001","20171123000004"] []
[2017-12-26 06:56:37] sql.INFO: select * from `work_oddinterest` where `work_oddinterest`.`oddNumber` in (?, ?, ?, ?, ?, ?, ?) [74.99ms] ["20171122000008","20171123000004","20171126000001","20171129000001","20171129000003","20171129000004","20171201000009"] []
[2017-12-26 06:56:37] sql.INFO: select * from `work_oddmoney` where `work_oddmoney`.`id` in (?, ?, ?, ?, ?, ?, ?, ?) [84.82ms] [93,23,84,86,68,83,82,52] []
[2017-12-26 06:56:37] sql.INFO: select * from `work_oddinterest_invest` where `work_oddinterest_invest`.`oddMoneyId` in (?, ?, ?, ?, ?, ?, ?, ?) [59.12ms] [23,52,68,82,83,84,86,93] []
[2017-12-26 06:56:38] sql.INFO: select * from `system_banner` where `type_id` = ? and `status` = ? order by `banner_order` asc, `addtime` desc [77.17ms] [1,1] []
[2017-12-26 06:56:38] sql.INFO: select * from `system_banner` where `type_id` = ? and `status` = ? order by `banner_order` asc, `addtime` desc limit 1 [62.71ms] [3,1] []
[2017-12-26 06:56:38] sql.INFO: select sum(`zongEr`) as aggregate from `work_oddinterest` where `status` = ? [51.33ms] [0] []
[2017-12-26 06:56:38] sql.INFO: select sum(`oddMoney`) as aggregate from `work_odd` where `oddType` <> ? and `progress` in (?, ?, ?) and `oddRehearTime` between ? and ? [100.92ms] ["special","run","end","review","2017-12-25 00:00:00","2017-12-25 23:59:59"] []
[2017-12-26 06:56:38] sql.INFO: select sum(`oddMoney`) as aggregate from `work_odd` where `oddType` <> ? and `progress` in (?, ?, ?) [76.12ms] ["special","run","end","review"] []
[2017-12-26 06:56:38] sql.INFO: select sum(`investmoney`) as aggregate from `user_oldinvest` [67.08ms] [] []
[2017-12-26 06:56:38] sql.INFO: select `oddNumber`, `oddTitle`, `oddReward`, `investType`, `progress`, `addtime`, `oddMoney`, `oddYearRate`, `oddType`, `oddStyle`, `oddBorrowPeriod`, `oddBorrowStyle`, `openTime`, `lookstatus` from `work_odd` where `progress` in (?, ?, ?) and `lookstatus` = ? and appointUserId=? and `oddStyle` = ? order by `oddTrialTime` desc, field(progress, ?, ?, ?, ?, ?), `oddTrialTime` desc limit 2 [71.15ms] ["start","review","run","1","","newhand","prep","start","review","run","end"] []
[2017-12-26 06:56:38] sql.INFO: select `oddNumber`, `oddTitle`, `oddReward`, `investType`, `progress`, `addtime`, `oddMoney`, `oddYearRate`, `oddType`, `oddStyle`, `oddBorrowPeriod`, `oddBorrowStyle`, `openTime`, `lookstatus` from `work_odd` where `progress` in (?, ?, ?) and `lookstatus` = ? and appointUserId=? and `oddStyle` = ? order by `oddTrialTime` desc, field(progress, ?, ?, ?, ?, ?), `oddTrialTime` desc limit 2 [77.73ms] ["start","review","run","1","","normal","prep","start","review","run","end"] []
[2017-12-26 06:56:38] sql.INFO: select `oddNumber`, `oddTitle`, `oddReward`, `investType`, `progress`, `addtime`, `oddMoney`, `oddYearRate`, `oddType`, `oddStyle`, `oddBorrowPeriod`, `oddBorrowStyle`, `openTime`, `lookstatus` from `work_odd` where `progress` in (?, ?, ?) and `lookstatus` = ? and appointUserId=? and `oddType` = ? order by `oddTrialTime` desc, field(progress, ?, ?, ?, ?, ?), `oddTrialTime` desc limit 5 [93.6ms] ["start","review","run","1","","house-mor","prep","start","review","run","end"] []
[2017-12-26 06:56:38] sql.INFO: select count(*) as aggregate from `work_odd` where `progress` = ? and `lookstatus` = ? and (`oddType` = ?) and appointUserId=? [80.06ms] ["start",1,"house-mor",""] []
[2017-12-26 06:56:38] sql.INFO: select `oddNumber`, `oddTitle`, `oddReward`, `investType`, `progress`, `addtime`, `oddMoney`, `oddYearRate`, `oddType`, `oddStyle`, `oddBorrowPeriod`, `oddBorrowStyle`, `openTime`, `lookstatus` from `work_odd` where `progress` in (?, ?, ?) and `lookstatus` = ? and appointUserId=? and `oddType` = ? order by `oddTrialTime` desc, field(progress, ?, ?, ?, ?, ?), `oddTrialTime` desc limit 5 [79.79ms] ["start","review","run","1","","auto-ins","prep","start","review","run","end"] []
[2017-12-26 06:56:38] sql.INFO: select count(*) as aggregate from `work_odd` where `progress` = ? and `lookstatus` = ? and (`oddType` = ?) and appointUserId=? [67.18ms] ["start",1,"auto-ins",""] []
[2017-12-26 06:56:39] sql.INFO: select * from `work_creditass` where `progress` <> ? order by field(progress, ?, ?), `addtime` desc limit 5 [125.1ms] ["fail","start","run"] []
[2017-12-26 06:56:39] sql.INFO: select * from `work_odd` where `work_odd`.`oddNumber` in (?, ?, ?, ?, ?) [91.81ms] ["20171201000009","20171122000008","20171129000004","20171129000003","20171126000001"] []
[2017-12-26 06:56:39] sql.INFO: select * from `work_oddinterest` where `work_oddinterest`.`oddNumber` in (?, ?, ?, ?, ?) [126.42ms] ["20171122000008","20171126000001","20171129000003","20171129000004","20171201000009"] []
[2017-12-26 06:56:39] sql.INFO: select * from `work_oddmoney` where `work_oddmoney`.`id` in (?, ?, ?, ?, ?) [66.86ms] [93,23,84,86,68] []
[2017-12-26 06:56:39] sql.INFO: select * from `work_oddinterest_invest` where `work_oddinterest_invest`.`oddMoneyId` in (?, ?, ?, ?, ?) [105.12ms] [23,68,84,86,93] []
[2017-12-26 06:56:39] sql.INFO: select count(*) as aggregate from `work_creditass` where `progress` = ? and not exists (select * from `work_oddinterest_invest` where `work_oddinterest_invest`.`oddMoneyId` = `work_creditass`.`oddmoneyId` and `endtime` >= ? and `endtime` <= ?) [83.01ms] ["start","2017-12-26 00:00:00","2017-12-26 23:59:59"] []
[2017-12-26 06:56:39] sql.INFO: select * from `system_link` where `link_status` = ? and `link_type` = ? order by `link_sort` desc [135.26ms] [1,"link"] []
[2017-12-26 06:56:39] sql.INFO: select * from `system_ranking` limit 5 [93.37ms] [] []
[2017-12-26 06:56:39] sql.INFO: select * from `system_ranking_day` limit 5 [77.48ms] [] []
[2017-12-26 06:56:39] sql.INFO: select * from `system_ranking_week` limit 5 [68.68ms] [] []
[2017-12-26 06:56:39] sql.INFO: select * from `system_ranking_month` limit 5 [79.18ms] [] []
[2017-12-26 06:56:40] sql.INFO: select `day` from `system_expect_odds` order by `day` desc limit 1 [95ms] [] []
[2017-12-26 06:56:40] sql.INFO: select sum(`interest`) as aggregate from `work_oddinterest_invest` where `status` in (?, ?, ?) [87.1ms] [1,3,4] []
[2017-12-26 06:56:40] sql.INFO: select * from `system_filiale_message` where `status` = ? and type in (?, ?) [100.8ms] [1,"contact","both"] []
[2017-12-26 06:56:40] sql.INFO: select * from `system_attribute` where `identity` = ? limit 1 [103.97ms] ["old_data"] []
[2017-12-26 06:56:40] sql.INFO: select sum(oddMoney) dayOpenMoney, count(1) dayOpenCount from `work_odd` where `openTime` like ? and `progress` in (?, ?, ?, ?) limit 1 [138.56ms] ["2017-12-26%","start","review","run","end"] []
[2017-12-26 06:56:40] sql.INFO: select * from `system_news` where (`news_type` = ?) order by `news_time` desc limit 1 [168.5ms] ["announce"] []
[2017-12-26 06:56:40] sql.INFO: select * from `system_attribute` where identity in (?,?,?) [69.46ms] ["title","keywords","description"] []
[2017-12-26 06:56:44] sql.INFO: select * from `system_attribute` where identity in (?,?,?) [79.47ms] ["title","keywords","description"] []
[2017-12-26 06:56:47] sql.INFO: select * from `system_attribute` where identity in (?,?,?) [69.7ms] ["title","keywords","description"] []
[2017-12-26 06:58:58] sql.INFO: select * from `system_attribute` where identity in (?,?,?) [46.85ms] ["title","keywords","description"] []
[2017-12-26 06:58:58] sql.INFO: select * from `system_attribute` where identity in (?,?,?) [38.02ms] ["title","keywords","description"] []
[2017-12-26 07:01:14] sql.INFO: select * from `system_attribute` where identity in (?,?,?) [53.44ms] ["title","keywords","description"] []
[2017-12-26 07:03:45] sql.INFO: select * from `system_attribute` where identity in (?,?,?) [43.88ms] ["title","keywords","description"] []
[2017-12-26 07:05:39] sql.INFO: select * from `system_attribute` where identity in (?,?,?) [37.11ms] ["title","keywords","description"] []
[2017-12-26 07:05:48] sql.INFO: select * from `system_attribute` where identity in (?,?,?) [37.64ms] ["title","keywords","description"] []
[2017-12-26 07:10:51] sql.INFO: select * from `system_attribute` where identity in (?,?,?) [318.35ms] ["title","keywords","description"] []
[2017-12-26 07:12:07] sql.INFO: select * from `system_attribute` where identity in (?,?,?) [745.05ms] ["title","keywords","description"] []
[2017-12-26 07:12:43] sql.INFO: select * from `system_attribute` where identity in (?,?,?) [252.3ms] ["title","keywords","description"] []
[2017-12-26 07:13:12] sql.INFO: select * from `system_attribute` where identity in (?,?,?) [43.43ms] ["title","keywords","description"] []
[2017-12-26 07:13:18] sql.INFO: select * from `system_attribute` where identity in (?,?,?) [32.14ms] ["title","keywords","description"] []
[2017-12-26 07:13:32] sql.INFO: select * from `system_attribute` where identity in (?,?,?) [44ms] ["title","keywords","description"] []
[2017-12-26 07:15:22] sql.INFO: select * from `system_attribute` where identity in (?,?,?) [35.34ms] ["title","keywords","description"] []
[2017-12-26 07:16:53] sql.INFO: select * from `system_attribute` where identity in (?,?,?) [49.2ms] ["title","keywords","description"] []
[2017-12-26 07:17:12] sql.INFO: select * from `system_attribute` where identity in (?,?,?) [34.28ms] ["title","keywords","description"] []
[2017-12-26 07:17:18] sql.INFO: select * from `system_attribute` where identity in (?,?,?) [31.35ms] ["title","keywords","description"] []
[2017-12-26 07:17:21] sql.INFO: select * from `system_attribute` where identity in (?,?,?) [37.66ms] ["title","keywords","description"] []
[2017-12-26 07:17:23] sql.INFO: select * from `system_attribute` where identity in (?,?,?) [34.68ms] ["title","keywords","description"] []
[2017-12-26 07:17:24] sql.INFO: select * from `system_attribute` where identity in (?,?,?) [42.45ms] ["title","keywords","description"] []
[2017-12-26 07:17:32] sql.INFO: select * from `system_attribute` where identity in (?,?,?) [40.48ms] ["title","keywords","description"] []
