[2018-02-07 02:44:45] sql.INFO: select * from `system_attribute` where identity in (?,?,?) [35.34ms] ["title","keywords","description"] []
[2018-02-07 02:44:48] sql.INFO: select * from `system_attribute` where identity in (?,?,?) [34.51ms] ["title","keywords","description"] []
[2018-02-07 02:44:49] sql.INFO: select * from `system_attribute` where identity in (?,?,?) [42.17ms] ["title","keywords","description"] []
[2018-02-07 02:45:30] sql.INFO: select count(*) as aggregate from `work_odd` where `progress` in (?, ?, ?) and `lookstatus` = ? and appointUserId=? and `oddStyle` = ? [37.02ms] ["start","review","run","1","","normal"] []
[2018-02-07 02:45:30] sql.INFO: select * from `work_odd` where `progress` in (?, ?, ?) and `lookstatus` = ? and appointUserId=? and `oddStyle` = ? order by field(progress, ?, ?, ?, ?, ?), `oddTrialTime` desc limit 5 offset 0 [39.34ms] ["start","review","run","1","","normal","prep","start","review","run","end"] []
[2018-02-07 02:45:30] sql.INFO: select * from `system_attribute` where identity in (?,?,?) [45.52ms] ["title","keywords","description"] []
[2018-02-07 02:45:30] sql.INFO: select * from `system_userinfo` where `system_userinfo`.`userId` = ? limit 1 [39.08ms] ["2000000002"] []
[2018-02-07 02:45:30] sql.INFO: select * from `system_userinfo` where `system_userinfo`.`userId` = ? limit 1 [47.09ms] ["2000000002"] []
[2018-02-07 02:45:30] sql.INFO: select * from `system_userinfo` where `system_userinfo`.`userId` = ? limit 1 [39.52ms] ["2000000002"] []
[2018-02-07 02:45:30] sql.INFO: select * from `system_userinfo` where `system_userinfo`.`userId` = ? limit 1 [47.07ms] ["2000000002"] []
[2018-02-07 02:45:30] sql.INFO: select * from `system_userinfo` where `system_userinfo`.`userId` = ? limit 1 [45.06ms] ["2000000153"] []
[2018-02-07 02:46:42] sql.INFO: select * from `system_attribute` where identity in (?,?,?) [32.44ms] ["title","keywords","description"] []
[2018-02-07 02:46:43] sql.INFO: select * from `system_attribute` where identity in (?,?,?) [34.74ms] ["title","keywords","description"] []
[2018-02-07 02:46:50] sql.INFO: select * from `auth_actions` where `domain` = ? and `module` = ? and `link` = ? limit 1 [34.24ms] ["user","Index","/login/index"] []
[2018-02-07 02:46:50] sql.INFO: select * from `system_attribute` where identity in (?,?,?) [34.24ms] ["title","keywords","description"] []
[2018-02-07 02:46:57] sql.INFO: select * from `auth_actions` where `domain` = ? and `module` = ? and `link` = ? limit 1 [33.57ms] ["user","Index","/login/submit"] []
[2018-02-07 02:46:57] sql.INFO: select * from `system_userinfo` where `username` = ? limit 1 [36.77ms] ["18959333600"] []
[2018-02-07 02:46:57] sql.INFO: update `system_userinfo` set `loginErrTime` = ? where `userId` = ? [34.28ms] [1,"2000000003"] []
[2018-02-07 02:47:00] sql.INFO: select * from `auth_actions` where `domain` = ? and `module` = ? and `link` = ? limit 1 [36.14ms] ["user","Index","/login/submit"] []
[2018-02-07 02:47:00] sql.INFO: select * from `system_userinfo` where `username` = ? limit 1 [38.86ms] ["18959333600"] []
[2018-02-07 02:47:00] sql.INFO: update `system_userinfo` set `loginErrTime` = ? where `userId` = ? [38.73ms] [0,"2000000003"] []
[2018-02-07 02:47:00] sql.INFO: insert into `user_login_log` (`loginIp`, `userId`, `loginTime`) values (?, ?, ?) [35.54ms] ["127.0.0.1","2000000003","2018-02-07 02:47:00"] []
[2018-02-07 02:47:00] sql.INFO: select `webmailId` from `system_user_webmail` where `username` = ? [35.96ms] ["18959333600"] []
[2018-02-07 02:47:00] sql.INFO: select `id` from `system_webmail` where (receiveUser=? or sendType=?) and 1 = 1 [35.92ms] ["18959333600",1] []
[2018-02-07 02:47:00] sql.INFO: select * from `system_userinfo` where `userId` = ? limit 1 [35.85ms] ["2000000003"] []
[2018-02-07 02:47:00] sql.INFO: select * from `auth_actions` where `domain` = ? and `module` = ? and `link` = ? limit 1 [35.61ms] ["user","Index","/account/index"] []
[2018-02-07 02:47:00] sql.INFO: select sum(`recover_account_interest_yes`) as aggregate from `system_oldinvest` where `user_id` = ? and `tender_status` = ? [34.32ms] ["2000000003",1] []
[2018-02-07 02:47:00] sql.INFO: select sum(`money`) as aggregate from `user_oldlog` where `user_id` = ? and `type` = ? [33.77ms] ["2000000003","tender_recover_fee_service"] []
[2018-02-07 02:47:00] sql.INFO: select sum(serviceMoney) as hasSC, sum(realinterest) as hasInterest from `work_oddinterest_invest` where `status` <> ? and `oddMoneyId` in (select `id` from `work_oddmoney` where `userId` = ?) limit 1 [34.5ms] [0,"2000000003"] []
[2018-02-07 02:47:00] sql.INFO: select sum(benJin) as stayPrincipal, sum(interest) as stayInterest from `work_oddinterest_invest` where `status` = ? and `oddMoneyId` in (select `id` from `work_oddmoney` where `userId` = ?) and `oddNumber` in (select `oddNumber` from `work_odd` where `oddType` <> ?) limit 1 [34.74ms] [0,"2000000003","special"] []
[2018-02-07 02:47:00] sql.INFO: select sum(`benJin`) as aggregate from `work_oddinterest` where `userId` = ? and `status` = ? [34.03ms] ["2000000003",0] []
[2018-02-07 02:47:00] sql.INFO: select sum(`interest`) as aggregate from `work_oddinterest` where `userId` = ? and `status` = ? [33.35ms] ["2000000003",0] []
[2018-02-07 02:47:00] sql.INFO: select sum(`recover_account_interest_yes`) as aggregate from `system_oldinvest` where `user_id` = ? and `tender_status` = ? [33.76ms] ["2000000003",1] []
[2018-02-07 02:47:00] sql.INFO: select sum(`realinterest`) as aggregate from `work_oddinterest_invest` where `status` in (?, ?, ?) and `oddMoneyId` in (select `id` from `work_oddmoney` where `userId` = ?) [34.51ms] [1,3,4,"2000000003"] []
[2018-02-07 02:47:00] sql.INFO: select * from `user_vip` where `userId` = ? limit 1 [34.41ms] ["2000000003"] []
[2018-02-07 02:47:01] sql.INFO: select count(*) as aggregate from `user_redpack` where `userId` = ? and `type` = ? and `status` = ? [33.7ms] ["2000000003","rpk-newuser",1] []
[2018-02-07 02:47:01] sql.INFO: select sum(`money`) as aggregate from `work_oddmoney` where `userId` = ? and `status` = ? and (type=? or (type=? and time<?)) and exists (select * from `work_odd` where `work_oddmoney`.`oddNumber` = `work_odd`.`oddNumber` and `oddBorrowStyle` = ?) [34.15ms] ["2000000003","1","invest","credit","2018-01-08 02:47:01","month"] []
[2018-02-07 02:47:01] sql.INFO: select * from `user_oldinvest` where (`userId` = ?) limit 1 [32.66ms] ["2000000003"] []
[2018-02-07 02:47:01] sql.INFO: select sum(`money`) as aggregate from `work_oddmoney` where `userId` = ? and `status` = ? and `type` = ? and exists (select * from `work_odd` where `work_oddmoney`.`oddNumber` = `work_odd`.`oddNumber` and `oddBorrowStyle` = ?) [33.45ms] ["2000000003","1","invest","month"] []
[2018-02-07 02:47:01] sql.INFO: select sum(extra) as extraMoney, sum(subsidy) as subsidyMoney from `work_oddinterest_invest` where `status` <> ? and `userId` = ? limit 1 [34.24ms] [2,"2000000003"] []
[2018-02-07 02:47:01] sql.INFO: select sum(benJin) totalCapital, sum(interest)+sum(reward) totalInterest from `work_oddinterest_invest` where `userId` = ? and `status` = ? and exists (select * from `work_oddmoney` where `work_oddinterest_invest`.`oddMoneyId` = `work_oddmoney`.`id` and `type` = ?) limit 1 [33.37ms] ["2000000003",0,"credit"] []
[2018-02-07 02:47:01] sql.INFO: select sum(benJin) totalCapital, sum(interest)+sum(reward) totalInterest from `work_oddinterest_invest` where `userId` = ? and `status` = ? and exists (select * from `work_oddmoney` where `work_oddinterest_invest`.`oddMoneyId` = `work_oddmoney`.`id` and `type` = ?) limit 1 [33.31ms] ["2000000003",0,"invest"] []
[2018-02-07 02:47:01] sql.INFO: select count(*) as aggregate from `system_lotteries` where `userId` = ? and `status` = ? and `endtime` > ? [33.67ms] ["2000000003",1,"2018-02-07 02:47:01"] []
[2018-02-07 02:47:01] sql.INFO: select * from `system_attribute` where identity in (?,?,?) [34.81ms] ["title","keywords","description"] []
[2018-02-07 02:47:01] sql.INFO: select * from `system_userinfo` where `userId` = ? limit 1 [42.47ms] ["2000000003"] []
[2018-02-07 02:47:01] sql.INFO: select * from `auth_actions` where `domain` = ? and `module` = ? and `link` = ? limit 1 [38.58ms] ["user","Index","/account/ajaxrepayments"] []
[2018-02-07 02:47:01] sql.INFO: select * from `work_oddinterest_invest` where `userId` = ? and `status` <> ? and `zongEr` > ? and ((status=0 and endtime>=? and endtime<=?) or (status<>0 and operatetime>=? and operatetime<=?)) [40.87ms] ["2000000003",2,0,"2018-02-01 00:00:00","2018-02-28 23:59:59","2018-02-01 00:00:00","2018-02-28 23:59:59"] []
[2018-02-07 02:47:02] sql.INFO: select * from `system_userinfo` where `userId` = ? limit 1 [36.17ms] ["2000000003"] []
[2018-02-07 02:47:02] sql.INFO: select * from `auth_actions` where `domain` = ? and `module` = ? and `link` = ? limit 1 [34.75ms] ["user","Index","/account/getrepayment"] []
[2018-02-07 02:47:02] sql.INFO: select * from `work_oddinterest_invest` where (`userId` = ? and `status` = ?) and `endtime` > ? order by `endtime` asc limit 1 [35.05ms] ["2000000003",0,"2018-02-07 00:00:00"] []
[2018-02-07 02:47:02] sql.INFO: select * from `work_oddinterest_invest` where `userId` = ? and ((status=0 and endtime>=? and endtime<=?) or (status<>0 and operatetime>=? and operatetime<=?)) [34.96ms] ["2000000003","2018-02-07 00:00:00","2018-02-07 23:59:59","2018-02-07 00:00:00","2018-02-07 23:59:59"] []
[2018-02-07 02:47:07] sql.INFO: select * from `system_userinfo` where `userId` = ? limit 1 [37.59ms] ["2000000003"] []
[2018-02-07 02:47:07] sql.INFO: select * from `auth_actions` where `domain` = ? and `module` = ? and `link` = ? limit 1 [35.16ms] ["user","Admin","/index/index"] []
[2018-02-07 02:47:07] sql.INFO: select `auth_roles`.*, `auth_role_user`.`user_id` as `pivot_user_id`, `auth_role_user`.`role_id` as `pivot_role_id` from `auth_roles` inner join `auth_role_user` on `auth_roles`.`id` = `auth_role_user`.`role_id` where `auth_role_user`.`user_id` = ? [35.32ms] ["2000000003"] []
[2018-02-07 02:47:07] sql.INFO: select `auth_permissions`.*, `auth_permission_role`.`role_id` as `pivot_role_id`, `auth_permission_role`.`permission_id` as `pivot_permission_id` from `auth_permissions` inner join `auth_permission_role` on `auth_permissions`.`id` = `auth_permission_role`.`permission_id` where `auth_permission_role`.`role_id` = ? [37.59ms] [1] []
[2018-02-07 02:47:07] sql.INFO: select * from `auth_actions` where `is_menu` = ? order by `rank` desc, `id` asc [37.6ms] ["y"] []
[2018-02-07 02:47:15] sql.INFO: select * from `system_userinfo` where `userId` = ? limit 1 [35.32ms] ["2000000003"] []
[2018-02-07 02:47:15] sql.INFO: select * from `auth_actions` where `domain` = ? and `module` = ? and `link` = ? limit 1 [33.42ms] ["user","Admin","/article/list"] []
[2018-02-07 02:47:15] sql.INFO: select `auth_roles`.*, `auth_role_user`.`user_id` as `pivot_user_id`, `auth_role_user`.`role_id` as `pivot_role_id` from `auth_roles` inner join `auth_role_user` on `auth_roles`.`id` = `auth_role_user`.`role_id` where `auth_role_user`.`user_id` = ? [33.23ms] ["2000000003"] []
[2018-02-07 02:47:15] sql.INFO: select `auth_permissions`.*, `auth_permission_role`.`role_id` as `pivot_role_id`, `auth_permission_role`.`permission_id` as `pivot_permission_id` from `auth_permissions` inner join `auth_permission_role` on `auth_permissions`.`id` = `auth_permission_role`.`permission_id` where `auth_permission_role`.`role_id` = ? [35.5ms] [1] []
[2018-02-07 02:47:15] sql.INFO: select count(*) as aggregate from `system_news` where 1=1 [32.65ms] [] []
[2018-02-07 02:47:15] sql.INFO: select * from `system_news` where 1=1 order by `news_time` desc limit 15 offset 0 [70.51ms] [] []
[2018-02-07 02:47:15] sql.INFO: select * from `system_type` where `system_type`.`type_key` in (?, ?, ?) [32.9ms] ["announce","edu","news"] []
[2018-02-07 02:47:15] sql.INFO: select * from `system_type` where `type_ck` = ? [32.53ms] ["news"] []
[2018-02-07 02:47:15] sql.INFO: select * from `auth_actions` where `is_menu` = ? order by `rank` desc, `id` asc [35.83ms] ["y"] []
[2018-02-07 02:48:04] sql.INFO: select * from `system_userinfo` where `userId` = ? limit 1 [34.96ms] ["2000000003"] []
[2018-02-07 02:48:04] sql.INFO: select * from `auth_actions` where `domain` = ? and `module` = ? and `link` = ? limit 1 [33.52ms] ["user","Admin","/article/list"] []
[2018-02-07 02:48:04] sql.INFO: select `auth_roles`.*, `auth_role_user`.`user_id` as `pivot_user_id`, `auth_role_user`.`role_id` as `pivot_role_id` from `auth_roles` inner join `auth_role_user` on `auth_roles`.`id` = `auth_role_user`.`role_id` where `auth_role_user`.`user_id` = ? [33.01ms] ["2000000003"] []
[2018-02-07 02:48:04] sql.INFO: select `auth_permissions`.*, `auth_permission_role`.`role_id` as `pivot_role_id`, `auth_permission_role`.`permission_id` as `pivot_permission_id` from `auth_permissions` inner join `auth_permission_role` on `auth_permissions`.`id` = `auth_permission_role`.`permission_id` where `auth_permission_role`.`role_id` = ? [34.8ms] [1] []
[2018-02-07 02:48:04] sql.INFO: select count(*) as aggregate from `system_news` where 1=1 [32.79ms] [] []
[2018-02-07 02:48:04] sql.INFO: select * from `system_news` where 1=1 order by `news_time` desc limit 15 offset 15 [70.39ms] [] []
[2018-02-07 02:48:04] sql.INFO: select * from `system_type` where `system_type`.`type_key` in (?, ?, ?, ?) [32.96ms] ["edu","news","notice","announce"] []
[2018-02-07 02:48:04] sql.INFO: select * from `system_type` where `type_ck` = ? [33.16ms] ["news"] []
[2018-02-07 02:48:04] sql.INFO: select * from `auth_actions` where `is_menu` = ? order by `rank` desc, `id` asc [35.5ms] ["y"] []
[2018-02-07 02:48:16] sql.INFO: select * from `system_userinfo` where `userId` = ? limit 1 [35.27ms] ["2000000003"] []
[2018-02-07 02:48:16] sql.INFO: select * from `auth_actions` where `domain` = ? and `module` = ? and `link` = ? limit 1 [34.34ms] ["user","Admin","/article/list"] []
[2018-02-07 02:48:16] sql.INFO: select `auth_roles`.*, `auth_role_user`.`user_id` as `pivot_user_id`, `auth_role_user`.`role_id` as `pivot_role_id` from `auth_roles` inner join `auth_role_user` on `auth_roles`.`id` = `auth_role_user`.`role_id` where `auth_role_user`.`user_id` = ? [34.03ms] ["2000000003"] []
[2018-02-07 02:48:16] sql.INFO: select `auth_permissions`.*, `auth_permission_role`.`role_id` as `pivot_role_id`, `auth_permission_role`.`permission_id` as `pivot_permission_id` from `auth_permissions` inner join `auth_permission_role` on `auth_permissions`.`id` = `auth_permission_role`.`permission_id` where `auth_permission_role`.`role_id` = ? [37.91ms] [1] []
[2018-02-07 02:48:16] sql.INFO: select count(*) as aggregate from `system_news` where 1=1 [33.87ms] [] []
[2018-02-07 02:48:16] sql.INFO: select * from `system_news` where 1=1 order by `news_time` desc limit 15 offset 0 [73.27ms] [] []
[2018-02-07 02:48:16] sql.INFO: select * from `system_type` where `system_type`.`type_key` in (?, ?, ?) [34.74ms] ["announce","edu","news"] []
[2018-02-07 02:48:16] sql.INFO: select * from `system_type` where `type_ck` = ? [34.62ms] ["news"] []
[2018-02-07 02:48:16] sql.INFO: select * from `auth_actions` where `is_menu` = ? order by `rank` desc, `id` asc [37.25ms] ["y"] []
[2018-02-07 02:48:25] sql.INFO: select * from `system_userinfo` where `userId` = ? limit 1 [28.82ms] ["2000000003"] []
[2018-02-07 02:48:25] sql.INFO: select * from `auth_actions` where `domain` = ? and `module` = ? and `link` = ? limit 1 [27.11ms] ["user","Admin","/article/list"] []
[2018-02-07 02:48:25] sql.INFO: select `auth_roles`.*, `auth_role_user`.`user_id` as `pivot_user_id`, `auth_role_user`.`role_id` as `pivot_role_id` from `auth_roles` inner join `auth_role_user` on `auth_roles`.`id` = `auth_role_user`.`role_id` where `auth_role_user`.`user_id` = ? [27.48ms] ["2000000003"] []
[2018-02-07 02:48:25] sql.INFO: select `auth_permissions`.*, `auth_permission_role`.`role_id` as `pivot_role_id`, `auth_permission_role`.`permission_id` as `pivot_permission_id` from `auth_permissions` inner join `auth_permission_role` on `auth_permissions`.`id` = `auth_permission_role`.`permission_id` where `auth_permission_role`.`role_id` = ? [28.66ms] [1] []
[2018-02-07 02:48:25] sql.INFO: select count(*) as aggregate from `system_news` where 1=1 [26.42ms] [] []
[2018-02-07 02:48:25] sql.INFO: select * from `system_news` where 1=1 order by `news_time` desc limit 15 offset 15 [58.89ms] [] []
[2018-02-07 02:48:25] sql.INFO: select * from `system_type` where `system_type`.`type_key` in (?, ?, ?, ?) [26.84ms] ["edu","news","notice","announce"] []
[2018-02-07 02:48:25] sql.INFO: select * from `system_type` where `type_ck` = ? [26.69ms] ["news"] []
[2018-02-07 02:48:25] sql.INFO: select * from `auth_actions` where `is_menu` = ? order by `rank` desc, `id` asc [30.44ms] ["y"] []
[2018-02-07 02:49:24] sql.INFO: select * from `system_userinfo` where `userId` = ? limit 1 [34.32ms] ["2000000003"] []
[2018-02-07 02:49:24] sql.INFO: select * from `auth_actions` where `domain` = ? and `module` = ? and `link` = ? limit 1 [33.25ms] ["user","Admin","/index/index"] []
[2018-02-07 02:49:24] sql.INFO: select `auth_roles`.*, `auth_role_user`.`user_id` as `pivot_user_id`, `auth_role_user`.`role_id` as `pivot_role_id` from `auth_roles` inner join `auth_role_user` on `auth_roles`.`id` = `auth_role_user`.`role_id` where `auth_role_user`.`user_id` = ? [32.96ms] ["2000000003"] []
[2018-02-07 02:49:24] sql.INFO: select `auth_permissions`.*, `auth_permission_role`.`role_id` as `pivot_role_id`, `auth_permission_role`.`permission_id` as `pivot_permission_id` from `auth_permissions` inner join `auth_permission_role` on `auth_permissions`.`id` = `auth_permission_role`.`permission_id` where `auth_permission_role`.`role_id` = ? [35.59ms] [1] []
[2018-02-07 02:49:24] sql.INFO: select * from `auth_actions` where `is_menu` = ? order by `rank` desc, `id` asc [35.91ms] ["y"] []
[2018-02-07 02:49:29] sql.INFO: select * from `system_userinfo` where `userId` = ? limit 1 [39.54ms] ["2000000003"] []
[2018-02-07 02:49:29] sql.INFO: select * from `auth_actions` where `domain` = ? and `module` = ? and `link` = ? limit 1 [35.15ms] ["user","Admin","/article/list"] []
[2018-02-07 02:49:29] sql.INFO: select `auth_roles`.*, `auth_role_user`.`user_id` as `pivot_user_id`, `auth_role_user`.`role_id` as `pivot_role_id` from `auth_roles` inner join `auth_role_user` on `auth_roles`.`id` = `auth_role_user`.`role_id` where `auth_role_user`.`user_id` = ? [38.87ms] ["2000000003"] []
[2018-02-07 02:49:29] sql.INFO: select `auth_permissions`.*, `auth_permission_role`.`role_id` as `pivot_role_id`, `auth_permission_role`.`permission_id` as `pivot_permission_id` from `auth_permissions` inner join `auth_permission_role` on `auth_permissions`.`id` = `auth_permission_role`.`permission_id` where `auth_permission_role`.`role_id` = ? [40.27ms] [1] []
[2018-02-07 02:49:29] sql.INFO: select count(*) as aggregate from `system_news` where 1=1 [42.66ms] [] []
[2018-02-07 02:49:29] sql.INFO: select * from `system_news` where 1=1 order by `news_time` desc limit 15 offset 0 [77.52ms] [] []
[2018-02-07 02:49:29] sql.INFO: select * from `system_type` where `system_type`.`type_key` in (?, ?, ?) [33.75ms] ["announce","edu","news"] []
[2018-02-07 02:49:29] sql.INFO: select * from `system_type` where `type_ck` = ? [32.68ms] ["news"] []
[2018-02-07 02:49:29] sql.INFO: select * from `auth_actions` where `is_menu` = ? order by `rank` desc, `id` asc [34.58ms] ["y"] []
[2018-02-07 06:42:18] sql.INFO: select * from `system_userinfo` where `phone` = ? limit 1 [42.37ms] ["13774770527"] []
[2018-02-07 06:47:27] sql.INFO: select * from `system_userinfo` where `phone` = ? limit 1 [29.18ms] ["18959333600"] []
[2018-02-07 06:47:36] sql.INFO: select * from `system_userinfo` where `phone` = ? limit 1 [35.34ms] ["18959333600"] []
[2018-02-07 06:48:30] sql.INFO: select * from `system_userinfo` where `phone` = ? limit 1 [35.39ms] ["18959333600"] []
[2018-02-07 06:49:06] sql.INFO: select * from `system_userinfo` where `phone` = ? limit 1 [37.62ms] ["18959333600"] []
[2018-02-07 06:50:05] sql.INFO: select * from `system_userinfo` where `phone` = ? limit 1 [44.01ms] ["18959333600"] []
